<?xml version="1.0" encoding="UTF-8"?>
<testsuite xmlns:xsi="http://www.w3.org/2001/XMLSchema-instance" xsi:noNamespaceSchemaLocation="https://maven.apache.org/surefire/maven-surefire-plugin/xsd/surefire-test-report-3.0.xsd" version="3.0" name="uk.ac.ed.inf.pizzadrone.controllerUnitTest.CalcDeliveryPathControllerTest" time="1.206" tests="1" errors="0" skipped="0" failures="0">
  <properties>
[...]
</properties>
  <testcase name="testCalcDeliveryPaths" classname="uk.ac.ed.inf.pizzadrone.controllerUnitTest.CalcDeliveryPathControllerTest" time="0.297">
    <system-out><![CDATA[2025-01-16T16:58:20.388Z  INFO 26144 --- [PizzaDrone] [           main] t.c.s.AnnotationConfigContextLoaderUtils : Could not detect default configuration classes for test class [uk.ac.ed.inf.pizzadrone.controllerUnitTest.CalcDeliveryPathControllerTest]: CalcDeliveryPathControllerTest does not declare any static, non-private, non-final, nested classes annotated with @Configuration.
2025-01-16T16:58:20.394Z  INFO 26144 --- [PizzaDrone] [           main] .b.t.c.SpringBootTestContextBootstrapper : Found @SpringBootConfiguration uk.ac.ed.inf.pizzadrone.PizzaDroneApplication for test class uk.ac.ed.inf.pizzadrone.controllerUnitTest.CalcDeliveryPathControllerTest

  .   ____          _            __ _ _
 /\\ / ___'_ __ _ _(_)_ __  __ _ \ \ \ \
( ( )\___ | '_ | '_| | '_ \/ _` | \ \ \ \
 \\/  ___)| |_)| | | | | || (_| |  ) ) ) )
  '  |____| .__|_| |_|_| |_\__, | / / / /
 =========|_|==============|___/=/_/_/_/

 :: Spring Boot ::                (v3.3.4)

2025-01-16T16:58:20.505Z  INFO 26144 --- [PizzaDrone] [           main] a.e.i.p.c.CalcDeliveryPathControllerTest : Starting CalcDeliveryPathControllerTest using Java 22.0.1 with PID 26144 (started by 13785 in C:\Users\13785\OneDrive\Desktop\s2465111ILP)
2025-01-16T16:58:20.506Z  INFO 26144 --- [PizzaDrone] [           main] a.e.i.p.c.CalcDeliveryPathControllerTest : No active profile set, falling back to 1 default profile: "default"
2025-01-16T16:58:21.276Z  INFO 26144 --- [PizzaDrone] [           main] a.e.i.p.c.CalcDeliveryPathControllerTest : Started CalcDeliveryPathControllerTest in 0.87 seconds (process running for 9.015)
2025-01-16T16:58:21.320Z  INFO 26144 --- [PizzaDrone] [           main] o.s.mock.web.MockServletContext          : Initializing Spring TestDispatcherServlet ''
2025-01-16T16:58:21.320Z  INFO 26144 --- [PizzaDrone] [           main] o.s.t.web.servlet.TestDispatcherServlet  : Initializing Servlet ''
2025-01-16T16:58:21.321Z  INFO 26144 --- [PizzaDrone] [           main] o.s.t.web.servlet.TestDispatcherServlet  : Completed initialization in 1 ms
2025-01-16T16:58:21.432Z  WARN 26144 --- [PizzaDrone] [           main] a.e.i.p.c.CalcDeliveryPathControllerTest : Skipping order due to missing 'valid' field: {orderNo=0432B7BB, orderDate=2025-01-16, orderStatus=INVALID, orderValidationCode=CARD_NUMBER_INVALID, priceTotalInPence=2400, pizzasInOrder=[{name=R3: Super Cheese, priceInPence=1400}, {name=R3: All Shrooms, priceInPence=900}], creditCardInformation={creditCardNumber=315516, creditCardExpiry=01/26, cvv=395}}
2025-01-16T16:58:21.433Z  WARN 26144 --- [PizzaDrone] [           main] a.e.i.p.c.CalcDeliveryPathControllerTest : Skipping order due to missing 'valid' field: {orderNo=49CEBFE2, orderDate=2025-01-16, orderStatus=INVALID, orderValidationCode=EXPIRY_DATE_INVALID, priceTotalInPence=2400, pizzasInOrder=[{name=R3: Super Cheese, priceInPence=1400}, {name=R3: All Shrooms, priceInPence=900}], creditCardInformation={creditCardNumber=5384306995608086, creditCardExpiry=16/11, cvv=284}}
2025-01-16T16:58:21.433Z  WARN 26144 --- [PizzaDrone] [           main] a.e.i.p.c.CalcDeliveryPathControllerTest : Skipping order due to missing 'valid' field: {orderNo=4C819EB1, orderDate=2025-01-16, orderStatus=INVALID, orderValidationCode=CVV_INVALID, priceTotalInPence=2400, pizzasInOrder=[{name=R3: Super Cheese, priceInPence=1400}, {name=R3: All Shrooms, priceInPence=900}], creditCardInformation={creditCardNumber=5184418681979374, creditCardExpiry=03/25, cvv=59710}}
2025-01-16T16:58:21.433Z  WARN 26144 --- [PizzaDrone] [           main] a.e.i.p.c.CalcDeliveryPathControllerTest : Skipping order due to missing 'valid' field: {orderNo=37ED2A32, orderDate=2025-01-16, orderStatus=INVALID, orderValidationCode=TOTAL_INCORRECT, priceTotalInPence=2323, pizzasInOrder=[{name=R3: Super Cheese, priceInPence=1400}, {name=R3: All Shrooms, priceInPence=900}], creditCardInformation={creditCardNumber=4978586835242627, creditCardExpiry=12/25, cvv=712}}
2025-01-16T16:58:21.433Z  WARN 26144 --- [PizzaDrone] [           main] a.e.i.p.c.CalcDeliveryPathControllerTest : Skipping order due to missing 'valid' field: {orderNo=1C41925C, orderDate=2025-01-16, orderStatus=INVALID, orderValidationCode=PIZZA_NOT_DEFINED, priceTotalInPence=498705280, pizzasInOrder=[{name=R7: Hot, hotter, the hottest, priceInPence=1400}, {name=R7: All you ever wanted, priceInPence=900}, {name=Pizza-Surprise , priceInPence=498702880}], creditCardInformation={creditCardNumber=4757090678689470, creditCardExpiry=09/25, cvv=884}}
2025-01-16T16:58:21.434Z  WARN 26144 --- [PizzaDrone] [           main] a.e.i.p.c.CalcDeliveryPathControllerTest : Skipping order due to missing 'valid' field: {orderNo=747AA78E, orderDate=2025-01-16, orderStatus=INVALID, orderValidationCode=MAX_PIZZA_COUNT_EXCEEDED, priceTotalInPence=8200, pizzasInOrder=[{name=R2: Meat Lover, priceInPence=1400}, {name=R2: Vegan Delight, priceInPence=1100}, {name=R2: Meat Lover, priceInPence=1400}, {name=R2: Meat Lover, priceInPence=1400}, {name=R2: Meat Lover, priceInPence=1400}, {name=R2: Meat Lover, priceInPence=1400}], creditCardInformation={creditCardNumber=4098666711234081, creditCardExpiry=05/25, cvv=283}}
2025-01-16T16:58:21.434Z  WARN 26144 --- [PizzaDrone] [           main] a.e.i.p.c.CalcDeliveryPathControllerTest : Skipping order due to missing 'valid' field: {orderNo=6567EC9D, orderDate=2025-01-16, orderStatus=INVALID, orderValidationCode=PIZZA_FROM_MULTIPLE_RESTAURANTS, priceTotalInPence=3800, pizzasInOrder=[{name=R5: Pizza Dream, priceInPence=1400}, {name=R5: My kind of pizza, priceInPence=900}, {name=R2: Meat Lover, priceInPence=1400}], creditCardInformation={creditCardNumber=4660697408655732, creditCardExpiry=09/25, cvv=207}}
2025-01-16T16:58:21.434Z  WARN 26144 --- [PizzaDrone] [           main] a.e.i.p.c.CalcDeliveryPathControllerTest : Skipping order due to missing 'valid' field: {orderNo=4A9C1ACA, orderDate=2025-01-16, orderStatus=INVALID, orderValidationCode=RESTAURANT_CLOSED, priceTotalInPence=1100, pizzasInOrder=[{name=R1: Margarita, priceInPence=1000}], creditCardInformation={creditCardNumber=4903617705650118, creditCardExpiry=08/25, cvv=073}}
2025-01-16T16:58:21.434Z  WARN 26144 --- [PizzaDrone] [           main] a.e.i.p.c.CalcDeliveryPathControllerTest : Skipping order due to missing 'valid' field: {orderNo=0CA0D236, orderDate=2025-01-16, orderStatus=INVALID, orderValidationCode=PRICE_FOR_PIZZA_INVALID, priceTotalInPence=2500, pizzasInOrder=[{name=R3: All Shrooms, priceInPence=900}, {name=R3: Super Cheese, priceInPence=1500}], creditCardInformation={creditCardNumber=5491586837494544, creditCardExpiry=11/25, cvv=744}}
2025-01-16T16:58:21.434Z  WARN 26144 --- [PizzaDrone] [           main] a.e.i.p.c.CalcDeliveryPathControllerTest : Skipping order due to missing 'valid' field: {orderNo=738E0A3E, orderDate=2025-01-16, orderStatus=INVALID, orderValidationCode=EMPTY_ORDER, priceTotalInPence=100, pizzasInOrder=[], creditCardInformation={creditCardNumber=4936937225999089, creditCardExpiry=12/25, cvv=205}}
2025-01-16T16:58:21.434Z  WARN 26144 --- [PizzaDrone] [           main] a.e.i.p.c.CalcDeliveryPathControllerTest : Skipping order due to missing 'valid' field: {orderNo=0E76668B, orderDate=2025-01-17, orderStatus=INVALID, orderValidationCode=CARD_NUMBER_INVALID, priceTotalInPence=2400, pizzasInOrder=[{name=R7: Hot, hotter, the hottest, priceInPence=1400}, {name=R7: All you ever wanted, priceInPence=900}], creditCardInformation={creditCardNumber=699414871, creditCardExpiry=03/25, cvv=093}}
2025-01-16T16:58:21.435Z  WARN 26144 --- [PizzaDrone] [           main] a.e.i.p.c.CalcDeliveryPathControllerTest : Skipping order due to missing 'valid' field: {orderNo=032B7564, orderDate=2025-01-17, orderStatus=INVALID, orderValidationCode=EXPIRY_DATE_INVALID, priceTotalInPence=2400, pizzasInOrder=[{name=R3: Super Cheese, priceInPence=1400}, {name=R3: All Shrooms, priceInPence=900}], creditCardInformation={creditCardNumber=4549725810764664, creditCardExpiry=14/09, cvv=501}}
2025-01-16T16:58:21.435Z  WARN 26144 --- [PizzaDrone] [           main] a.e.i.p.c.CalcDeliveryPathControllerTest : Skipping order due to missing 'valid' field: {orderNo=2C3AEF62, orderDate=2025-01-17, orderStatus=INVALID, orderValidationCode=CVV_INVALID, priceTotalInPence=2400, pizzasInOrder=[{name=R3: Super Cheese, priceInPence=1400}, {name=R3: All Shrooms, priceInPence=900}], creditCardInformation={creditCardNumber=4146274226538385, creditCardExpiry=02/26, cvv=6790907}}
2025-01-16T16:58:21.435Z  WARN 26144 --- [PizzaDrone] [           main] a.e.i.p.c.CalcDeliveryPathControllerTest : Skipping order due to missing 'valid' field: {orderNo=4E3AC25E, orderDate=2025-01-17, orderStatus=INVALID, orderValidationCode=TOTAL_INCORRECT, priceTotalInPence=2790, pizzasInOrder=[{name=R2: Meat Lover, priceInPence=1400}, {name=R2: Vegan Delight, priceInPence=1100}], creditCardInformation={creditCardNumber=5494750059688814, creditCardExpiry=06/25, cvv=416}}
2025-01-16T16:58:21.435Z  WARN 26144 --- [PizzaDrone] [           main] a.e.i.p.c.CalcDeliveryPathControllerTest : Skipping order due to missing 'valid' field: {orderNo=20C54589, orderDate=2025-01-17, orderStatus=INVALID, orderValidationCode=PIZZA_NOT_DEFINED, priceTotalInPence=498705480, pizzasInOrder=[{name=R2: Meat Lover, priceInPence=1400}, {name=R2: Vegan Delight, priceInPence=1100}, {name=Pizza-Surprise , priceInPence=498702880}], creditCardInformation={creditCardNumber=4596750359249366, creditCardExpiry=05/25, cvv=724}}
2025-01-16T16:58:21.435Z  WARN 26144 --- [PizzaDrone] [           main] a.e.i.p.c.CalcDeliveryPathControllerTest : Skipping order due to missing 'valid' field: {orderNo=1EC40E6E, orderDate=2025-01-17, orderStatus=INVALID, orderValidationCode=MAX_PIZZA_COUNT_EXCEEDED, priceTotalInPence=8200, pizzasInOrder=[{name=R2: Meat Lover, priceInPence=1400}, {name=R2: Vegan Delight, priceInPence=1100}, {name=R2: Meat Lover, priceInPence=1400}, {name=R2: Meat Lover, priceInPence=1400}, {name=R2: Meat Lover, priceInPence=1400}, {name=R2: Meat Lover, priceInPence=1400}], creditCardInformation={creditCardNumber=4114951687942325, creditCardExpiry=12/25, cvv=632}}
2025-01-16T16:58:21.436Z  WARN 26144 --- [PizzaDrone] [           main] a.e.i.p.c.CalcDeliveryPathControllerTest : Skipping order due to missing 'valid' field: {orderNo=5039AE28, orderDate=2025-01-17, orderStatus=INVALID, orderValidationCode=PIZZA_FROM_MULTIPLE_RESTAURANTS, priceTotalInPence=3400, pizzasInOrder=[{name=R3: Super Cheese, priceInPence=1400}, {name=R3: All Shrooms, priceInPence=900}, {name=R1: Margarita, priceInPence=1000}], creditCardInformation={creditCardNumber=4632345477823097, creditCardExpiry=11/25, cvv=021}}
2025-01-16T16:58:21.436Z  WARN 26144 --- [PizzaDrone] [           main] a.e.i.p.c.CalcDeliveryPathControllerTest : Skipping order due to missing 'valid' field: {orderNo=198E7CDF, orderDate=2025-01-17, orderStatus=INVALID, orderValidationCode=RESTAURANT_CLOSED, priceTotalInPence=1500, pizzasInOrder=[{name=R4: Proper Pizza, priceInPence=1400}], creditCardInformation={creditCardNumber=2221724980552529, creditCardExpiry=10/25, cvv=089}}
2025-01-16T16:58:21.436Z  WARN 26144 --- [PizzaDrone] [           main] a.e.i.p.c.CalcDeliveryPathControllerTest : Skipping order due to missing 'valid' field: {orderNo=67815AD2, orderDate=2025-01-17, orderStatus=INVALID, orderValidationCode=PRICE_FOR_PIZZA_INVALID, priceTotalInPence=2500, pizzasInOrder=[{name=R7: All you ever wanted, priceInPence=900}, {name=R7: Hot, hotter, the hottest, priceInPence=1500}], creditCardInformation={creditCardNumber=4226185745955004, creditCardExpiry=04/25, cvv=877}}
2025-01-16T16:58:21.436Z  WARN 26144 --- [PizzaDrone] [           main] a.e.i.p.c.CalcDeliveryPathControllerTest : Skipping order due to missing 'valid' field: {orderNo=505360E4, orderDate=2025-01-17, orderStatus=INVALID, orderValidationCode=EMPTY_ORDER, priceTotalInPence=100, pizzasInOrder=[], creditCardInformation={creditCardNumber=4406096625679139, creditCardExpiry=08/25, cvv=357}}
2025-01-16T16:58:21.436Z  WARN 26144 --- [PizzaDrone] [           main] a.e.i.p.c.CalcDeliveryPathControllerTest : Skipping order due to missing 'valid' field: {orderNo=3C371692, orderDate=2025-01-18, orderStatus=INVALID, orderValidationCode=CARD_NUMBER_INVALID, priceTotalInPence=2400, pizzasInOrder=[{name=R4: Proper Pizza, priceInPence=1400}, {name=R4: Pineapple & Ham & Cheese, priceInPence=900}], creditCardInformation={creditCardNumber=657145, creditCardExpiry=02/26, cvv=474}}
2025-01-16T16:58:21.437Z  WARN 26144 --- [PizzaDrone] [           main] a.e.i.p.c.CalcDeliveryPathControllerTest : Skipping order due to missing 'valid' field: {orderNo=19AFC33A, orderDate=2025-01-18, orderStatus=INVALID, orderValidationCode=EXPIRY_DATE_INVALID, priceTotalInPence=2400, pizzasInOrder=[{name=R4: Proper Pizza, priceInPence=1400}, {name=R4: Pineapple & Ham & Cheese, priceInPence=900}], creditCardInformation={creditCardNumber=2720209290873332, creditCardExpiry=06/03, cvv=513}}
2025-01-16T16:58:21.437Z  WARN 26144 --- [PizzaDrone] [           main] a.e.i.p.c.CalcDeliveryPathControllerTest : Skipping order due to missing 'valid' field: {orderNo=2FADA956, orderDate=2025-01-18, orderStatus=INVALID, orderValidationCode=CVV_INVALID, priceTotalInPence=2400, pizzasInOrder=[{name=R6: Sucuk delight, priceInPence=1400}, {name=R6: Dreams of Syria, priceInPence=900}], creditCardInformation={creditCardNumber=5289906771514568, creditCardExpiry=05/25, cvv=4829}}
2025-01-16T16:58:21.437Z  WARN 26144 --- [PizzaDrone] [           main] a.e.i.p.c.CalcDeliveryPathControllerTest : Skipping order due to missing 'valid' field: {orderNo=69AA213C, orderDate=2025-01-18, orderStatus=INVALID, orderValidationCode=TOTAL_INCORRECT, priceTotalInPence=2472, pizzasInOrder=[{name=R1: Margarita, priceInPence=1000}, {name=R1: Calzone, priceInPence=1400}], creditCardInformation={creditCardNumber=2720293857969089, creditCardExpiry=07/25, cvv=189}}
2025-01-16T16:58:21.437Z  WARN 26144 --- [PizzaDrone] [           main] a.e.i.p.c.CalcDeliveryPathControllerTest : Skipping order due to missing 'valid' field: {orderNo=78BEEC14, orderDate=2025-01-18, orderStatus=INVALID, orderValidationCode=PIZZA_NOT_DEFINED, priceTotalInPence=498705280, pizzasInOrder=[{name=R6: Sucuk delight, priceInPence=1400}, {name=R6: Dreams of Syria, priceInPence=900}, {name=Pizza-Surprise , priceInPence=498702880}], creditCardInformation={creditCardNumber=4293996791319046, creditCardExpiry=04/25, cvv=374}}
2025-01-16T16:58:21.437Z  WARN 26144 --- [PizzaDrone] [           main] a.e.i.p.c.CalcDeliveryPathControllerTest : Skipping order due to missing 'valid' field: {orderNo=0D6E8B58, orderDate=2025-01-18, orderStatus=INVALID, orderValidationCode=MAX_PIZZA_COUNT_EXCEEDED, priceTotalInPence=8000, pizzasInOrder=[{name=R3: Super Cheese, priceInPence=1400}, {name=R3: All Shrooms, priceInPence=900}, {name=R3: Super Cheese, priceInPence=1400}, {name=R3: Super Cheese, priceInPence=1400}, {name=R3: Super Cheese, priceInPence=1400}, {name=R3: Super Cheese, priceInPence=1400}], creditCardInformation={creditCardNumber=5259241677111095, creditCardExpiry=06/25, cvv=467}}
2025-01-16T16:58:21.437Z  WARN 26144 --- [PizzaDrone] [           main] a.e.i.p.c.CalcDeliveryPathControllerTest : Skipping order due to missing 'valid' field: {orderNo=65B59621, orderDate=2025-01-18, orderStatus=INVALID, orderValidationCode=PIZZA_FROM_MULTIPLE_RESTAURANTS, priceTotalInPence=3400, pizzasInOrder=[{name=R6: Sucuk delight, priceInPence=1400}, {name=R6: Dreams of Syria, priceInPence=900}, {name=R1: Margarita, priceInPence=1000}], creditCardInformation={creditCardNumber=2221630011361857, creditCardExpiry=06/25, cvv=136}}
2025-01-16T16:58:21.437Z  WARN 26144 --- [PizzaDrone] [           main] a.e.i.p.c.CalcDeliveryPathControllerTest : Skipping order due to missing 'valid' field: {orderNo=056D9E28, orderDate=2025-01-18, orderStatus=INVALID, orderValidationCode=RESTAURANT_CLOSED, priceTotalInPence=1500, pizzasInOrder=[{name=R2: Meat Lover, priceInPence=1400}], creditCardInformation={creditCardNumber=2221172988696221, creditCardExpiry=11/25, cvv=204}}
2025-01-16T16:58:21.437Z  WARN 26144 --- [PizzaDrone] [           main] a.e.i.p.c.CalcDeliveryPathControllerTest : Skipping order due to missing 'valid' field: {orderNo=437B2C48, orderDate=2025-01-18, orderStatus=INVALID, orderValidationCode=PRICE_FOR_PIZZA_INVALID, priceTotalInPence=2500, pizzasInOrder=[{name=R4: Pineapple & Ham & Cheese, priceInPence=900}, {name=R4: Proper Pizza, priceInPence=1500}], creditCardInformation={creditCardNumber=4913232859852227, creditCardExpiry=01/26, cvv=960}}
2025-01-16T16:58:21.438Z  WARN 26144 --- [PizzaDrone] [           main] a.e.i.p.c.CalcDeliveryPathControllerTest : Skipping order due to missing 'valid' field: {orderNo=594AD08E, orderDate=2025-01-18, orderStatus=INVALID, orderValidationCode=EMPTY_ORDER, priceTotalInPence=100, pizzasInOrder=[], creditCardInformation={creditCardNumber=4957946013661425, creditCardExpiry=04/25, cvv=463}}
2025-01-16T16:58:21.438Z  WARN 26144 --- [PizzaDrone] [           main] a.e.i.p.c.CalcDeliveryPathControllerTest : Skipping order due to missing 'valid' field: {orderNo=5EC7238A, orderDate=2025-01-19, orderStatus=INVALID, orderValidationCode=CARD_NUMBER_INVALID, priceTotalInPence=2400, pizzasInOrder=[{name=R4: Proper Pizza, priceInPence=1400}, {name=R4: Pineapple & Ham & Cheese, priceInPence=900}], creditCardInformation={creditCardNumber=58825984, creditCardExpiry=03/26, cvv=362}}
2025-01-16T16:58:21.438Z  WARN 26144 --- [PizzaDrone] [           main] a.e.i.p.c.CalcDeliveryPathControllerTest : Skipping order due to missing 'valid' field: {orderNo=2755CB99, orderDate=2025-01-19, orderStatus=INVALID, orderValidationCode=EXPIRY_DATE_INVALID, priceTotalInPence=2500, pizzasInOrder=[{name=R1: Margarita, priceInPence=1000}, {name=R1: Calzone, priceInPence=1400}], creditCardInformation={creditCardNumber=5406248117762983, creditCardExpiry=03/05, cvv=831}}
2025-01-16T16:58:21.438Z  WARN 26144 --- [PizzaDrone] [           main] a.e.i.p.c.CalcDeliveryPathControllerTest : Skipping order due to missing 'valid' field: {orderNo=5531734C, orderDate=2025-01-19, orderStatus=INVALID, orderValidationCode=CVV_INVALID, priceTotalInPence=2400, pizzasInOrder=[{name=R6: Sucuk delight, priceInPence=1400}, {name=R6: Dreams of Syria, priceInPence=900}], creditCardInformation={creditCardNumber=4000645412851747, creditCardExpiry=02/26, cvv=597706}}
2025-01-16T16:58:21.438Z  WARN 26144 --- [PizzaDrone] [           main] a.e.i.p.c.CalcDeliveryPathControllerTest : Skipping order due to missing 'valid' field: {orderNo=0F505909, orderDate=2025-01-19, orderStatus=INVALID, orderValidationCode=TOTAL_INCORRECT, priceTotalInPence=3371, pizzasInOrder=[{name=R4: Proper Pizza, priceInPence=1400}, {name=R4: Pineapple & Ham & Cheese, priceInPence=900}], creditCardInformation={creditCardNumber=4305624644154990, creditCardExpiry=09/25, cvv=306}}
2025-01-16T16:58:21.439Z  WARN 26144 --- [PizzaDrone] [           main] a.e.i.p.c.CalcDeliveryPathControllerTest : Skipping order due to missing 'valid' field: {orderNo=52085A5E, orderDate=2025-01-19, orderStatus=INVALID, orderValidationCode=PIZZA_NOT_DEFINED, priceTotalInPence=498705380, pizzasInOrder=[{name=R1: Margarita, priceInPence=1000}, {name=R1: Calzone, priceInPence=1400}, {name=Pizza-Surprise , priceInPence=498702880}], creditCardInformation={creditCardNumber=2221135780859248, creditCardExpiry=12/25, cvv=509}}
2025-01-16T16:58:21.439Z  WARN 26144 --- [PizzaDrone] [           main] a.e.i.p.c.CalcDeliveryPathControllerTest : Skipping order due to missing 'valid' field: {orderNo=18590BA6, orderDate=2025-01-19, orderStatus=INVALID, orderValidationCode=MAX_PIZZA_COUNT_EXCEEDED, priceTotalInPence=8000, pizzasInOrder=[{name=R3: Super Cheese, priceInPence=1400}, {name=R3: All Shrooms, priceInPence=900}, {name=R3: Super Cheese, priceInPence=1400}, {name=R3: Super Cheese, priceInPence=1400}, {name=R3: Super Cheese, priceInPence=1400}, {name=R3: Super Cheese, priceInPence=1400}], creditCardInformation={creditCardNumber=5159512067061327, creditCardExpiry=02/25, cvv=774}}
2025-01-16T16:58:21.439Z  WARN 26144 --- [PizzaDrone] [           main] a.e.i.p.c.CalcDeliveryPathControllerTest : Skipping order due to missing 'valid' field: {orderNo=236ED53A, orderDate=2025-01-19, orderStatus=INVALID, orderValidationCode=PIZZA_FROM_MULTIPLE_RESTAURANTS, priceTotalInPence=3400, pizzasInOrder=[{name=R4: Proper Pizza, priceInPence=1400}, {name=R4: Pineapple & Ham & Cheese, priceInPence=900}, {name=R1: Margarita, priceInPence=1000}], creditCardInformation={creditCardNumber=2221437256455463, creditCardExpiry=02/26, cvv=460}}
2025-01-16T16:58:21.439Z  WARN 26144 --- [PizzaDrone] [           main] a.e.i.p.c.CalcDeliveryPathControllerTest : Skipping order due to missing 'valid' field: {orderNo=535A0276, orderDate=2025-01-19, orderStatus=INVALID, orderValidationCode=RESTAURANT_CLOSED, priceTotalInPence=1500, pizzasInOrder=[{name=R2: Meat Lover, priceInPence=1400}], creditCardInformation={creditCardNumber=5380154373097892, creditCardExpiry=01/26, cvv=701}}
2025-01-16T16:58:21.439Z  WARN 26144 --- [PizzaDrone] [           main] a.e.i.p.c.CalcDeliveryPathControllerTest : Skipping order due to missing 'valid' field: {orderNo=34B7A7B3, orderDate=2025-01-19, orderStatus=INVALID, orderValidationCode=PRICE_FOR_PIZZA_INVALID, priceTotalInPence=2600, pizzasInOrder=[{name=R1: Calzone, priceInPence=1400}, {name=R1: Margarita, priceInPence=1100}], creditCardInformation={creditCardNumber=5535941781630494, creditCardExpiry=07/25, cvv=849}}
2025-01-16T16:58:21.439Z  WARN 26144 --- [PizzaDrone] [           main] a.e.i.p.c.CalcDeliveryPathControllerTest : Skipping order due to missing 'valid' field: {orderNo=2131AAB7, orderDate=2025-01-19, orderStatus=INVALID, orderValidationCode=EMPTY_ORDER, priceTotalInPence=100, pizzasInOrder=[], creditCardInformation={creditCardNumber=4657312829483483, creditCardExpiry=02/26, cvv=082}}
2025-01-16T16:58:21.439Z  WARN 26144 --- [PizzaDrone] [           main] a.e.i.p.c.CalcDeliveryPathControllerTest : Skipping order due to missing 'valid' field: {orderNo=20DD1A7E, orderDate=2025-01-20, orderStatus=INVALID, orderValidationCode=CARD_NUMBER_INVALID, priceTotalInPence=2600, pizzasInOrder=[{name=R2: Meat Lover, priceInPence=1400}, {name=R2: Vegan Delight, priceInPence=1100}], creditCardInformation={creditCardNumber=6234339, creditCardExpiry=10/25, cvv=387}}
2025-01-16T16:58:21.439Z  WARN 26144 --- [PizzaDrone] [           main] a.e.i.p.c.CalcDeliveryPathControllerTest : Skipping order due to missing 'valid' field: {orderNo=014A4B65, orderDate=2025-01-20, orderStatus=INVALID, orderValidationCode=EXPIRY_DATE_INVALID, priceTotalInPence=2400, pizzasInOrder=[{name=R6: Sucuk delight, priceInPence=1400}, {name=R6: Dreams of Syria, priceInPence=900}], creditCardInformation={creditCardNumber=4898263291474782, creditCardExpiry=03/06, cvv=555}}
2025-01-16T16:58:21.439Z  WARN 26144 --- [PizzaDrone] [           main] a.e.i.p.c.CalcDeliveryPathControllerTest : Skipping order due to missing 'valid' field: {orderNo=5FF2CE4E, orderDate=2025-01-20, orderStatus=INVALID, orderValidationCode=CVV_INVALID, priceTotalInPence=2400, pizzasInOrder=[{name=R5: Pizza Dream, priceInPence=1400}, {name=R5: My kind of pizza, priceInPence=900}], creditCardInformation={creditCardNumber=4004355374244131, creditCardExpiry=03/25, cvv=37}}
2025-01-16T16:58:21.440Z  WARN 26144 --- [PizzaDrone] [           main] a.e.i.p.c.CalcDeliveryPathControllerTest : Skipping order due to missing 'valid' field: {orderNo=1CEB2C13, orderDate=2025-01-20, orderStatus=INVALID, orderValidationCode=TOTAL_INCORRECT, priceTotalInPence=2481, pizzasInOrder=[{name=R5: Pizza Dream, priceInPence=1400}, {name=R5: My kind of pizza, priceInPence=900}], creditCardInformation={creditCardNumber=2720630377317572, creditCardExpiry=08/25, cvv=668}}
2025-01-16T16:58:21.440Z  WARN 26144 --- [PizzaDrone] [           main] a.e.i.p.c.CalcDeliveryPathControllerTest : Skipping order due to missing 'valid' field: {orderNo=173C4E32, orderDate=2025-01-20, orderStatus=INVALID, orderValidationCode=PIZZA_NOT_DEFINED, priceTotalInPence=498705380, pizzasInOrder=[{name=R1: Margarita, priceInPence=1000}, {name=R1: Calzone, priceInPence=1400}, {name=Pizza-Surprise , priceInPence=498702880}], creditCardInformation={creditCardNumber=4088393688734181, creditCardExpiry=04/25, cvv=107}}
2025-01-16T16:58:21.440Z  WARN 26144 --- [PizzaDrone] [           main] a.e.i.p.c.CalcDeliveryPathControllerTest : Skipping order due to missing 'valid' field: {orderNo=0569AA9B, orderDate=2025-01-20, orderStatus=INVALID, orderValidationCode=MAX_PIZZA_COUNT_EXCEEDED, priceTotalInPence=8000, pizzasInOrder=[{name=R5: Pizza Dream, priceInPence=1400}, {name=R5: My kind of pizza, priceInPence=900}, {name=R5: Pizza Dream, priceInPence=1400}, {name=R5: Pizza Dream, priceInPence=1400}, {name=R5: Pizza Dream, priceInPence=1400}, {name=R5: Pizza Dream, priceInPence=1400}], creditCardInformation={creditCardNumber=5181232712265213, creditCardExpiry=07/25, cvv=415}}
2025-01-16T16:58:21.440Z  WARN 26144 --- [PizzaDrone] [           main] a.e.i.p.c.CalcDeliveryPathControllerTest : Skipping order due to missing 'valid' field: {orderNo=7D1AB46F, orderDate=2025-01-20, orderStatus=INVALID, orderValidationCode=PIZZA_FROM_MULTIPLE_RESTAURANTS, priceTotalInPence=3900, pizzasInOrder=[{name=R1: Margarita, priceInPence=1000}, {name=R1: Calzone, priceInPence=1400}, {name=R2: Meat Lover, priceInPence=1400}], creditCardInformation={creditCardNumber=5564349861308227, creditCardExpiry=06/25, cvv=088}}
2025-01-16T16:58:21.440Z  WARN 26144 --- [PizzaDrone] [           main] a.e.i.p.c.CalcDeliveryPathControllerTest : Skipping order due to missing 'valid' field: {orderNo=137FEE43, orderDate=2025-01-20, orderStatus=INVALID, orderValidationCode=RESTAURANT_CLOSED, priceTotalInPence=1500, pizzasInOrder=[{name=R3: Super Cheese, priceInPence=1400}], creditCardInformation={creditCardNumber=5277835339971917, creditCardExpiry=05/25, cvv=700}}
2025-01-16T16:58:21.440Z  WARN 26144 --- [PizzaDrone] [           main] a.e.i.p.c.CalcDeliveryPathControllerTest : Skipping order due to missing 'valid' field: {orderNo=55DC3AB4, orderDate=2025-01-20, orderStatus=INVALID, orderValidationCode=PRICE_FOR_PIZZA_INVALID, priceTotalInPence=2500, pizzasInOrder=[{name=R5: My kind of pizza, priceInPence=900}, {name=R5: Pizza Dream, priceInPence=1500}], creditCardInformation={creditCardNumber=5492146380129804, creditCardExpiry=10/25, cvv=352}}
2025-01-16T16:58:21.440Z  WARN 26144 --- [PizzaDrone] [           main] a.e.i.p.c.CalcDeliveryPathControllerTest : Skipping order due to missing 'valid' field: {orderNo=6D962C7A, orderDate=2025-01-20, orderStatus=INVALID, orderValidationCode=EMPTY_ORDER, priceTotalInPence=100, pizzasInOrder=[], creditCardInformation={creditCardNumber=2720592503288079, creditCardExpiry=08/25, cvv=489}}
2025-01-16T16:58:21.440Z  WARN 26144 --- [PizzaDrone] [           main] a.e.i.p.c.CalcDeliveryPathControllerTest : Skipping order due to missing 'valid' field: {orderNo=015ED5EA, orderDate=2025-01-21, orderStatus=INVALID, orderValidationCode=CARD_NUMBER_INVALID, priceTotalInPence=2600, pizzasInOrder=[{name=R2: Meat Lover, priceInPence=1400}, {name=R2: Vegan Delight, priceInPence=1100}], creditCardInformation={creditCardNumber=3246038731586, creditCardExpiry=09/25, cvv=385}}
2025-01-16T16:58:21.440Z  WARN 26144 --- [PizzaDrone] [           main] a.e.i.p.c.CalcDeliveryPathControllerTest : Skipping order due to missing 'valid' field: {orderNo=13AA34E2, orderDate=2025-01-21, orderStatus=INVALID, orderValidationCode=EXPIRY_DATE_INVALID, priceTotalInPence=2400, pizzasInOrder=[{name=R4: Proper Pizza, priceInPence=1400}, {name=R4: Pineapple & Ham & Cheese, priceInPence=900}], creditCardInformation={creditCardNumber=5420903555671706, creditCardExpiry=13/15, cvv=246}}
2025-01-16T16:58:21.441Z  WARN 26144 --- [PizzaDrone] [           main] a.e.i.p.c.CalcDeliveryPathControllerTest : Skipping order due to missing 'valid' field: {orderNo=153A8DB3, orderDate=2025-01-21, orderStatus=INVALID, orderValidationCode=CVV_INVALID, priceTotalInPence=2400, pizzasInOrder=[{name=R4: Proper Pizza, priceInPence=1400}, {name=R4: Pineapple & Ham & Cheese, priceInPence=900}], creditCardInformation={creditCardNumber=4659286090703365, creditCardExpiry=06/25, cvv=26}}
2025-01-16T16:58:21.441Z  WARN 26144 --- [PizzaDrone] [           main] a.e.i.p.c.CalcDeliveryPathControllerTest : Skipping order due to missing 'valid' field: {orderNo=1D4A82F3, orderDate=2025-01-21, orderStatus=INVALID, orderValidationCode=TOTAL_INCORRECT, priceTotalInPence=2313, pizzasInOrder=[{name=R6: Sucuk delight, priceInPence=1400}, {name=R6: Dreams of Syria, priceInPence=900}], creditCardInformation={creditCardNumber=4379510316086449, creditCardExpiry=02/26, cvv=343}}
2025-01-16T16:58:21.441Z  WARN 26144 --- [PizzaDrone] [           main] a.e.i.p.c.CalcDeliveryPathControllerTest : Skipping order due to missing 'valid' field: {orderNo=5BE241AA, orderDate=2025-01-21, orderStatus=INVALID, orderValidationCode=PIZZA_NOT_DEFINED, priceTotalInPence=498705280, pizzasInOrder=[{name=R4: Proper Pizza, priceInPence=1400}, {name=R4: Pineapple & Ham & Cheese, priceInPence=900}, {name=Pizza-Surprise , priceInPence=498702880}], creditCardInformation={creditCardNumber=4457017057483210, creditCardExpiry=05/25, cvv=083}}
2025-01-16T16:58:21.441Z  WARN 26144 --- [PizzaDrone] [           main] a.e.i.p.c.CalcDeliveryPathControllerTest : Skipping order due to missing 'valid' field: {orderNo=0AF959AB, orderDate=2025-01-21, orderStatus=INVALID, orderValidationCode=MAX_PIZZA_COUNT_EXCEEDED, priceTotalInPence=8000, pizzasInOrder=[{name=R7: Hot, hotter, the hottest, priceInPence=1400}, {name=R7: All you ever wanted, priceInPence=900}, {name=R7: Hot, hotter, the hottest, priceInPence=1400}, {name=R7: Hot, hotter, the hottest, priceInPence=1400}, {name=R7: Hot, hotter, the hottest, priceInPence=1400}, {name=R7: Hot, hotter, the hottest, priceInPence=1400}], creditCardInformation={creditCardNumber=5334660896178925, creditCardExpiry=02/26, cvv=041}}
2025-01-16T16:58:21.441Z  WARN 26144 --- [PizzaDrone] [           main] a.e.i.p.c.CalcDeliveryPathControllerTest : Skipping order due to missing 'valid' field: {orderNo=03363BFC, orderDate=2025-01-21, orderStatus=INVALID, orderValidationCode=PIZZA_FROM_MULTIPLE_RESTAURANTS, priceTotalInPence=3900, pizzasInOrder=[{name=R1: Margarita, priceInPence=1000}, {name=R1: Calzone, priceInPence=1400}, {name=R2: Meat Lover, priceInPence=1400}], creditCardInformation={creditCardNumber=5526433655170980, creditCardExpiry=03/26, cvv=985}}
2025-01-16T16:58:21.441Z  WARN 26144 --- [PizzaDrone] [           main] a.e.i.p.c.CalcDeliveryPathControllerTest : Skipping order due to missing 'valid' field: {orderNo=74097827, orderDate=2025-01-21, orderStatus=INVALID, orderValidationCode=RESTAURANT_CLOSED, priceTotalInPence=1500, pizzasInOrder=[{name=R3: Super Cheese, priceInPence=1400}], creditCardInformation={creditCardNumber=4930019542608770, creditCardExpiry=11/25, cvv=539}}
2025-01-16T16:58:21.441Z  WARN 26144 --- [PizzaDrone] [           main] a.e.i.p.c.CalcDeliveryPathControllerTest : Skipping order due to missing 'valid' field: {orderNo=68E7E2DF, orderDate=2025-01-21, orderStatus=INVALID, orderValidationCode=PRICE_FOR_PIZZA_INVALID, priceTotalInPence=2500, pizzasInOrder=[{name=R4: Pineapple & Ham & Cheese, priceInPence=900}, {name=R4: Proper Pizza, priceInPence=1500}], creditCardInformation={creditCardNumber=5378411930552460, creditCardExpiry=11/25, cvv=147}}
2025-01-16T16:58:21.441Z  WARN 26144 --- [PizzaDrone] [           main] a.e.i.p.c.CalcDeliveryPathControllerTest : Skipping order due to missing 'valid' field: {orderNo=57685F09, orderDate=2025-01-21, orderStatus=INVALID, orderValidationCode=EMPTY_ORDER, priceTotalInPence=100, pizzasInOrder=[], creditCardInformation={creditCardNumber=4589560302232032, creditCardExpiry=07/25, cvv=948}}
2025-01-16T16:58:21.441Z  WARN 26144 --- [PizzaDrone] [           main] a.e.i.p.c.CalcDeliveryPathControllerTest : Skipping order due to missing 'valid' field: {orderNo=4010EED5, orderDate=2025-01-22, orderStatus=INVALID, orderValidationCode=CARD_NUMBER_INVALID, priceTotalInPence=2400, pizzasInOrder=[{name=R4: Proper Pizza, priceInPence=1400}, {name=R4: Pineapple & Ham & Cheese, priceInPence=900}], creditCardInformation={creditCardNumber=96861228, creditCardExpiry=07/25, cvv=279}}
2025-01-16T16:58:21.442Z  WARN 26144 --- [PizzaDrone] [           main] a.e.i.p.c.CalcDeliveryPathControllerTest : Skipping order due to missing 'valid' field: {orderNo=3A2406EF, orderDate=2025-01-22, orderStatus=INVALID, orderValidationCode=EXPIRY_DATE_INVALID, priceTotalInPence=2600, pizzasInOrder=[{name=R2: Meat Lover, priceInPence=1400}, {name=R2: Vegan Delight, priceInPence=1100}], creditCardInformation={creditCardNumber=5346929769188303, creditCardExpiry=15/03, cvv=511}}
2025-01-16T16:58:21.442Z  WARN 26144 --- [PizzaDrone] [           main] a.e.i.p.c.CalcDeliveryPathControllerTest : Skipping order due to missing 'valid' field: {orderNo=325F142D, orderDate=2025-01-22, orderStatus=INVALID, orderValidationCode=CVV_INVALID, priceTotalInPence=2600, pizzasInOrder=[{name=R2: Meat Lover, priceInPence=1400}, {name=R2: Vegan Delight, priceInPence=1100}], creditCardInformation={creditCardNumber=4534037304452435, creditCardExpiry=12/25, cvv=1124}}
2025-01-16T16:58:21.442Z  WARN 26144 --- [PizzaDrone] [           main] a.e.i.p.c.CalcDeliveryPathControllerTest : Skipping order due to missing 'valid' field: {orderNo=1F13D9F6, orderDate=2025-01-22, orderStatus=INVALID, orderValidationCode=TOTAL_INCORRECT, priceTotalInPence=2415, pizzasInOrder=[{name=R3: Super Cheese, priceInPence=1400}, {name=R3: All Shrooms, priceInPence=900}], creditCardInformation={creditCardNumber=5545325719678189, creditCardExpiry=09/25, cvv=367}}
2025-01-16T16:58:21.442Z  WARN 26144 --- [PizzaDrone] [           main] a.e.i.p.c.CalcDeliveryPathControllerTest : Skipping order due to missing 'valid' field: {orderNo=7C9D096F, orderDate=2025-01-22, orderStatus=INVALID, orderValidationCode=PIZZA_NOT_DEFINED, priceTotalInPence=498705480, pizzasInOrder=[{name=R2: Meat Lover, priceInPence=1400}, {name=R2: Vegan Delight, priceInPence=1100}, {name=Pizza-Surprise , priceInPence=498702880}], creditCardInformation={creditCardNumber=4892898698918539, creditCardExpiry=02/26, cvv=100}}
2025-01-16T16:58:21.442Z  WARN 26144 --- [PizzaDrone] [           main] a.e.i.p.c.CalcDeliveryPathControllerTest : Skipping order due to missing 'valid' field: {orderNo=4F3B3593, orderDate=2025-01-22, orderStatus=INVALID, orderValidationCode=MAX_PIZZA_COUNT_EXCEEDED, priceTotalInPence=8000, pizzasInOrder=[{name=R3: Super Cheese, priceInPence=1400}, {name=R3: All Shrooms, priceInPence=900}, {name=R3: Super Cheese, priceInPence=1400}, {name=R3: Super Cheese, priceInPence=1400}, {name=R3: Super Cheese, priceInPence=1400}, {name=R3: Super Cheese, priceInPence=1400}], creditCardInformation={creditCardNumber=4231247241056159, creditCardExpiry=10/25, cvv=423}}
2025-01-16T16:58:21.442Z  WARN 26144 --- [PizzaDrone] [           main] a.e.i.p.c.CalcDeliveryPathControllerTest : Skipping order due to missing 'valid' field: {orderNo=745F615C, orderDate=2025-01-22, orderStatus=INVALID, orderValidationCode=PIZZA_FROM_MULTIPLE_RESTAURANTS, priceTotalInPence=3800, pizzasInOrder=[{name=R6: Sucuk delight, priceInPence=1400}, {name=R6: Dreams of Syria, priceInPence=900}, {name=R2: Meat Lover, priceInPence=1400}], creditCardInformation={creditCardNumber=4019397435075792, creditCardExpiry=10/25, cvv=035}}
2025-01-16T16:58:21.442Z  WARN 26144 --- [PizzaDrone] [           main] a.e.i.p.c.CalcDeliveryPathControllerTest : Skipping order due to missing 'valid' field: {orderNo=7A95960F, orderDate=2025-01-22, orderStatus=INVALID, orderValidationCode=RESTAURANT_CLOSED, priceTotalInPence=1100, pizzasInOrder=[{name=R1: Margarita, priceInPence=1000}], creditCardInformation={creditCardNumber=5358459164819877, creditCardExpiry=02/25, cvv=512}}
2025-01-16T16:58:21.442Z  WARN 26144 --- [PizzaDrone] [           main] a.e.i.p.c.CalcDeliveryPathControllerTest : Skipping order due to missing 'valid' field: {orderNo=61D98F9B, orderDate=2025-01-22, orderStatus=INVALID, orderValidationCode=PRICE_FOR_PIZZA_INVALID, priceTotalInPence=2700, pizzasInOrder=[{name=R2: Vegan Delight, priceInPence=1100}, {name=R2: Meat Lover, priceInPence=1500}], creditCardInformation={creditCardNumber=2221222289894304, creditCardExpiry=09/25, cvv=655}}
2025-01-16T16:58:21.442Z  WARN 26144 --- [PizzaDrone] [           main] a.e.i.p.c.CalcDeliveryPathControllerTest : Skipping order due to missing 'valid' field: {orderNo=5824A9E9, orderDate=2025-01-22, orderStatus=INVALID, orderValidationCode=EMPTY_ORDER, priceTotalInPence=100, pizzasInOrder=[], creditCardInformation={creditCardNumber=5141381459498997, creditCardExpiry=12/25, cvv=394}}
2025-01-16T16:58:21.443Z  WARN 26144 --- [PizzaDrone] [           main] a.e.i.p.c.CalcDeliveryPathControllerTest : Skipping order due to missing 'valid' field: {orderNo=0CDFBCF2, orderDate=2025-01-23, orderStatus=INVALID, orderValidationCode=CARD_NUMBER_INVALID, priceTotalInPence=2600, pizzasInOrder=[{name=R2: Meat Lover, priceInPence=1400}, {name=R2: Vegan Delight, priceInPence=1100}], creditCardInformation={creditCardNumber=26191, creditCardExpiry=10/25, cvv=265}}
2025-01-16T16:58:21.443Z  WARN 26144 --- [PizzaDrone] [           main] a.e.i.p.c.CalcDeliveryPathControllerTest : Skipping order due to missing 'valid' field: {orderNo=20CF6624, orderDate=2025-01-23, orderStatus=INVALID, orderValidationCode=EXPIRY_DATE_INVALID, priceTotalInPence=2400, pizzasInOrder=[{name=R3: Super Cheese, priceInPence=1400}, {name=R3: All Shrooms, priceInPence=900}], creditCardInformation={creditCardNumber=5283150572121184, creditCardExpiry=15/11, cvv=380}}
2025-01-16T16:58:21.443Z  WARN 26144 --- [PizzaDrone] [           main] a.e.i.p.c.CalcDeliveryPathControllerTest : Skipping order due to missing 'valid' field: {orderNo=2692EE01, orderDate=2025-01-23, orderStatus=INVALID, orderValidationCode=CVV_INVALID, priceTotalInPence=2400, pizzasInOrder=[{name=R5: Pizza Dream, priceInPence=1400}, {name=R5: My kind of pizza, priceInPence=900}], creditCardInformation={creditCardNumber=4197106183744655, creditCardExpiry=04/25, cvv=4642179}}
2025-01-16T16:58:21.443Z  WARN 26144 --- [PizzaDrone] [           main] a.e.i.p.c.CalcDeliveryPathControllerTest : Skipping order due to missing 'valid' field: {orderNo=53C062DD, orderDate=2025-01-23, orderStatus=INVALID, orderValidationCode=TOTAL_INCORRECT, priceTotalInPence=3061, pizzasInOrder=[{name=R3: Super Cheese, priceInPence=1400}, {name=R3: All Shrooms, priceInPence=900}], creditCardInformation={creditCardNumber=4294651681779812, creditCardExpiry=07/25, cvv=654}}
2025-01-16T16:58:21.443Z  WARN 26144 --- [PizzaDrone] [           main] a.e.i.p.c.CalcDeliveryPathControllerTest : Skipping order due to missing 'valid' field: {orderNo=4C39A631, orderDate=2025-01-23, orderStatus=INVALID, orderValidationCode=PIZZA_NOT_DEFINED, priceTotalInPence=498705280, pizzasInOrder=[{name=R7: Hot, hotter, the hottest, priceInPence=1400}, {name=R7: All you ever wanted, priceInPence=900}, {name=Pizza-Surprise , priceInPence=498702880}], creditCardInformation={creditCardNumber=4071939433076309, creditCardExpiry=08/25, cvv=560}}
2025-01-16T16:58:21.443Z  WARN 26144 --- [PizzaDrone] [           main] a.e.i.p.c.CalcDeliveryPathControllerTest : Skipping order due to missing 'valid' field: {orderNo=24E194D9, orderDate=2025-01-23, orderStatus=INVALID, orderValidationCode=MAX_PIZZA_COUNT_EXCEEDED, priceTotalInPence=8000, pizzasInOrder=[{name=R3: Super Cheese, priceInPence=1400}, {name=R3: All Shrooms, priceInPence=900}, {name=R3: Super Cheese, priceInPence=1400}, {name=R3: Super Cheese, priceInPence=1400}, {name=R3: Super Cheese, priceInPence=1400}, {name=R3: Super Cheese, priceInPence=1400}], creditCardInformation={creditCardNumber=4833297743092691, creditCardExpiry=01/26, cvv=346}}
2025-01-16T16:58:21.443Z  WARN 26144 --- [PizzaDrone] [           main] a.e.i.p.c.CalcDeliveryPathControllerTest : Skipping order due to missing 'valid' field: {orderNo=5BAA5504, orderDate=2025-01-23, orderStatus=INVALID, orderValidationCode=PIZZA_FROM_MULTIPLE_RESTAURANTS, priceTotalInPence=3800, pizzasInOrder=[{name=R7: Hot, hotter, the hottest, priceInPence=1400}, {name=R7: All you ever wanted, priceInPence=900}, {name=R2: Meat Lover, priceInPence=1400}], creditCardInformation={creditCardNumber=4972478640218198, creditCardExpiry=06/25, cvv=218}}
2025-01-16T16:58:21.443Z  WARN 26144 --- [PizzaDrone] [           main] a.e.i.p.c.CalcDeliveryPathControllerTest : Skipping order due to missing 'valid' field: {orderNo=637FB0A5, orderDate=2025-01-23, orderStatus=INVALID, orderValidationCode=RESTAURANT_CLOSED, priceTotalInPence=1100, pizzasInOrder=[{name=R1: Margarita, priceInPence=1000}], creditCardInformation={creditCardNumber=4284448022576649, creditCardExpiry=03/26, cvv=299}}
2025-01-16T16:58:21.443Z  WARN 26144 --- [PizzaDrone] [           main] a.e.i.p.c.CalcDeliveryPathControllerTest : Skipping order due to missing 'valid' field: {orderNo=11B7924E, orderDate=2025-01-23, orderStatus=INVALID, orderValidationCode=PRICE_FOR_PIZZA_INVALID, priceTotalInPence=2500, pizzasInOrder=[{name=R5: My kind of pizza, priceInPence=900}, {name=R5: Pizza Dream, priceInPence=1500}], creditCardInformation={creditCardNumber=5491536758306839, creditCardExpiry=08/25, cvv=689}}
2025-01-16T16:58:21.443Z  WARN 26144 --- [PizzaDrone] [           main] a.e.i.p.c.CalcDeliveryPathControllerTest : Skipping order due to missing 'valid' field: {orderNo=7FED375E, orderDate=2025-01-23, orderStatus=INVALID, orderValidationCode=EMPTY_ORDER, priceTotalInPence=100, pizzasInOrder=[], creditCardInformation={creditCardNumber=4163544929436378, creditCardExpiry=08/25, cvv=017}}
2025-01-16T16:58:21.444Z  WARN 26144 --- [PizzaDrone] [           main] a.e.i.p.c.CalcDeliveryPathControllerTest : Skipping order due to missing 'valid' field: {orderNo=74888ABE, orderDate=2025-01-24, orderStatus=INVALID, orderValidationCode=CARD_NUMBER_INVALID, priceTotalInPence=2400, pizzasInOrder=[{name=R3: Super Cheese, priceInPence=1400}, {name=R3: All Shrooms, priceInPence=900}], creditCardInformation={creditCardNumber=965807, creditCardExpiry=09/25, cvv=632}}
2025-01-16T16:58:21.444Z  WARN 26144 --- [PizzaDrone] [           main] a.e.i.p.c.CalcDeliveryPathControllerTest : Skipping order due to missing 'valid' field: {orderNo=1442475C, orderDate=2025-01-24, orderStatus=INVALID, orderValidationCode=EXPIRY_DATE_INVALID, priceTotalInPence=2600, pizzasInOrder=[{name=R2: Meat Lover, priceInPence=1400}, {name=R2: Vegan Delight, priceInPence=1100}], creditCardInformation={creditCardNumber=4816529647978471, creditCardExpiry=08/13, cvv=404}}
2025-01-16T16:58:21.444Z  WARN 26144 --- [PizzaDrone] [           main] a.e.i.p.c.CalcDeliveryPathControllerTest : Skipping order due to missing 'valid' field: {orderNo=2F829E1C, orderDate=2025-01-24, orderStatus=INVALID, orderValidationCode=CVV_INVALID, priceTotalInPence=2400, pizzasInOrder=[{name=R7: Hot, hotter, the hottest, priceInPence=1400}, {name=R7: All you ever wanted, priceInPence=900}], creditCardInformation={creditCardNumber=2720918099331165, creditCardExpiry=06/25, cvv=8377}}
2025-01-16T16:58:21.444Z  WARN 26144 --- [PizzaDrone] [           main] a.e.i.p.c.CalcDeliveryPathControllerTest : Skipping order due to missing 'valid' field: {orderNo=549C3A67, orderDate=2025-01-24, orderStatus=INVALID, orderValidationCode=TOTAL_INCORRECT, priceTotalInPence=2743, pizzasInOrder=[{name=R1: Margarita, priceInPence=1000}, {name=R1: Calzone, priceInPence=1400}], creditCardInformation={creditCardNumber=5524259956919854, creditCardExpiry=10/25, cvv=536}}
2025-01-16T16:58:21.444Z  WARN 26144 --- [PizzaDrone] [           main] a.e.i.p.c.CalcDeliveryPathControllerTest : Skipping order due to missing 'valid' field: {orderNo=491C54BC, orderDate=2025-01-24, orderStatus=INVALID, orderValidationCode=PIZZA_NOT_DEFINED, priceTotalInPence=498705280, pizzasInOrder=[{name=R3: Super Cheese, priceInPence=1400}, {name=R3: All Shrooms, priceInPence=900}, {name=Pizza-Surprise , priceInPence=498702880}], creditCardInformation={creditCardNumber=4259978659811993, creditCardExpiry=07/25, cvv=095}}
2025-01-16T16:58:21.444Z  WARN 26144 --- [PizzaDrone] [           main] a.e.i.p.c.CalcDeliveryPathControllerTest : Skipping order due to missing 'valid' field: {orderNo=6EB85F67, orderDate=2025-01-24, orderStatus=INVALID, orderValidationCode=MAX_PIZZA_COUNT_EXCEEDED, priceTotalInPence=8200, pizzasInOrder=[{name=R2: Meat Lover, priceInPence=1400}, {name=R2: Vegan Delight, priceInPence=1100}, {name=R2: Meat Lover, priceInPence=1400}, {name=R2: Meat Lover, priceInPence=1400}, {name=R2: Meat Lover, priceInPence=1400}, {name=R2: Meat Lover, priceInPence=1400}], creditCardInformation={creditCardNumber=4345982340445050, creditCardExpiry=05/25, cvv=049}}
2025-01-16T16:58:21.444Z  WARN 26144 --- [PizzaDrone] [           main] a.e.i.p.c.CalcDeliveryPathControllerTest : Skipping order due to missing 'valid' field: {orderNo=6B2092F8, orderDate=2025-01-24, orderStatus=INVALID, orderValidationCode=PIZZA_FROM_MULTIPLE_RESTAURANTS, priceTotalInPence=3400, pizzasInOrder=[{name=R7: Hot, hotter, the hottest, priceInPence=1400}, {name=R7: All you ever wanted, priceInPence=900}, {name=R1: Margarita, priceInPence=1000}], creditCardInformation={creditCardNumber=4579426056991920, creditCardExpiry=02/25, cvv=590}}
2025-01-16T16:58:21.444Z  WARN 26144 --- [PizzaDrone] [           main] a.e.i.p.c.CalcDeliveryPathControllerTest : Skipping order due to missing 'valid' field: {orderNo=7F843EFE, orderDate=2025-01-24, orderStatus=INVALID, orderValidationCode=RESTAURANT_CLOSED, priceTotalInPence=1500, pizzasInOrder=[{name=R4: Proper Pizza, priceInPence=1400}], creditCardInformation={creditCardNumber=4209242539406495, creditCardExpiry=10/25, cvv=280}}
2025-01-16T16:58:21.444Z  WARN 26144 --- [PizzaDrone] [           main] a.e.i.p.c.CalcDeliveryPathControllerTest : Skipping order due to missing 'valid' field: {orderNo=52C3FCFA, orderDate=2025-01-24, orderStatus=INVALID, orderValidationCode=PRICE_FOR_PIZZA_INVALID, priceTotalInPence=2600, pizzasInOrder=[{name=R1: Calzone, priceInPence=1400}, {name=R1: Margarita, priceInPence=1100}], creditCardInformation={creditCardNumber=5171117695500987, creditCardExpiry=09/25, cvv=841}}
2025-01-16T16:58:21.445Z  WARN 26144 --- [PizzaDrone] [           main] a.e.i.p.c.CalcDeliveryPathControllerTest : Skipping order due to missing 'valid' field: {orderNo=6CC79E66, orderDate=2025-01-24, orderStatus=INVALID, orderValidationCode=EMPTY_ORDER, priceTotalInPence=100, pizzasInOrder=[], creditCardInformation={creditCardNumber=5504543937256336, creditCardExpiry=03/26, cvv=198}}
2025-01-16T16:58:21.445Z  WARN 26144 --- [PizzaDrone] [           main] a.e.i.p.c.CalcDeliveryPathControllerTest : Skipping order due to missing 'valid' field: {orderNo=059C2E10, orderDate=2025-01-25, orderStatus=INVALID, orderValidationCode=CARD_NUMBER_INVALID, priceTotalInPence=2400, pizzasInOrder=[{name=R6: Sucuk delight, priceInPence=1400}, {name=R6: Dreams of Syria, priceInPence=900}], creditCardInformation={creditCardNumber=1943, creditCardExpiry=02/25, cvv=379}}
2025-01-16T16:58:21.446Z  WARN 26144 --- [PizzaDrone] [           main] a.e.i.p.c.CalcDeliveryPathControllerTest : Skipping order due to missing 'valid' field: {orderNo=08EDC23A, orderDate=2025-01-25, orderStatus=INVALID, orderValidationCode=EXPIRY_DATE_INVALID, priceTotalInPence=2500, pizzasInOrder=[{name=R1: Margarita, priceInPence=1000}, {name=R1: Calzone, priceInPence=1400}], creditCardInformation={creditCardNumber=4804385363601035, creditCardExpiry=08/11, cvv=599}}
2025-01-16T16:58:21.446Z  WARN 26144 --- [PizzaDrone] [           main] a.e.i.p.c.CalcDeliveryPathControllerTest : Skipping order due to missing 'valid' field: {orderNo=7A360C61, orderDate=2025-01-25, orderStatus=INVALID, orderValidationCode=CVV_INVALID, priceTotalInPence=2400, pizzasInOrder=[{name=R4: Proper Pizza, priceInPence=1400}, {name=R4: Pineapple & Ham & Cheese, priceInPence=900}], creditCardInformation={creditCardNumber=4691584728496497, creditCardExpiry=10/25, cvv=2}}
2025-01-16T16:58:21.446Z  WARN 26144 --- [PizzaDrone] [           main] a.e.i.p.c.CalcDeliveryPathControllerTest : Skipping order due to missing 'valid' field: {orderNo=12D4F56C, orderDate=2025-01-25, orderStatus=INVALID, orderValidationCode=TOTAL_INCORRECT, priceTotalInPence=2554, pizzasInOrder=[{name=R1: Margarita, priceInPence=1000}, {name=R1: Calzone, priceInPence=1400}], creditCardInformation={creditCardNumber=5249370423558383, creditCardExpiry=11/25, cvv=330}}
2025-01-16T16:58:21.446Z  WARN 26144 --- [PizzaDrone] [           main] a.e.i.p.c.CalcDeliveryPathControllerTest : Skipping order due to missing 'valid' field: {orderNo=2E0C4BFA, orderDate=2025-01-25, orderStatus=INVALID, orderValidationCode=PIZZA_NOT_DEFINED, priceTotalInPence=498705280, pizzasInOrder=[{name=R6: Sucuk delight, priceInPence=1400}, {name=R6: Dreams of Syria, priceInPence=900}, {name=Pizza-Surprise , priceInPence=498702880}], creditCardInformation={creditCardNumber=2221238871400284, creditCardExpiry=03/26, cvv=377}}
2025-01-16T16:58:21.447Z  WARN 26144 --- [PizzaDrone] [           main] a.e.i.p.c.CalcDeliveryPathControllerTest : Skipping order due to missing 'valid' field: {orderNo=1899A080, orderDate=2025-01-25, orderStatus=INVALID, orderValidationCode=MAX_PIZZA_COUNT_EXCEEDED, priceTotalInPence=6500, pizzasInOrder=[{name=R1: Margarita, priceInPence=1000}, {name=R1: Calzone, priceInPence=1400}, {name=R1: Margarita, priceInPence=1000}, {name=R1: Margarita, priceInPence=1000}, {name=R1: Margarita, priceInPence=1000}, {name=R1: Margarita, priceInPence=1000}], creditCardInformation={creditCardNumber=2720299668774642, creditCardExpiry=10/25, cvv=276}}
2025-01-16T16:58:21.447Z  WARN 26144 --- [PizzaDrone] [           main] a.e.i.p.c.CalcDeliveryPathControllerTest : Skipping order due to missing 'valid' field: {orderNo=69BD381E, orderDate=2025-01-25, orderStatus=INVALID, orderValidationCode=PIZZA_FROM_MULTIPLE_RESTAURANTS, priceTotalInPence=3400, pizzasInOrder=[{name=R6: Sucuk delight, priceInPence=1400}, {name=R6: Dreams of Syria, priceInPence=900}, {name=R1: Margarita, priceInPence=1000}], creditCardInformation={creditCardNumber=2720917520828724, creditCardExpiry=03/25, cvv=197}}
2025-01-16T16:58:21.447Z  WARN 26144 --- [PizzaDrone] [           main] a.e.i.p.c.CalcDeliveryPathControllerTest : Skipping order due to missing 'valid' field: {orderNo=38FA96C3, orderDate=2025-01-25, orderStatus=INVALID, orderValidationCode=RESTAURANT_CLOSED, priceTotalInPence=1500, pizzasInOrder=[{name=R2: Meat Lover, priceInPence=1400}], creditCardInformation={creditCardNumber=4179451848883189, creditCardExpiry=06/25, cvv=761}}
2025-01-16T16:58:21.447Z  WARN 26144 --- [PizzaDrone] [           main] a.e.i.p.c.CalcDeliveryPathControllerTest : Skipping order due to missing 'valid' field: {orderNo=692FD9D0, orderDate=2025-01-25, orderStatus=INVALID, orderValidationCode=PRICE_FOR_PIZZA_INVALID, priceTotalInPence=2500, pizzasInOrder=[{name=R4: Pineapple & Ham & Cheese, priceInPence=900}, {name=R4: Proper Pizza, priceInPence=1500}], creditCardInformation={creditCardNumber=5342076436590331, creditCardExpiry=05/25, cvv=368}}
2025-01-16T16:58:21.447Z  WARN 26144 --- [PizzaDrone] [           main] a.e.i.p.c.CalcDeliveryPathControllerTest : Skipping order due to missing 'valid' field: {orderNo=69E51637, orderDate=2025-01-25, orderStatus=INVALID, orderValidationCode=EMPTY_ORDER, priceTotalInPence=100, pizzasInOrder=[], creditCardInformation={creditCardNumber=4884470147974651, creditCardExpiry=05/25, cvv=774}}
2025-01-16T16:58:21.448Z  WARN 26144 --- [PizzaDrone] [           main] a.e.i.p.c.CalcDeliveryPathControllerTest : Skipping order due to missing 'valid' field: {orderNo=4A542B4A, orderDate=2025-01-26, orderStatus=INVALID, orderValidationCode=CARD_NUMBER_INVALID, priceTotalInPence=2400, pizzasInOrder=[{name=R5: Pizza Dream, priceInPence=1400}, {name=R5: My kind of pizza, priceInPence=900}], creditCardInformation={creditCardNumber=54713772017, creditCardExpiry=08/25, cvv=431}}
2025-01-16T16:58:21.448Z  WARN 26144 --- [PizzaDrone] [           main] a.e.i.p.c.CalcDeliveryPathControllerTest : Skipping order due to missing 'valid' field: {orderNo=5B30ED66, orderDate=2025-01-26, orderStatus=INVALID, orderValidationCode=EXPIRY_DATE_INVALID, priceTotalInPence=2400, pizzasInOrder=[{name=R5: Pizza Dream, priceInPence=1400}, {name=R5: My kind of pizza, priceInPence=900}], creditCardInformation={creditCardNumber=2221246175332848, creditCardExpiry=10/17, cvv=998}}
2025-01-16T16:58:21.448Z  WARN 26144 --- [PizzaDrone] [           main] a.e.i.p.c.CalcDeliveryPathControllerTest : Skipping order due to missing 'valid' field: {orderNo=23F215C6, orderDate=2025-01-26, orderStatus=INVALID, orderValidationCode=CVV_INVALID, priceTotalInPence=2500, pizzasInOrder=[{name=R1: Margarita, priceInPence=1000}, {name=R1: Calzone, priceInPence=1400}], creditCardInformation={creditCardNumber=5528301727533741, creditCardExpiry=08/25, cvv=498309}}
2025-01-16T16:58:21.448Z  WARN 26144 --- [PizzaDrone] [           main] a.e.i.p.c.CalcDeliveryPathControllerTest : Skipping order due to missing 'valid' field: {orderNo=507FDF08, orderDate=2025-01-26, orderStatus=INVALID, orderValidationCode=TOTAL_INCORRECT, priceTotalInPence=3032, pizzasInOrder=[{name=R4: Proper Pizza, priceInPence=1400}, {name=R4: Pineapple & Ham & Cheese, priceInPence=900}], creditCardInformation={creditCardNumber=4712844947023000, creditCardExpiry=05/25, cvv=421}}
2025-01-16T16:58:21.448Z  WARN 26144 --- [PizzaDrone] [           main] a.e.i.p.c.CalcDeliveryPathControllerTest : Skipping order due to missing 'valid' field: {orderNo=5A06B806, orderDate=2025-01-26, orderStatus=INVALID, orderValidationCode=PIZZA_NOT_DEFINED, priceTotalInPence=498705280, pizzasInOrder=[{name=R6: Sucuk delight, priceInPence=1400}, {name=R6: Dreams of Syria, priceInPence=900}, {name=Pizza-Surprise , priceInPence=498702880}], creditCardInformation={creditCardNumber=5415540412979638, creditCardExpiry=08/25, cvv=301}}
2025-01-16T16:58:21.448Z  WARN 26144 --- [PizzaDrone] [           main] a.e.i.p.c.CalcDeliveryPathControllerTest : Skipping order due to missing 'valid' field: {orderNo=6654A8C9, orderDate=2025-01-26, orderStatus=INVALID, orderValidationCode=MAX_PIZZA_COUNT_EXCEEDED, priceTotalInPence=8000, pizzasInOrder=[{name=R5: Pizza Dream, priceInPence=1400}, {name=R5: My kind of pizza, priceInPence=900}, {name=R5: Pizza Dream, priceInPence=1400}, {name=R5: Pizza Dream, priceInPence=1400}, {name=R5: Pizza Dream, priceInPence=1400}, {name=R5: Pizza Dream, priceInPence=1400}], creditCardInformation={creditCardNumber=5522165667971211, creditCardExpiry=04/25, cvv=335}}
2025-01-16T16:58:21.448Z  WARN 26144 --- [PizzaDrone] [           main] a.e.i.p.c.CalcDeliveryPathControllerTest : Skipping order due to missing 'valid' field: {orderNo=0A484307, orderDate=2025-01-26, orderStatus=INVALID, orderValidationCode=PIZZA_FROM_MULTIPLE_RESTAURANTS, priceTotalInPence=3400, pizzasInOrder=[{name=R4: Proper Pizza, priceInPence=1400}, {name=R4: Pineapple & Ham & Cheese, priceInPence=900}, {name=R1: Margarita, priceInPence=1000}], creditCardInformation={creditCardNumber=2221688072802136, creditCardExpiry=05/25, cvv=984}}
2025-01-16T16:58:21.449Z  WARN 26144 --- [PizzaDrone] [           main] a.e.i.p.c.CalcDeliveryPathControllerTest : Skipping order due to missing 'valid' field: {orderNo=2A3C73C9, orderDate=2025-01-26, orderStatus=INVALID, orderValidationCode=RESTAURANT_CLOSED, priceTotalInPence=1500, pizzasInOrder=[{name=R2: Meat Lover, priceInPence=1400}], creditCardInformation={creditCardNumber=2221372711960759, creditCardExpiry=07/25, cvv=282}}
2025-01-16T16:58:21.449Z  WARN 26144 --- [PizzaDrone] [           main] a.e.i.p.c.CalcDeliveryPathControllerTest : Skipping order due to missing 'valid' field: {orderNo=64E90B4B, orderDate=2025-01-26, orderStatus=INVALID, orderValidationCode=PRICE_FOR_PIZZA_INVALID, priceTotalInPence=2500, pizzasInOrder=[{name=R5: My kind of pizza, priceInPence=900}, {name=R5: Pizza Dream, priceInPence=1500}], creditCardInformation={creditCardNumber=4405145256030103, creditCardExpiry=09/25, cvv=441}}
2025-01-16T16:58:21.449Z  WARN 26144 --- [PizzaDrone] [           main] a.e.i.p.c.CalcDeliveryPathControllerTest : Skipping order due to missing 'valid' field: {orderNo=7FD68CCD, orderDate=2025-01-26, orderStatus=INVALID, orderValidationCode=EMPTY_ORDER, priceTotalInPence=100, pizzasInOrder=[], creditCardInformation={creditCardNumber=4306975241670294, creditCardExpiry=11/25, cvv=391}}
2025-01-16T16:58:21.449Z  WARN 26144 --- [PizzaDrone] [           main] a.e.i.p.c.CalcDeliveryPathControllerTest : Skipping order due to missing 'valid' field: {orderNo=17276CC6, orderDate=2025-01-27, orderStatus=INVALID, orderValidationCode=CARD_NUMBER_INVALID, priceTotalInPence=2400, pizzasInOrder=[{name=R5: Pizza Dream, priceInPence=1400}, {name=R5: My kind of pizza, priceInPence=900}], creditCardInformation={creditCardNumber=8285125, creditCardExpiry=09/25, cvv=807}}
2025-01-16T16:58:21.449Z  WARN 26144 --- [PizzaDrone] [           main] a.e.i.p.c.CalcDeliveryPathControllerTest : Skipping order due to missing 'valid' field: {orderNo=24150967, orderDate=2025-01-27, orderStatus=INVALID, orderValidationCode=EXPIRY_DATE_INVALID, priceTotalInPence=2500, pizzasInOrder=[{name=R1: Margarita, priceInPence=1000}, {name=R1: Calzone, priceInPence=1400}], creditCardInformation={creditCardNumber=4128616755903640, creditCardExpiry=08/14, cvv=036}}
2025-01-16T16:58:21.449Z  WARN 26144 --- [PizzaDrone] [           main] a.e.i.p.c.CalcDeliveryPathControllerTest : Skipping order due to missing 'valid' field: {orderNo=5819C6C7, orderDate=2025-01-27, orderStatus=INVALID, orderValidationCode=CVV_INVALID, priceTotalInPence=2400, pizzasInOrder=[{name=R6: Sucuk delight, priceInPence=1400}, {name=R6: Dreams of Syria, priceInPence=900}], creditCardInformation={creditCardNumber=5541191770670752, creditCardExpiry=03/26, cvv=8}}
2025-01-16T16:58:21.449Z  WARN 26144 --- [PizzaDrone] [           main] a.e.i.p.c.CalcDeliveryPathControllerTest : Skipping order due to missing 'valid' field: {orderNo=09D293F9, orderDate=2025-01-27, orderStatus=INVALID, orderValidationCode=TOTAL_INCORRECT, priceTotalInPence=2408, pizzasInOrder=[{name=R6: Sucuk delight, priceInPence=1400}, {name=R6: Dreams of Syria, priceInPence=900}], creditCardInformation={creditCardNumber=4242699911798865, creditCardExpiry=09/25, cvv=867}}
2025-01-16T16:58:21.450Z  WARN 26144 --- [PizzaDrone] [           main] a.e.i.p.c.CalcDeliveryPathControllerTest : Skipping order due to missing 'valid' field: {orderNo=461447BD, orderDate=2025-01-27, orderStatus=INVALID, orderValidationCode=PIZZA_NOT_DEFINED, priceTotalInPence=498705280, pizzasInOrder=[{name=R6: Sucuk delight, priceInPence=1400}, {name=R6: Dreams of Syria, priceInPence=900}, {name=Pizza-Surprise , priceInPence=498702880}], creditCardInformation={creditCardNumber=4153181603460812, creditCardExpiry=02/26, cvv=038}}
2025-01-16T16:58:21.450Z  WARN 26144 --- [PizzaDrone] [           main] a.e.i.p.c.CalcDeliveryPathControllerTest : Skipping order due to missing 'valid' field: {orderNo=00FC3530, orderDate=2025-01-27, orderStatus=INVALID, orderValidationCode=MAX_PIZZA_COUNT_EXCEEDED, priceTotalInPence=6500, pizzasInOrder=[{name=R1: Margarita, priceInPence=1000}, {name=R1: Calzone, priceInPence=1400}, {name=R1: Margarita, priceInPence=1000}, {name=R1: Margarita, priceInPence=1000}, {name=R1: Margarita, priceInPence=1000}, {name=R1: Margarita, priceInPence=1000}], creditCardInformation={creditCardNumber=4663254462909667, creditCardExpiry=06/25, cvv=126}}
2025-01-16T16:58:21.450Z  WARN 26144 --- [PizzaDrone] [           main] a.e.i.p.c.CalcDeliveryPathControllerTest : Skipping order due to missing 'valid' field: {orderNo=0469B20E, orderDate=2025-01-27, orderStatus=INVALID, orderValidationCode=PIZZA_FROM_MULTIPLE_RESTAURANTS, priceTotalInPence=3600, pizzasInOrder=[{name=R2: Meat Lover, priceInPence=1400}, {name=R2: Vegan Delight, priceInPence=1100}, {name=R1: Margarita, priceInPence=1000}], creditCardInformation={creditCardNumber=5333565066425116, creditCardExpiry=06/25, cvv=553}}
2025-01-16T16:58:21.451Z  WARN 26144 --- [PizzaDrone] [           main] a.e.i.p.c.CalcDeliveryPathControllerTest : Skipping order due to missing 'valid' field: {orderNo=3F4C62AD, orderDate=2025-01-27, orderStatus=INVALID, orderValidationCode=RESTAURANT_CLOSED, priceTotalInPence=1500, pizzasInOrder=[{name=R3: Super Cheese, priceInPence=1400}], creditCardInformation={creditCardNumber=5220584583665738, creditCardExpiry=04/25, cvv=338}}
2025-01-16T16:58:21.451Z  WARN 26144 --- [PizzaDrone] [           main] a.e.i.p.c.CalcDeliveryPathControllerTest : Skipping order due to missing 'valid' field: {orderNo=2DE74D9B, orderDate=2025-01-27, orderStatus=INVALID, orderValidationCode=PRICE_FOR_PIZZA_INVALID, priceTotalInPence=2500, pizzasInOrder=[{name=R6: Dreams of Syria, priceInPence=900}, {name=R6: Sucuk delight, priceInPence=1500}], creditCardInformation={creditCardNumber=5320046543017292, creditCardExpiry=11/25, cvv=546}}
2025-01-16T16:58:21.452Z  WARN 26144 --- [PizzaDrone] [           main] a.e.i.p.c.CalcDeliveryPathControllerTest : Skipping order due to missing 'valid' field: {orderNo=6A1B154A, orderDate=2025-01-27, orderStatus=INVALID, orderValidationCode=EMPTY_ORDER, priceTotalInPence=100, pizzasInOrder=[], creditCardInformation={creditCardNumber=4165342634145105, creditCardExpiry=08/25, cvv=033}}
2025-01-16T16:58:21.452Z  WARN 26144 --- [PizzaDrone] [           main] a.e.i.p.c.CalcDeliveryPathControllerTest : Skipping order due to missing 'valid' field: {orderNo=1D0C2E4C, orderDate=2025-01-28, orderStatus=INVALID, orderValidationCode=CARD_NUMBER_INVALID, priceTotalInPence=2500, pizzasInOrder=[{name=R1: Margarita, priceInPence=1000}, {name=R1: Calzone, priceInPence=1400}], creditCardInformation={creditCardNumber=31672482151459, creditCardExpiry=01/26, cvv=536}}
2025-01-16T16:58:21.453Z  WARN 26144 --- [PizzaDrone] [           main] a.e.i.p.c.CalcDeliveryPathControllerTest : Skipping order due to missing 'valid' field: {orderNo=71576CA1, orderDate=2025-01-28, orderStatus=INVALID, orderValidationCode=EXPIRY_DATE_INVALID, priceTotalInPence=2400, pizzasInOrder=[{name=R4: Proper Pizza, priceInPence=1400}, {name=R4: Pineapple & Ham & Cheese, priceInPence=900}], creditCardInformation={creditCardNumber=4085982943459650, creditCardExpiry=08/12, cvv=684}}
2025-01-16T16:58:21.453Z  WARN 26144 --- [PizzaDrone] [           main] a.e.i.p.c.CalcDeliveryPathControllerTest : Skipping order due to missing 'valid' field: {orderNo=73A98978, orderDate=2025-01-28, orderStatus=INVALID, orderValidationCode=CVV_INVALID, priceTotalInPence=2400, pizzasInOrder=[{name=R7: Hot, hotter, the hottest, priceInPence=1400}, {name=R7: All you ever wanted, priceInPence=900}], creditCardInformation={creditCardNumber=4433889130756963, creditCardExpiry=08/25, cvv=5}}
2025-01-16T16:58:21.454Z  WARN 26144 --- [PizzaDrone] [           main] a.e.i.p.c.CalcDeliveryPathControllerTest : Skipping order due to missing 'valid' field: {orderNo=2A025E82, orderDate=2025-01-28, orderStatus=INVALID, orderValidationCode=TOTAL_INCORRECT, priceTotalInPence=2679, pizzasInOrder=[{name=R6: Sucuk delight, priceInPence=1400}, {name=R6: Dreams of Syria, priceInPence=900}], creditCardInformation={creditCardNumber=5314226338863864, creditCardExpiry=12/25, cvv=650}}
2025-01-16T16:58:21.455Z  WARN 26144 --- [PizzaDrone] [           main] a.e.i.p.c.CalcDeliveryPathControllerTest : Skipping order due to missing 'valid' field: {orderNo=738A3004, orderDate=2025-01-28, orderStatus=INVALID, orderValidationCode=PIZZA_NOT_DEFINED, priceTotalInPence=498705280, pizzasInOrder=[{name=R6: Sucuk delight, priceInPence=1400}, {name=R6: Dreams of Syria, priceInPence=900}, {name=Pizza-Surprise , priceInPence=498702880}], creditCardInformation={creditCardNumber=4255723232554254, creditCardExpiry=04/25, cvv=974}}
2025-01-16T16:58:21.455Z  WARN 26144 --- [PizzaDrone] [           main] a.e.i.p.c.CalcDeliveryPathControllerTest : Skipping order due to missing 'valid' field: {orderNo=25F895A6, orderDate=2025-01-28, orderStatus=INVALID, orderValidationCode=MAX_PIZZA_COUNT_EXCEEDED, priceTotalInPence=8200, pizzasInOrder=[{name=R2: Meat Lover, priceInPence=1400}, {name=R2: Vegan Delight, priceInPence=1100}, {name=R2: Meat Lover, priceInPence=1400}, {name=R2: Meat Lover, priceInPence=1400}, {name=R2: Meat Lover, priceInPence=1400}, {name=R2: Meat Lover, priceInPence=1400}], creditCardInformation={creditCardNumber=4864295739531443, creditCardExpiry=05/25, cvv=450}}
2025-01-16T16:58:21.456Z  WARN 26144 --- [PizzaDrone] [           main] a.e.i.p.c.CalcDeliveryPathControllerTest : Skipping order due to missing 'valid' field: {orderNo=0869B4D0, orderDate=2025-01-28, orderStatus=INVALID, orderValidationCode=PIZZA_FROM_MULTIPLE_RESTAURANTS, priceTotalInPence=3600, pizzasInOrder=[{name=R2: Meat Lover, priceInPence=1400}, {name=R2: Vegan Delight, priceInPence=1100}, {name=R1: Margarita, priceInPence=1000}], creditCardInformation={creditCardNumber=5291418056759997, creditCardExpiry=02/25, cvv=875}}
2025-01-16T16:58:21.458Z  WARN 26144 --- [PizzaDrone] [           main] a.e.i.p.c.CalcDeliveryPathControllerTest : Skipping order due to missing 'valid' field: {orderNo=4227C9AC, orderDate=2025-01-28, orderStatus=INVALID, orderValidationCode=RESTAURANT_CLOSED, priceTotalInPence=1500, pizzasInOrder=[{name=R3: Super Cheese, priceInPence=1400}], creditCardInformation={creditCardNumber=5344209138189924, creditCardExpiry=10/25, cvv=558}}
2025-01-16T16:58:21.459Z  WARN 26144 --- [PizzaDrone] [           main] a.e.i.p.c.CalcDeliveryPathControllerTest : Skipping order due to missing 'valid' field: {orderNo=66F104F2, orderDate=2025-01-28, orderStatus=INVALID, orderValidationCode=PRICE_FOR_PIZZA_INVALID, priceTotalInPence=2500, pizzasInOrder=[{name=R7: All you ever wanted, priceInPence=900}, {name=R7: Hot, hotter, the hottest, priceInPence=1500}], creditCardInformation={creditCardNumber=2720060822653118, creditCardExpiry=05/25, cvv=998}}
2025-01-16T16:58:21.459Z  WARN 26144 --- [PizzaDrone] [           main] a.e.i.p.c.CalcDeliveryPathControllerTest : Skipping order due to missing 'valid' field: {orderNo=1DFC844D, orderDate=2025-01-28, orderStatus=INVALID, orderValidationCode=EMPTY_ORDER, priceTotalInPence=100, pizzasInOrder=[], creditCardInformation={creditCardNumber=4957615912067634, creditCardExpiry=03/25, cvv=648}}
2025-01-16T16:58:21.459Z  WARN 26144 --- [PizzaDrone] [           main] a.e.i.p.c.CalcDeliveryPathControllerTest : Skipping order due to missing 'valid' field: {orderNo=5841ACC8, orderDate=2025-01-29, orderStatus=INVALID, orderValidationCode=CARD_NUMBER_INVALID, priceTotalInPence=2400, pizzasInOrder=[{name=R6: Sucuk delight, priceInPence=1400}, {name=R6: Dreams of Syria, priceInPence=900}], creditCardInformation={creditCardNumber=49402926027, creditCardExpiry=11/25, cvv=428}}
2025-01-16T16:58:21.459Z  WARN 26144 --- [PizzaDrone] [           main] a.e.i.p.c.CalcDeliveryPathControllerTest : Skipping order due to missing 'valid' field: {orderNo=3D942FAB, orderDate=2025-01-29, orderStatus=INVALID, orderValidationCode=EXPIRY_DATE_INVALID, priceTotalInPence=2400, pizzasInOrder=[{name=R4: Proper Pizza, priceInPence=1400}, {name=R4: Pineapple & Ham & Cheese, priceInPence=900}], creditCardInformation={creditCardNumber=4999152246300697, creditCardExpiry=07/11, cvv=592}}
2025-01-16T16:58:21.459Z  WARN 26144 --- [PizzaDrone] [           main] a.e.i.p.c.CalcDeliveryPathControllerTest : Skipping order due to missing 'valid' field: {orderNo=34809619, orderDate=2025-01-29, orderStatus=INVALID, orderValidationCode=CVV_INVALID, priceTotalInPence=2400, pizzasInOrder=[{name=R6: Sucuk delight, priceInPence=1400}, {name=R6: Dreams of Syria, priceInPence=900}], creditCardInformation={creditCardNumber=4694548490676328, creditCardExpiry=03/25, cvv=779424}}
2025-01-16T16:58:21.461Z  WARN 26144 --- [PizzaDrone] [           main] a.e.i.p.c.CalcDeliveryPathControllerTest : Skipping order due to missing 'valid' field: {orderNo=0D07E461, orderDate=2025-01-29, orderStatus=INVALID, orderValidationCode=TOTAL_INCORRECT, priceTotalInPence=2979, pizzasInOrder=[{name=R6: Sucuk delight, priceInPence=1400}, {name=R6: Dreams of Syria, priceInPence=900}], creditCardInformation={creditCardNumber=4494170928863238, creditCardExpiry=09/25, cvv=638}}
2025-01-16T16:58:21.461Z  WARN 26144 --- [PizzaDrone] [           main] a.e.i.p.c.CalcDeliveryPathControllerTest : Skipping order due to missing 'valid' field: {orderNo=308F66F3, orderDate=2025-01-29, orderStatus=INVALID, orderValidationCode=PIZZA_NOT_DEFINED, priceTotalInPence=498705480, pizzasInOrder=[{name=R2: Meat Lover, priceInPence=1400}, {name=R2: Vegan Delight, priceInPence=1100}, {name=Pizza-Surprise , priceInPence=498702880}], creditCardInformation={creditCardNumber=4709280420614665, creditCardExpiry=03/26, cvv=301}}
2025-01-16T16:58:21.461Z  WARN 26144 --- [PizzaDrone] [           main] a.e.i.p.c.CalcDeliveryPathControllerTest : Skipping order due to missing 'valid' field: {orderNo=377925E5, orderDate=2025-01-29, orderStatus=INVALID, orderValidationCode=MAX_PIZZA_COUNT_EXCEEDED, priceTotalInPence=8000, pizzasInOrder=[{name=R4: Proper Pizza, priceInPence=1400}, {name=R4: Pineapple & Ham & Cheese, priceInPence=900}, {name=R4: Proper Pizza, priceInPence=1400}, {name=R4: Proper Pizza, priceInPence=1400}, {name=R4: Proper Pizza, priceInPence=1400}, {name=R4: Proper Pizza, priceInPence=1400}], creditCardInformation={creditCardNumber=4889303470011244, creditCardExpiry=07/25, cvv=674}}
2025-01-16T16:58:21.461Z  WARN 26144 --- [PizzaDrone] [           main] a.e.i.p.c.CalcDeliveryPathControllerTest : Skipping order due to missing 'valid' field: {orderNo=3EA1279B, orderDate=2025-01-29, orderStatus=INVALID, orderValidationCode=PIZZA_FROM_MULTIPLE_RESTAURANTS, priceTotalInPence=3800, pizzasInOrder=[{name=R4: Proper Pizza, priceInPence=1400}, {name=R4: Pineapple & Ham & Cheese, priceInPence=900}, {name=R2: Meat Lover, priceInPence=1400}], creditCardInformation={creditCardNumber=2720741448216147, creditCardExpiry=07/25, cvv=994}}
2025-01-16T16:58:21.461Z  WARN 26144 --- [PizzaDrone] [           main] a.e.i.p.c.CalcDeliveryPathControllerTest : Skipping order due to missing 'valid' field: {orderNo=582F98FF, orderDate=2025-01-29, orderStatus=INVALID, orderValidationCode=RESTAURANT_CLOSED, priceTotalInPence=1100, pizzasInOrder=[{name=R1: Margarita, priceInPence=1000}], creditCardInformation={creditCardNumber=5452736688983510, creditCardExpiry=09/25, cvv=762}}
2025-01-16T16:58:21.462Z  WARN 26144 --- [PizzaDrone] [           main] a.e.i.p.c.CalcDeliveryPathControllerTest : Skipping order due to missing 'valid' field: {orderNo=0EF73C8D, orderDate=2025-01-29, orderStatus=INVALID, orderValidationCode=PRICE_FOR_PIZZA_INVALID, priceTotalInPence=2700, pizzasInOrder=[{name=R2: Vegan Delight, priceInPence=1100}, {name=R2: Meat Lover, priceInPence=1500}], creditCardInformation={creditCardNumber=4395803596751422, creditCardExpiry=07/25, cvv=530}}
2025-01-16T16:58:21.462Z  WARN 26144 --- [PizzaDrone] [           main] a.e.i.p.c.CalcDeliveryPathControllerTest : Skipping order due to missing 'valid' field: {orderNo=000B5281, orderDate=2025-01-29, orderStatus=INVALID, orderValidationCode=EMPTY_ORDER, priceTotalInPence=100, pizzasInOrder=[], creditCardInformation={creditCardNumber=5159991109078574, creditCardExpiry=07/25, cvv=808}}
2025-01-16T16:58:21.462Z  WARN 26144 --- [PizzaDrone] [           main] a.e.i.p.c.CalcDeliveryPathControllerTest : Skipping order due to missing 'valid' field: {orderNo=5C1ACE28, orderDate=2025-01-30, orderStatus=INVALID, orderValidationCode=CARD_NUMBER_INVALID, priceTotalInPence=2400, pizzasInOrder=[{name=R3: Super Cheese, priceInPence=1400}, {name=R3: All Shrooms, priceInPence=900}], creditCardInformation={creditCardNumber=5869, creditCardExpiry=08/25, cvv=485}}
2025-01-16T16:58:21.462Z  WARN 26144 --- [PizzaDrone] [           main] a.e.i.p.c.CalcDeliveryPathControllerTest : Skipping order due to missing 'valid' field: {orderNo=3F51E11E, orderDate=2025-01-30, orderStatus=INVALID, orderValidationCode=EXPIRY_DATE_INVALID, priceTotalInPence=2600, pizzasInOrder=[{name=R2: Meat Lover, priceInPence=1400}, {name=R2: Vegan Delight, priceInPence=1100}], creditCardInformation={creditCardNumber=5368700499724037, creditCardExpiry=13/17, cvv=624}}
2025-01-16T16:58:21.462Z  WARN 26144 --- [PizzaDrone] [           main] a.e.i.p.c.CalcDeliveryPathControllerTest : Skipping order due to missing 'valid' field: {orderNo=125DDD4A, orderDate=2025-01-30, orderStatus=INVALID, orderValidationCode=CVV_INVALID, priceTotalInPence=2600, pizzasInOrder=[{name=R2: Meat Lover, priceInPence=1400}, {name=R2: Vegan Delight, priceInPence=1100}], creditCardInformation={creditCardNumber=4597161584771977, creditCardExpiry=10/25, cvv=735492}}
2025-01-16T16:58:21.462Z  WARN 26144 --- [PizzaDrone] [           main] a.e.i.p.c.CalcDeliveryPathControllerTest : Skipping order due to missing 'valid' field: {orderNo=72614FBB, orderDate=2025-01-30, orderStatus=INVALID, orderValidationCode=TOTAL_INCORRECT, priceTotalInPence=2977, pizzasInOrder=[{name=R7: Hot, hotter, the hottest, priceInPence=1400}, {name=R7: All you ever wanted, priceInPence=900}], creditCardInformation={creditCardNumber=2720578444025639, creditCardExpiry=02/26, cvv=817}}
2025-01-16T16:58:21.462Z  WARN 26144 --- [PizzaDrone] [           main] a.e.i.p.c.CalcDeliveryPathControllerTest : Skipping order due to missing 'valid' field: {orderNo=4C07E965, orderDate=2025-01-30, orderStatus=INVALID, orderValidationCode=PIZZA_NOT_DEFINED, priceTotalInPence=498705480, pizzasInOrder=[{name=R2: Meat Lover, priceInPence=1400}, {name=R2: Vegan Delight, priceInPence=1100}, {name=Pizza-Surprise , priceInPence=498702880}], creditCardInformation={creditCardNumber=4633301355287151, creditCardExpiry=07/25, cvv=773}}
2025-01-16T16:58:21.462Z  WARN 26144 --- [PizzaDrone] [           main] a.e.i.p.c.CalcDeliveryPathControllerTest : Skipping order due to missing 'valid' field: {orderNo=58BAA446, orderDate=2025-01-30, orderStatus=INVALID, orderValidationCode=MAX_PIZZA_COUNT_EXCEEDED, priceTotalInPence=8000, pizzasInOrder=[{name=R5: Pizza Dream, priceInPence=1400}, {name=R5: My kind of pizza, priceInPence=900}, {name=R5: Pizza Dream, priceInPence=1400}, {name=R5: Pizza Dream, priceInPence=1400}, {name=R5: Pizza Dream, priceInPence=1400}, {name=R5: Pizza Dream, priceInPence=1400}], creditCardInformation={creditCardNumber=5229774903093437, creditCardExpiry=01/26, cvv=199}}
2025-01-16T16:58:21.462Z  WARN 26144 --- [PizzaDrone] [           main] a.e.i.p.c.CalcDeliveryPathControllerTest : Skipping order due to missing 'valid' field: {orderNo=329BE320, orderDate=2025-01-30, orderStatus=INVALID, orderValidationCode=PIZZA_FROM_MULTIPLE_RESTAURANTS, priceTotalInPence=3800, pizzasInOrder=[{name=R5: Pizza Dream, priceInPence=1400}, {name=R5: My kind of pizza, priceInPence=900}, {name=R2: Meat Lover, priceInPence=1400}], creditCardInformation={creditCardNumber=5276917019352039, creditCardExpiry=11/25, cvv=498}}
2025-01-16T16:58:21.463Z  WARN 26144 --- [PizzaDrone] [           main] a.e.i.p.c.CalcDeliveryPathControllerTest : Skipping order due to missing 'valid' field: {orderNo=63A99EFB, orderDate=2025-01-30, orderStatus=INVALID, orderValidationCode=RESTAURANT_CLOSED, priceTotalInPence=1100, pizzasInOrder=[{name=R1: Margarita, priceInPence=1000}], creditCardInformation={creditCardNumber=5170722001739293, creditCardExpiry=11/25, cvv=064}}
2025-01-16T16:58:21.463Z  WARN 26144 --- [PizzaDrone] [           main] a.e.i.p.c.CalcDeliveryPathControllerTest : Skipping order due to missing 'valid' field: {orderNo=2423696B, orderDate=2025-01-30, orderStatus=INVALID, orderValidationCode=PRICE_FOR_PIZZA_INVALID, priceTotalInPence=2500, pizzasInOrder=[{name=R7: All you ever wanted, priceInPence=900}, {name=R7: Hot, hotter, the hottest, priceInPence=1500}], creditCardInformation={creditCardNumber=5261100256906927, creditCardExpiry=01/26, cvv=860}}
2025-01-16T16:58:21.463Z  WARN 26144 --- [PizzaDrone] [           main] a.e.i.p.c.CalcDeliveryPathControllerTest : Skipping order due to missing 'valid' field: {orderNo=16978538, orderDate=2025-01-30, orderStatus=INVALID, orderValidationCode=EMPTY_ORDER, priceTotalInPence=100, pizzasInOrder=[], creditCardInformation={creditCardNumber=4876049648552081, creditCardExpiry=11/25, cvv=518}}
2025-01-16T16:58:21.463Z  WARN 26144 --- [PizzaDrone] [           main] a.e.i.p.c.CalcDeliveryPathControllerTest : Skipping order due to missing 'valid' field: {orderNo=24BFE366, orderDate=2025-01-31, orderStatus=INVALID, orderValidationCode=CARD_NUMBER_INVALID, priceTotalInPence=2500, pizzasInOrder=[{name=R1: Margarita, priceInPence=1000}, {name=R1: Calzone, priceInPence=1400}], creditCardInformation={creditCardNumber=5405390407684, creditCardExpiry=03/26, cvv=109}}
2025-01-16T16:58:21.463Z  WARN 26144 --- [PizzaDrone] [           main] a.e.i.p.c.CalcDeliveryPathControllerTest : Skipping order due to missing 'valid' field: {orderNo=72C3B0A3, orderDate=2025-01-31, orderStatus=INVALID, orderValidationCode=EXPIRY_DATE_INVALID, priceTotalInPence=2400, pizzasInOrder=[{name=R7: Hot, hotter, the hottest, priceInPence=1400}, {name=R7: All you ever wanted, priceInPence=900}], creditCardInformation={creditCardNumber=4275357255890372, creditCardExpiry=01/02, cvv=933}}
2025-01-16T16:58:21.463Z  WARN 26144 --- [PizzaDrone] [           main] a.e.i.p.c.CalcDeliveryPathControllerTest : Skipping order due to missing 'valid' field: {orderNo=3622F38F, orderDate=2025-01-31, orderStatus=INVALID, orderValidationCode=CVV_INVALID, priceTotalInPence=2500, pizzasInOrder=[{name=R1: Margarita, priceInPence=1000}, {name=R1: Calzone, priceInPence=1400}], creditCardInformation={creditCardNumber=4251121540992296, creditCardExpiry=02/26, cvv=420363}}
2025-01-16T16:58:21.463Z  WARN 26144 --- [PizzaDrone] [           main] a.e.i.p.c.CalcDeliveryPathControllerTest : Skipping order due to missing 'valid' field: {orderNo=6E0211D3, orderDate=2025-01-31, orderStatus=INVALID, orderValidationCode=TOTAL_INCORRECT, priceTotalInPence=2407, pizzasInOrder=[{name=R1: Margarita, priceInPence=1000}, {name=R1: Calzone, priceInPence=1400}], creditCardInformation={creditCardNumber=5147015810156092, creditCardExpiry=12/25, cvv=096}}
2025-01-16T16:58:21.463Z  WARN 26144 --- [PizzaDrone] [           main] a.e.i.p.c.CalcDeliveryPathControllerTest : Skipping order due to missing 'valid' field: {orderNo=36324949, orderDate=2025-01-31, orderStatus=INVALID, orderValidationCode=PIZZA_NOT_DEFINED, priceTotalInPence=498705280, pizzasInOrder=[{name=R7: Hot, hotter, the hottest, priceInPence=1400}, {name=R7: All you ever wanted, priceInPence=900}, {name=Pizza-Surprise , priceInPence=498702880}], creditCardInformation={creditCardNumber=4961431753007935, creditCardExpiry=12/25, cvv=220}}
[...]
2025-01-16T16:58:21.571Z  WARN 26144 --- [PizzaDrone] [           main] a.e.i.p.c.CalcDeliveryPathControllerTest : Skipping order due to missing 'valid' field: {orderNo=46AFC1D6, orderDate=2025-02-10, orderStatus=VALID, orderValidationCode=NO_ERROR, priceTotalInPence=2500, pizzasInOrder=[{name=R1: Margarita, priceInPence=1000}, {name=R1: Calzone, priceInPence=1400}], creditCardInformation={creditCardNumber=5228216666559742, creditCardExpiry=03/25, cvv=519}}
2025-01-16T16:58:21.571Z  WARN 26144 --- [PizzaDrone] [           main] a.e.i.p.c.CalcDeliveryPathControllerTest : Skipping order due to missing 'valid' field: {orderNo=670FA67F, orderDate=2025-02-10, orderStatus=VALID, orderValidationCode=NO_ERROR, priceTotalInPence=2600, pizzasInOrder=[{name=R2: Meat Lover, priceInPence=1400}, {name=R2: Vegan Delight, priceInPence=1100}], creditCardInformation={creditCardNumber=5348141293852143, creditCardExpiry=06/25, cvv=758}}
2025-01-16T16:58:21.571Z  WARN 26144 --- [PizzaDrone] [           main] a.e.i.p.c.CalcDeliveryPathControllerTest : Skipping order due to missing 'valid' field: {orderNo=0BEC4D49, orderDate=2025-02-11, orderStatus=VALID, orderValidationCode=NO_ERROR, priceTotalInPence=2500, pizzasInOrder=[{name=R1: Margarita, priceInPence=1000}, {name=R1: Calzone, priceInPence=1400}], creditCardInformation={creditCardNumber=5416974939583426, creditCardExpiry=09/25, cvv=271}}
2025-01-16T16:58:21.571Z  WARN 26144 --- [PizzaDrone] [           main] a.e.i.p.c.CalcDeliveryPathControllerTest : Skipping order due to missing 'valid' field: {orderNo=7985FCE0, orderDate=2025-02-11, orderStatus=VALID, orderValidationCode=NO_ERROR, priceTotalInPence=2600, pizzasInOrder=[{name=R2: Meat Lover, priceInPence=1400}, {name=R2: Vegan Delight, priceInPence=1100}], creditCardInformation={creditCardNumber=5536699492348025, creditCardExpiry=04/25, cvv=924}}
2025-01-16T16:58:21.571Z  WARN 26144 --- [PizzaDrone] [           main] a.e.i.p.c.CalcDeliveryPathControllerTest : Skipping order due to missing 'valid' field: {orderNo=3BD149F9, orderDate=2025-02-11, orderStatus=VALID, orderValidationCode=NO_ERROR, priceTotalInPence=2400, pizzasInOrder=[{name=R4: Proper Pizza, priceInPence=1400}, {name=R4: Pineapple & Ham & Cheese, priceInPence=900}], creditCardInformation={creditCardNumber=5363157027607819, creditCardExpiry=05/25, cvv=372}}
2025-01-16T16:58:21.571Z  WARN 26144 --- [PizzaDrone] [           main] a.e.i.p.c.CalcDeliveryPathControllerTest : Skipping order due to missing 'valid' field: {orderNo=6B56F8ED, orderDate=2025-02-11, orderStatus=VALID, orderValidationCode=NO_ERROR, priceTotalInPence=2400, pizzasInOrder=[{name=R6: Sucuk delight, priceInPence=1400}, {name=R6: Dreams of Syria, priceInPence=900}], creditCardInformation={creditCardNumber=4740189245743479, creditCardExpiry=08/25, cvv=515}}
2025-01-16T16:58:21.571Z  WARN 26144 --- [PizzaDrone] [           main] a.e.i.p.c.CalcDeliveryPathControllerTest : Skipping order due to missing 'valid' field: {orderNo=759CB098, orderDate=2025-02-11, orderStatus=VALID, orderValidationCode=NO_ERROR, priceTotalInPence=2400, pizzasInOrder=[{name=R7: Hot, hotter, the hottest, priceInPence=1400}, {name=R7: All you ever wanted, priceInPence=900}], creditCardInformation={creditCardNumber=2221914035531590, creditCardExpiry=08/25, cvv=633}}
2025-01-16T16:58:21.571Z  WARN 26144 --- [PizzaDrone] [           main] a.e.i.p.c.CalcDeliveryPathControllerTest : Skipping order due to missing 'valid' field: {orderNo=3815ABF9, orderDate=2025-02-11, orderStatus=VALID, orderValidationCode=NO_ERROR, priceTotalInPence=2500, pizzasInOrder=[{name=R1: Margarita, priceInPence=1000}, {name=R1: Calzone, priceInPence=1400}], creditCardInformation={creditCardNumber=4566667919499263, creditCardExpiry=01/26, cvv=046}}
2025-01-16T16:58:21.571Z  WARN 26144 --- [PizzaDrone] [           main] a.e.i.p.c.CalcDeliveryPathControllerTest : Skipping order due to missing 'valid' field: {orderNo=2E4C99E6, orderDate=2025-02-11, orderStatus=VALID, orderValidationCode=NO_ERROR, priceTotalInPence=2600, pizzasInOrder=[{name=R2: Meat Lover, priceInPence=1400}, {name=R2: Vegan Delight, priceInPence=1100}], creditCardInformation={creditCardNumber=5358196972871522, creditCardExpiry=03/26, cvv=217}}
2025-01-16T16:58:21.572Z  WARN 26144 --- [PizzaDrone] [           main] a.e.i.p.c.CalcDeliveryPathControllerTest : Skipping order due to missing 'valid' field: {orderNo=7B1CEAEF, orderDate=2025-02-11, orderStatus=VALID, orderValidationCode=NO_ERROR, priceTotalInPence=2400, pizzasInOrder=[{name=R4: Proper Pizza, priceInPence=1400}, {name=R4: Pineapple & Ham & Cheese, priceInPence=900}], creditCardInformation={creditCardNumber=4237825286151680, creditCardExpiry=04/25, cvv=822}}
2025-01-16T16:58:21.573Z  WARN 26144 --- [PizzaDrone] [           main] a.e.i.p.c.CalcDeliveryPathControllerTest : Skipping order due to missing 'valid' field: {orderNo=73FC3495, orderDate=2025-02-11, orderStatus=VALID, orderValidationCode=NO_ERROR, priceTotalInPence=2400, pizzasInOrder=[{name=R6: Sucuk delight, priceInPence=1400}, {name=R6: Dreams of Syria, priceInPence=900}], creditCardInformation={creditCardNumber=5330446742977833, creditCardExpiry=03/26, cvv=942}}
2025-01-16T16:58:21.573Z  WARN 26144 --- [PizzaDrone] [           main] a.e.i.p.c.CalcDeliveryPathControllerTest : Skipping order due to missing 'valid' field: {orderNo=3DCD2458, orderDate=2025-02-11, orderStatus=VALID, orderValidationCode=NO_ERROR, priceTotalInPence=2400, pizzasInOrder=[{name=R7: Hot, hotter, the hottest, priceInPence=1400}, {name=R7: All you ever wanted, priceInPence=900}], creditCardInformation={creditCardNumber=5144488640431642, creditCardExpiry=07/25, cvv=805}}
2025-01-16T16:58:21.573Z  WARN 26144 --- [PizzaDrone] [           main] a.e.i.p.c.CalcDeliveryPathControllerTest : Skipping order due to missing 'valid' field: {orderNo=02942BDC, orderDate=2025-02-12, orderStatus=VALID, orderValidationCode=NO_ERROR, priceTotalInPence=2600, pizzasInOrder=[{name=R2: Meat Lover, priceInPence=1400}, {name=R2: Vegan Delight, priceInPence=1100}], creditCardInformation={creditCardNumber=4675771710732555, creditCardExpiry=06/25, cvv=800}}
2025-01-16T16:58:21.573Z  WARN 26144 --- [PizzaDrone] [           main] a.e.i.p.c.CalcDeliveryPathControllerTest : Skipping order due to missing 'valid' field: {orderNo=42AA15B3, orderDate=2025-02-12, orderStatus=VALID, orderValidationCode=NO_ERROR, priceTotalInPence=2400, pizzasInOrder=[{name=R3: Super Cheese, priceInPence=1400}, {name=R3: All Shrooms, priceInPence=900}], creditCardInformation={creditCardNumber=5273645223352635, creditCardExpiry=04/26, cvv=968}}
2025-01-16T16:58:21.573Z  WARN 26144 --- [PizzaDrone] [           main] a.e.i.p.c.CalcDeliveryPathControllerTest : Skipping order due to missing 'valid' field: {orderNo=0E0BFB3E, orderDate=2025-02-12, orderStatus=VALID, orderValidationCode=NO_ERROR, priceTotalInPence=2400, pizzasInOrder=[{name=R4: Proper Pizza, priceInPence=1400}, {name=R4: Pineapple & Ham & Cheese, priceInPence=900}], creditCardInformation={creditCardNumber=4470916623530359, creditCardExpiry=10/25, cvv=421}}
2025-01-16T16:58:21.573Z  WARN 26144 --- [PizzaDrone] [           main] a.e.i.p.c.CalcDeliveryPathControllerTest : Skipping order due to missing 'valid' field: {orderNo=123899A9, orderDate=2025-02-12, orderStatus=VALID, orderValidationCode=NO_ERROR, priceTotalInPence=2400, pizzasInOrder=[{name=R6: Sucuk delight, priceInPence=1400}, {name=R6: Dreams of Syria, priceInPence=900}], creditCardInformation={creditCardNumber=5398780478290006, creditCardExpiry=08/25, cvv=417}}
2025-01-16T16:58:21.573Z  WARN 26144 --- [PizzaDrone] [           main] a.e.i.p.c.CalcDeliveryPathControllerTest : Skipping order due to missing 'valid' field: {orderNo=48439348, orderDate=2025-02-12, orderStatus=VALID, orderValidationCode=NO_ERROR, priceTotalInPence=2600, pizzasInOrder=[{name=R2: Meat Lover, priceInPence=1400}, {name=R2: Vegan Delight, priceInPence=1100}], creditCardInformation={creditCardNumber=2720487470035670, creditCardExpiry=02/26, cvv=241}}
2025-01-16T16:58:21.574Z  WARN 26144 --- [PizzaDrone] [           main] a.e.i.p.c.CalcDeliveryPathControllerTest : Skipping order due to missing 'valid' field: {orderNo=1145C08C, orderDate=2025-02-12, orderStatus=VALID, orderValidationCode=NO_ERROR, priceTotalInPence=2400, pizzasInOrder=[{name=R3: Super Cheese, priceInPence=1400}, {name=R3: All Shrooms, priceInPence=900}], creditCardInformation={creditCardNumber=4451406879334824, creditCardExpiry=09/25, cvv=417}}
2025-01-16T16:58:21.575Z  WARN 26144 --- [PizzaDrone] [           main] a.e.i.p.c.CalcDeliveryPathControllerTest : Skipping order due to missing 'valid' field: {orderNo=5181DAB5, orderDate=2025-02-12, orderStatus=VALID, orderValidationCode=NO_ERROR, priceTotalInPence=2400, pizzasInOrder=[{name=R4: Proper Pizza, priceInPence=1400}, {name=R4: Pineapple & Ham & Cheese, priceInPence=900}], creditCardInformation={creditCardNumber=4507799109728631, creditCardExpiry=03/25, cvv=840}}
2025-01-16T16:58:21.575Z  WARN 26144 --- [PizzaDrone] [           main] a.e.i.p.c.CalcDeliveryPathControllerTest : Skipping order due to missing 'valid' field: {orderNo=4B11E1C8, orderDate=2025-02-12, orderStatus=VALID, orderValidationCode=NO_ERROR, priceTotalInPence=2400, pizzasInOrder=[{name=R6: Sucuk delight, priceInPence=1400}, {name=R6: Dreams of Syria, priceInPence=900}], creditCardInformation={creditCardNumber=2720904218367827, creditCardExpiry=04/25, cvv=958}}
2025-01-16T16:58:21.575Z  WARN 26144 --- [PizzaDrone] [           main] a.e.i.p.c.CalcDeliveryPathControllerTest : Skipping order due to missing 'valid' field: {orderNo=0A882D8C, orderDate=2025-02-12, orderStatus=VALID, orderValidationCode=NO_ERROR, priceTotalInPence=2600, pizzasInOrder=[{name=R2: Meat Lover, priceInPence=1400}, {name=R2: Vegan Delight, priceInPence=1100}], creditCardInformation={creditCardNumber=4671805809312426, creditCardExpiry=02/26, cvv=427}}
2025-01-16T16:58:21.575Z  WARN 26144 --- [PizzaDrone] [           main] a.e.i.p.c.CalcDeliveryPathControllerTest : Skipping order due to missing 'valid' field: {orderNo=2F10E94C, orderDate=2025-02-12, orderStatus=VALID, orderValidationCode=NO_ERROR, priceTotalInPence=2400, pizzasInOrder=[{name=R3: Super Cheese, priceInPence=1400}, {name=R3: All Shrooms, priceInPence=900}], creditCardInformation={creditCardNumber=5453554804612908, creditCardExpiry=08/25, cvv=814}}
2025-01-16T16:58:21.575Z  WARN 26144 --- [PizzaDrone] [           main] a.e.i.p.c.CalcDeliveryPathControllerTest : Skipping order due to missing 'valid' field: {orderNo=0955B74E, orderDate=2025-02-13, orderStatus=VALID, orderValidationCode=NO_ERROR, priceTotalInPence=2600, pizzasInOrder=[{name=R2: Meat Lover, priceInPence=1400}, {name=R2: Vegan Delight, priceInPence=1100}], creditCardInformation={creditCardNumber=4315834193142852, creditCardExpiry=06/25, cvv=140}}
2025-01-16T16:58:21.575Z  WARN 26144 --- [PizzaDrone] [           main] a.e.i.p.c.CalcDeliveryPathControllerTest : Skipping order due to missing 'valid' field: {orderNo=5171FF0E, orderDate=2025-02-13, orderStatus=VALID, orderValidationCode=NO_ERROR, priceTotalInPence=2400, pizzasInOrder=[{name=R3: Super Cheese, priceInPence=1400}, {name=R3: All Shrooms, priceInPence=900}], creditCardInformation={creditCardNumber=5447119464639259, creditCardExpiry=09/25, cvv=789}}
2025-01-16T16:58:21.575Z  WARN 26144 --- [PizzaDrone] [           main] a.e.i.p.c.CalcDeliveryPathControllerTest : Skipping order due to missing 'valid' field: {orderNo=2AB4333D, orderDate=2025-02-13, orderStatus=VALID, orderValidationCode=NO_ERROR, priceTotalInPence=2400, pizzasInOrder=[{name=R5: Pizza Dream, priceInPence=1400}, {name=R5: My kind of pizza, priceInPence=900}], creditCardInformation={creditCardNumber=5127544144562968, creditCardExpiry=04/25, cvv=659}}
2025-01-16T16:58:21.576Z  WARN 26144 --- [PizzaDrone] [           main] a.e.i.p.c.CalcDeliveryPathControllerTest : Skipping order due to missing 'valid' field: {orderNo=167A0840, orderDate=2025-02-13, orderStatus=VALID, orderValidationCode=NO_ERROR, priceTotalInPence=2400, pizzasInOrder=[{name=R7: Hot, hotter, the hottest, priceInPence=1400}, {name=R7: All you ever wanted, priceInPence=900}], creditCardInformation={creditCardNumber=4663603052033439, creditCardExpiry=07/25, cvv=430}}
2025-01-16T16:58:21.576Z  WARN 26144 --- [PizzaDrone] [           main] a.e.i.p.c.CalcDeliveryPathControllerTest : Skipping order due to missing 'valid' field: {orderNo=4A23341E, orderDate=2025-02-13, orderStatus=VALID, orderValidationCode=NO_ERROR, priceTotalInPence=2600, pizzasInOrder=[{name=R2: Meat Lover, priceInPence=1400}, {name=R2: Vegan Delight, priceInPence=1100}], creditCardInformation={creditCardNumber=5105524497552531, creditCardExpiry=03/26, cvv=832}}
2025-01-16T16:58:21.576Z  WARN 26144 --- [PizzaDrone] [           main] a.e.i.p.c.CalcDeliveryPathControllerTest : Skipping order due to missing 'valid' field: {orderNo=5881CF69, orderDate=2025-02-13, orderStatus=VALID, orderValidationCode=NO_ERROR, priceTotalInPence=2400, pizzasInOrder=[{name=R3: Super Cheese, priceInPence=1400}, {name=R3: All Shrooms, priceInPence=900}], creditCardInformation={creditCardNumber=5231733116439395, creditCardExpiry=04/26, cvv=997}}
2025-01-16T16:58:21.576Z  WARN 26144 --- [PizzaDrone] [           main] a.e.i.p.c.CalcDeliveryPathControllerTest : Skipping order due to missing 'valid' field: {orderNo=012528C7, orderDate=2025-02-13, orderStatus=VALID, orderValidationCode=NO_ERROR, priceTotalInPence=2400, pizzasInOrder=[{name=R5: Pizza Dream, priceInPence=1400}, {name=R5: My kind of pizza, priceInPence=900}], creditCardInformation={creditCardNumber=5394870688776680, creditCardExpiry=11/25, cvv=548}}
2025-01-16T16:58:21.576Z  WARN 26144 --- [PizzaDrone] [           main] a.e.i.p.c.CalcDeliveryPathControllerTest : Skipping order due to missing 'valid' field: {orderNo=695C541E, orderDate=2025-02-13, orderStatus=VALID, orderValidationCode=NO_ERROR, priceTotalInPence=2400, pizzasInOrder=[{name=R7: Hot, hotter, the hottest, priceInPence=1400}, {name=R7: All you ever wanted, priceInPence=900}], creditCardInformation={creditCardNumber=4420565049210558, creditCardExpiry=11/25, cvv=960}}
2025-01-16T16:58:21.576Z  WARN 26144 --- [PizzaDrone] [           main] a.e.i.p.c.CalcDeliveryPathControllerTest : Skipping order due to missing 'valid' field: {orderNo=59FEB7F8, orderDate=2025-02-13, orderStatus=VALID, orderValidationCode=NO_ERROR, priceTotalInPence=2600, pizzasInOrder=[{name=R2: Meat Lover, priceInPence=1400}, {name=R2: Vegan Delight, priceInPence=1100}], creditCardInformation={creditCardNumber=5454814983003652, creditCardExpiry=07/25, cvv=567}}
2025-01-16T16:58:21.576Z  WARN 26144 --- [PizzaDrone] [           main] a.e.i.p.c.CalcDeliveryPathControllerTest : Skipping order due to missing 'valid' field: {orderNo=3434C8DE, orderDate=2025-02-13, orderStatus=VALID, orderValidationCode=NO_ERROR, priceTotalInPence=2400, pizzasInOrder=[{name=R3: Super Cheese, priceInPence=1400}, {name=R3: All Shrooms, priceInPence=900}], creditCardInformation={creditCardNumber=5548532850189077, creditCardExpiry=11/25, cvv=101}}
2025-01-16T16:58:21.576Z  WARN 26144 --- [PizzaDrone] [           main] a.e.i.p.c.CalcDeliveryPathControllerTest : Skipping order due to missing 'valid' field: {orderNo=6A5716D0, orderDate=2025-02-14, orderStatus=VALID, orderValidationCode=NO_ERROR, priceTotalInPence=2500, pizzasInOrder=[{name=R1: Margarita, priceInPence=1000}, {name=R1: Calzone, priceInPence=1400}], creditCardInformation={creditCardNumber=5123607192253493, creditCardExpiry=04/25, cvv=367}}
2025-01-16T16:58:21.576Z  WARN 26144 --- [PizzaDrone] [           main] a.e.i.p.c.CalcDeliveryPathControllerTest : Skipping order due to missing 'valid' field: {orderNo=55BB27FE, orderDate=2025-02-14, orderStatus=VALID, orderValidationCode=NO_ERROR, priceTotalInPence=2600, pizzasInOrder=[{name=R2: Meat Lover, priceInPence=1400}, {name=R2: Vegan Delight, priceInPence=1100}], creditCardInformation={creditCardNumber=5355948795540483, creditCardExpiry=04/25, cvv=322}}
2025-01-16T16:58:21.576Z  WARN 26144 --- [PizzaDrone] [           main] a.e.i.p.c.CalcDeliveryPathControllerTest : Skipping order due to missing 'valid' field: {orderNo=5A5705E8, orderDate=2025-02-14, orderStatus=VALID, orderValidationCode=NO_ERROR, priceTotalInPence=2400, pizzasInOrder=[{name=R3: Super Cheese, priceInPence=1400}, {name=R3: All Shrooms, priceInPence=900}], creditCardInformation={creditCardNumber=2221829099754948, creditCardExpiry=05/25, cvv=428}}
2025-01-16T16:58:21.576Z  WARN 26144 --- [PizzaDrone] [           main] a.e.i.p.c.CalcDeliveryPathControllerTest : Skipping order due to missing 'valid' field: {orderNo=3ED42D5C, orderDate=2025-02-14, orderStatus=VALID, orderValidationCode=NO_ERROR, priceTotalInPence=2400, pizzasInOrder=[{name=R7: Hot, hotter, the hottest, priceInPence=1400}, {name=R7: All you ever wanted, priceInPence=900}], creditCardInformation={creditCardNumber=5230971257169295, creditCardExpiry=05/25, cvv=359}}
2025-01-16T16:58:21.576Z  WARN 26144 --- [PizzaDrone] [           main] a.e.i.p.c.CalcDeliveryPathControllerTest : Skipping order due to missing 'valid' field: {orderNo=0B3B04EF, orderDate=2025-02-14, orderStatus=VALID, orderValidationCode=NO_ERROR, priceTotalInPence=2500, pizzasInOrder=[{name=R1: Margarita, priceInPence=1000}, {name=R1: Calzone, priceInPence=1400}], creditCardInformation={creditCardNumber=4179861960664763, creditCardExpiry=03/26, cvv=919}}
2025-01-16T16:58:21.576Z  WARN 26144 --- [PizzaDrone] [           main] a.e.i.p.c.CalcDeliveryPathControllerTest : Skipping order due to missing 'valid' field: {orderNo=3E22AC31, orderDate=2025-02-14, orderStatus=VALID, orderValidationCode=NO_ERROR, priceTotalInPence=2600, pizzasInOrder=[{name=R2: Meat Lover, priceInPence=1400}, {name=R2: Vegan Delight, priceInPence=1100}], creditCardInformation={creditCardNumber=5442782576938771, creditCardExpiry=07/25, cvv=329}}
2025-01-16T16:58:21.576Z  WARN 26144 --- [PizzaDrone] [           main] a.e.i.p.c.CalcDeliveryPathControllerTest : Skipping order due to missing 'valid' field: {orderNo=2CD0776D, orderDate=2025-02-14, orderStatus=VALID, orderValidationCode=NO_ERROR, priceTotalInPence=2400, pizzasInOrder=[{name=R3: Super Cheese, priceInPence=1400}, {name=R3: All Shrooms, priceInPence=900}], creditCardInformation={creditCardNumber=2221556078414257, creditCardExpiry=08/25, cvv=283}}
2025-01-16T16:58:21.576Z  WARN 26144 --- [PizzaDrone] [           main] a.e.i.p.c.CalcDeliveryPathControllerTest : Skipping order due to missing 'valid' field: {orderNo=1050C177, orderDate=2025-02-14, orderStatus=VALID, orderValidationCode=NO_ERROR, priceTotalInPence=2400, pizzasInOrder=[{name=R7: Hot, hotter, the hottest, priceInPence=1400}, {name=R7: All you ever wanted, priceInPence=900}], creditCardInformation={creditCardNumber=4813765823455420, creditCardExpiry=06/25, cvv=355}}
2025-01-16T16:58:21.576Z  WARN 26144 --- [PizzaDrone] [           main] a.e.i.p.c.CalcDeliveryPathControllerTest : Skipping order due to missing 'valid' field: {orderNo=26194906, orderDate=2025-02-14, orderStatus=VALID, orderValidationCode=NO_ERROR, priceTotalInPence=2500, pizzasInOrder=[{name=R1: Margarita, priceInPence=1000}, {name=R1: Calzone, priceInPence=1400}], creditCardInformation={creditCardNumber=5349258459845387, creditCardExpiry=05/25, cvv=359}}
2025-01-16T16:58:21.576Z  WARN 26144 --- [PizzaDrone] [           main] a.e.i.p.c.CalcDeliveryPathControllerTest : Skipping order due to missing 'valid' field: {orderNo=49ACD348, orderDate=2025-02-14, orderStatus=VALID, orderValidationCode=NO_ERROR, priceTotalInPence=2600, pizzasInOrder=[{name=R2: Meat Lover, priceInPence=1400}, {name=R2: Vegan Delight, priceInPence=1100}], creditCardInformation={creditCardNumber=5558528873450428, creditCardExpiry=11/25, cvv=305}}
]]></system-out>
  </testcase>
</testsuite>