<?xml version="1.0" encoding="UTF-8"?>
<testsuite xmlns:xsi="http://www.w3.org/2001/XMLSchema-instance" xsi:noNamespaceSchemaLocation="https://maven.apache.org/surefire/maven-surefire-plugin/xsd/surefire-test-report-3.0.xsd" version="3.0" name="uk.ac.ed.inf.pizzadrone.controllerUnitTest.ValidateOrderControllerTest" time="0.23" tests="1" errors="0" skipped="0" failures="0">
  <properties>
[...]
</properties>
  <testcase name="testValidateOrders" classname="uk.ac.ed.inf.pizzadrone.controllerUnitTest.ValidateOrderControllerTest" time="0.214">
    <system-out><![CDATA[2025-01-16T16:58:23.177Z  INFO 26144 --- [PizzaDrone] [           main] t.c.s.AnnotationConfigContextLoaderUtils : Could not detect default configuration classes for test class [uk.ac.ed.inf.pizzadrone.controllerUnitTest.ValidateOrderControllerTest]: ValidateOrderControllerTest does not declare any static, non-private, non-final, nested classes annotated with @Configuration.
2025-01-16T16:58:23.181Z  INFO 26144 --- [PizzaDrone] [           main] .b.t.c.SpringBootTestContextBootstrapper : Found @SpringBootConfiguration uk.ac.ed.inf.pizzadrone.PizzaDroneApplication for test class uk.ac.ed.inf.pizzadrone.controllerUnitTest.ValidateOrderControllerTest
2025-01-16T16:58:23.201Z  INFO 26144 --- [PizzaDrone] [           main] o.s.mock.web.MockServletContext          : Initializing Spring TestDispatcherServlet ''
2025-01-16T16:58:23.201Z  INFO 26144 --- [PizzaDrone] [           main] o.s.t.web.servlet.TestDispatcherServlet  : Initializing Servlet ''
2025-01-16T16:58:23.201Z  INFO 26144 --- [PizzaDrone] [           main] o.s.t.web.servlet.TestDispatcherServlet  : Completed initialization in 0 ms
2025-01-16T16:58:23.375Z  WARN 26144 --- [PizzaDrone] [           main] u.a.e.i.p.c.ValidateOrderControllerTest  : Skipping order due to missing 'valid' field: {orderNo=4DFCAD82, orderDate=2025-01-16, orderStatus=INVALID, orderValidationCode=CARD_NUMBER_INVALID, priceTotalInPence=2400, pizzasInOrder=[{name=R3: Super Cheese, priceInPence=1400}, {name=R3: All Shrooms, priceInPence=900}], creditCardInformation={creditCardNumber=293721, creditCardExpiry=02/25, cvv=629}}
2025-01-16T16:58:23.375Z  WARN 26144 --- [PizzaDrone] [           main] u.a.e.i.p.c.ValidateOrderControllerTest  : Skipping order due to missing 'valid' field: {orderNo=31C01BA4, orderDate=2025-01-16, orderStatus=INVALID, orderValidationCode=EXPIRY_DATE_INVALID, priceTotalInPence=2400, pizzasInOrder=[{name=R7: Hot, hotter, the hottest, priceInPence=1400}, {name=R7: All you ever wanted, priceInPence=900}], creditCardInformation={creditCardNumber=5272875155856201, creditCardExpiry=18/09, cvv=580}}
2025-01-16T16:58:23.375Z  WARN 26144 --- [PizzaDrone] [           main] u.a.e.i.p.c.ValidateOrderControllerTest  : Skipping order due to missing 'valid' field: {orderNo=2431706D, orderDate=2025-01-16, orderStatus=INVALID, orderValidationCode=CVV_INVALID, priceTotalInPence=2400, pizzasInOrder=[{name=R3: Super Cheese, priceInPence=1400}, {name=R3: All Shrooms, priceInPence=900}], creditCardInformation={creditCardNumber=2720665702271946, creditCardExpiry=03/25, cvv=65607}}
2025-01-16T16:58:23.375Z  WARN 26144 --- [PizzaDrone] [           main] u.a.e.i.p.c.ValidateOrderControllerTest  : Skipping order due to missing 'valid' field: {orderNo=776AC44E, orderDate=2025-01-16, orderStatus=INVALID, orderValidationCode=TOTAL_INCORRECT, priceTotalInPence=3138, pizzasInOrder=[{name=R2: Meat Lover, priceInPence=1400}, {name=R2: Vegan Delight, priceInPence=1100}], creditCardInformation={creditCardNumber=4754834877893851, creditCardExpiry=04/25, cvv=173}}
2025-01-16T16:58:23.375Z  WARN 26144 --- [PizzaDrone] [           main] u.a.e.i.p.c.ValidateOrderControllerTest  : Skipping order due to missing 'valid' field: {orderNo=5E195EBE, orderDate=2025-01-16, orderStatus=INVALID, orderValidationCode=PIZZA_NOT_DEFINED, priceTotalInPence=498705280, pizzasInOrder=[{name=R7: Hot, hotter, the hottest, priceInPence=1400}, {name=R7: All you ever wanted, priceInPence=900}, {name=Pizza-Surprise , priceInPence=498702880}], creditCardInformation={creditCardNumber=4465589520520117, creditCardExpiry=02/25, cvv=000}}
2025-01-16T16:58:23.375Z  WARN 26144 --- [PizzaDrone] [           main] u.a.e.i.p.c.ValidateOrderControllerTest  : Skipping order due to missing 'valid' field: {orderNo=61396FE4, orderDate=2025-01-16, orderStatus=INVALID, orderValidationCode=MAX_PIZZA_COUNT_EXCEEDED, priceTotalInPence=8200, pizzasInOrder=[{name=R2: Meat Lover, priceInPence=1400}, {name=R2: Vegan Delight, priceInPence=1100}, {name=R2: Meat Lover, priceInPence=1400}, {name=R2: Meat Lover, priceInPence=1400}, {name=R2: Meat Lover, priceInPence=1400}, {name=R2: Meat Lover, priceInPence=1400}], creditCardInformation={creditCardNumber=5244332165222482, creditCardExpiry=02/25, cvv=861}}
2025-01-16T16:58:23.375Z  WARN 26144 --- [PizzaDrone] [           main] u.a.e.i.p.c.ValidateOrderControllerTest  : Skipping order due to missing 'valid' field: {orderNo=25F3B29E, orderDate=2025-01-16, orderStatus=INVALID, orderValidationCode=PIZZA_FROM_MULTIPLE_RESTAURANTS, priceTotalInPence=3800, pizzasInOrder=[{name=R3: Super Cheese, priceInPence=1400}, {name=R3: All Shrooms, priceInPence=900}, {name=R2: Meat Lover, priceInPence=1400}], creditCardInformation={creditCardNumber=5368826341039066, creditCardExpiry=04/25, cvv=291}}
2025-01-16T16:58:23.375Z  WARN 26144 --- [PizzaDrone] [           main] u.a.e.i.p.c.ValidateOrderControllerTest  : Skipping order due to missing 'valid' field: {orderNo=29D1FCCB, orderDate=2025-01-16, orderStatus=INVALID, orderValidationCode=RESTAURANT_CLOSED, priceTotalInPence=1100, pizzasInOrder=[{name=R1: Margarita, priceInPence=1000}], creditCardInformation={creditCardNumber=5397231656664613, creditCardExpiry=05/25, cvv=778}}
2025-01-16T16:58:23.375Z  WARN 26144 --- [PizzaDrone] [           main] u.a.e.i.p.c.ValidateOrderControllerTest  : Skipping order due to missing 'valid' field: {orderNo=0B6ABA06, orderDate=2025-01-16, orderStatus=INVALID, orderValidationCode=PRICE_FOR_PIZZA_INVALID, priceTotalInPence=2500, pizzasInOrder=[{name=R5: My kind of pizza, priceInPence=900}, {name=R5: Pizza Dream, priceInPence=1500}], creditCardInformation={creditCardNumber=4978103656873496, creditCardExpiry=05/25, cvv=288}}
2025-01-16T16:58:23.375Z  WARN 26144 --- [PizzaDrone] [           main] u.a.e.i.p.c.ValidateOrderControllerTest  : Skipping order due to missing 'valid' field: {orderNo=74CA1949, orderDate=2025-01-16, orderStatus=INVALID, orderValidationCode=EMPTY_ORDER, priceTotalInPence=100, pizzasInOrder=[], creditCardInformation={creditCardNumber=2720505703918212, creditCardExpiry=12/25, cvv=656}}
2025-01-16T16:58:23.375Z  WARN 26144 --- [PizzaDrone] [           main] u.a.e.i.p.c.ValidateOrderControllerTest  : Skipping order due to missing 'valid' field: {orderNo=0DD88BB3, orderDate=2025-01-17, orderStatus=INVALID, orderValidationCode=CARD_NUMBER_INVALID, priceTotalInPence=2500, pizzasInOrder=[{name=R1: Margarita, priceInPence=1000}, {name=R1: Calzone, priceInPence=1400}], creditCardInformation={creditCardNumber=3, creditCardExpiry=06/25, cvv=099}}
2025-01-16T16:58:23.375Z  WARN 26144 --- [PizzaDrone] [           main] u.a.e.i.p.c.ValidateOrderControllerTest  : Skipping order due to missing 'valid' field: {orderNo=1D323C01, orderDate=2025-01-17, orderStatus=INVALID, orderValidationCode=EXPIRY_DATE_INVALID, priceTotalInPence=2400, pizzasInOrder=[{name=R3: Super Cheese, priceInPence=1400}, {name=R3: All Shrooms, priceInPence=900}], creditCardInformation={creditCardNumber=5422392506170539, creditCardExpiry=10/02, cvv=553}}
2025-01-16T16:58:23.375Z  WARN 26144 --- [PizzaDrone] [           main] u.a.e.i.p.c.ValidateOrderControllerTest  : Skipping order due to missing 'valid' field: {orderNo=70611862, orderDate=2025-01-17, orderStatus=INVALID, orderValidationCode=CVV_INVALID, priceTotalInPence=2400, pizzasInOrder=[{name=R7: Hot, hotter, the hottest, priceInPence=1400}, {name=R7: All you ever wanted, priceInPence=900}], creditCardInformation={creditCardNumber=4402810654550662, creditCardExpiry=02/26, cvv=5656}}
2025-01-16T16:58:23.375Z  WARN 26144 --- [PizzaDrone] [           main] u.a.e.i.p.c.ValidateOrderControllerTest  : Skipping order due to missing 'valid' field: {orderNo=7A714820, orderDate=2025-01-17, orderStatus=INVALID, orderValidationCode=TOTAL_INCORRECT, priceTotalInPence=2950, pizzasInOrder=[{name=R3: Super Cheese, priceInPence=1400}, {name=R3: All Shrooms, priceInPence=900}], creditCardInformation={creditCardNumber=4950424458519414, creditCardExpiry=02/26, cvv=771}}
2025-01-16T16:58:23.375Z  WARN 26144 --- [PizzaDrone] [           main] u.a.e.i.p.c.ValidateOrderControllerTest  : Skipping order due to missing 'valid' field: {orderNo=7E74FF0A, orderDate=2025-01-17, orderStatus=INVALID, orderValidationCode=PIZZA_NOT_DEFINED, priceTotalInPence=498705280, pizzasInOrder=[{name=R7: Hot, hotter, the hottest, priceInPence=1400}, {name=R7: All you ever wanted, priceInPence=900}, {name=Pizza-Surprise , priceInPence=498702880}], creditCardInformation={creditCardNumber=4574733039444546, creditCardExpiry=05/25, cvv=387}}
2025-01-16T16:58:23.375Z  WARN 26144 --- [PizzaDrone] [           main] u.a.e.i.p.c.ValidateOrderControllerTest  : Skipping order due to missing 'valid' field: {orderNo=08C5EC82, orderDate=2025-01-17, orderStatus=INVALID, orderValidationCode=MAX_PIZZA_COUNT_EXCEEDED, priceTotalInPence=8000, pizzasInOrder=[{name=R3: Super Cheese, priceInPence=1400}, {name=R3: All Shrooms, priceInPence=900}, {name=R3: Super Cheese, priceInPence=1400}, {name=R3: Super Cheese, priceInPence=1400}, {name=R3: Super Cheese, priceInPence=1400}, {name=R3: Super Cheese, priceInPence=1400}], creditCardInformation={creditCardNumber=5178873746099295, creditCardExpiry=02/26, cvv=602}}
2025-01-16T16:58:23.375Z  WARN 26144 --- [PizzaDrone] [           main] u.a.e.i.p.c.ValidateOrderControllerTest  : Skipping order due to missing 'valid' field: {orderNo=5CB3CEE5, orderDate=2025-01-17, orderStatus=INVALID, orderValidationCode=PIZZA_FROM_MULTIPLE_RESTAURANTS, priceTotalInPence=3400, pizzasInOrder=[{name=R3: Super Cheese, priceInPence=1400}, {name=R3: All Shrooms, priceInPence=900}, {name=R1: Margarita, priceInPence=1000}], creditCardInformation={creditCardNumber=4565499712697815, creditCardExpiry=08/25, cvv=468}}
2025-01-16T16:58:23.375Z  WARN 26144 --- [PizzaDrone] [           main] u.a.e.i.p.c.ValidateOrderControllerTest  : Skipping order due to missing 'valid' field: {orderNo=750B1D7F, orderDate=2025-01-17, orderStatus=INVALID, orderValidationCode=RESTAURANT_CLOSED, priceTotalInPence=1500, pizzasInOrder=[{name=R4: Proper Pizza, priceInPence=1400}], creditCardInformation={creditCardNumber=4465326937680576, creditCardExpiry=09/25, cvv=468}}
2025-01-16T16:58:23.375Z  WARN 26144 --- [PizzaDrone] [           main] u.a.e.i.p.c.ValidateOrderControllerTest  : Skipping order due to missing 'valid' field: {orderNo=174D0740, orderDate=2025-01-17, orderStatus=INVALID, orderValidationCode=PRICE_FOR_PIZZA_INVALID, priceTotalInPence=2500, pizzasInOrder=[{name=R3: All Shrooms, priceInPence=900}, {name=R3: Super Cheese, priceInPence=1500}], creditCardInformation={creditCardNumber=4042739633414607, creditCardExpiry=01/26, cvv=812}}
2025-01-16T16:58:23.375Z  WARN 26144 --- [PizzaDrone] [           main] u.a.e.i.p.c.ValidateOrderControllerTest  : Skipping order due to missing 'valid' field: {orderNo=0543B224, orderDate=2025-01-17, orderStatus=INVALID, orderValidationCode=EMPTY_ORDER, priceTotalInPence=100, pizzasInOrder=[], creditCardInformation={creditCardNumber=5240341557713762, creditCardExpiry=02/25, cvv=958}}
2025-01-16T16:58:23.375Z  WARN 26144 --- [PizzaDrone] [           main] u.a.e.i.p.c.ValidateOrderControllerTest  : Skipping order due to missing 'valid' field: {orderNo=4E8C5660, orderDate=2025-01-18, orderStatus=INVALID, orderValidationCode=CARD_NUMBER_INVALID, priceTotalInPence=2400, pizzasInOrder=[{name=R5: Pizza Dream, priceInPence=1400}, {name=R5: My kind of pizza, priceInPence=900}], creditCardInformation={creditCardNumber=6032429, creditCardExpiry=01/26, cvv=499}}
2025-01-16T16:58:23.375Z  WARN 26144 --- [PizzaDrone] [           main] u.a.e.i.p.c.ValidateOrderControllerTest  : Skipping order due to missing 'valid' field: {orderNo=446E6413, orderDate=2025-01-18, orderStatus=INVALID, orderValidationCode=EXPIRY_DATE_INVALID, priceTotalInPence=2500, pizzasInOrder=[{name=R1: Margarita, priceInPence=1000}, {name=R1: Calzone, priceInPence=1400}], creditCardInformation={creditCardNumber=5358241844213345, creditCardExpiry=11/15, cvv=728}}
2025-01-16T16:58:23.375Z  WARN 26144 --- [PizzaDrone] [           main] u.a.e.i.p.c.ValidateOrderControllerTest  : Skipping order due to missing 'valid' field: {orderNo=594CE407, orderDate=2025-01-18, orderStatus=INVALID, orderValidationCode=CVV_INVALID, priceTotalInPence=2500, pizzasInOrder=[{name=R1: Margarita, priceInPence=1000}, {name=R1: Calzone, priceInPence=1400}], creditCardInformation={creditCardNumber=5537828007503779, creditCardExpiry=10/25, cvv=38996}}
2025-01-16T16:58:23.375Z  WARN 26144 --- [PizzaDrone] [           main] u.a.e.i.p.c.ValidateOrderControllerTest  : Skipping order due to missing 'valid' field: {orderNo=2F8E7C9A, orderDate=2025-01-18, orderStatus=INVALID, orderValidationCode=TOTAL_INCORRECT, priceTotalInPence=3109, pizzasInOrder=[{name=R4: Proper Pizza, priceInPence=1400}, {name=R4: Pineapple & Ham & Cheese, priceInPence=900}], creditCardInformation={creditCardNumber=4463156180135958, creditCardExpiry=09/25, cvv=074}}
2025-01-16T16:58:23.375Z  WARN 26144 --- [PizzaDrone] [           main] u.a.e.i.p.c.ValidateOrderControllerTest  : Skipping order due to missing 'valid' field: {orderNo=736E7048, orderDate=2025-01-18, orderStatus=INVALID, orderValidationCode=PIZZA_NOT_DEFINED, priceTotalInPence=498705380, pizzasInOrder=[{name=R1: Margarita, priceInPence=1000}, {name=R1: Calzone, priceInPence=1400}, {name=Pizza-Surprise , priceInPence=498702880}], creditCardInformation={creditCardNumber=5539739988871630, creditCardExpiry=01/26, cvv=647}}
2025-01-16T16:58:23.375Z  WARN 26144 --- [PizzaDrone] [           main] u.a.e.i.p.c.ValidateOrderControllerTest  : Skipping order due to missing 'valid' field: {orderNo=3853D4D8, orderDate=2025-01-18, orderStatus=INVALID, orderValidationCode=MAX_PIZZA_COUNT_EXCEEDED, priceTotalInPence=6500, pizzasInOrder=[{name=R1: Margarita, priceInPence=1000}, {name=R1: Calzone, priceInPence=1400}, {name=R1: Margarita, priceInPence=1000}, {name=R1: Margarita, priceInPence=1000}, {name=R1: Margarita, priceInPence=1000}, {name=R1: Margarita, priceInPence=1000}], creditCardInformation={creditCardNumber=5101575367409180, creditCardExpiry=02/25, cvv=121}}
2025-01-16T16:58:23.375Z  WARN 26144 --- [PizzaDrone] [           main] u.a.e.i.p.c.ValidateOrderControllerTest  : Skipping order due to missing 'valid' field: {orderNo=1D0895D7, orderDate=2025-01-18, orderStatus=INVALID, orderValidationCode=PIZZA_FROM_MULTIPLE_RESTAURANTS, priceTotalInPence=3400, pizzasInOrder=[{name=R5: Pizza Dream, priceInPence=1400}, {name=R5: My kind of pizza, priceInPence=900}, {name=R1: Margarita, priceInPence=1000}], creditCardInformation={creditCardNumber=2221896959351453, creditCardExpiry=09/25, cvv=933}}
2025-01-16T16:58:23.375Z  WARN 26144 --- [PizzaDrone] [           main] u.a.e.i.p.c.ValidateOrderControllerTest  : Skipping order due to missing 'valid' field: {orderNo=04012C39, orderDate=2025-01-18, orderStatus=INVALID, orderValidationCode=RESTAURANT_CLOSED, priceTotalInPence=1500, pizzasInOrder=[{name=R2: Meat Lover, priceInPence=1400}], creditCardInformation={creditCardNumber=5461215610680030, creditCardExpiry=01/26, cvv=651}}
2025-01-16T16:58:23.375Z  WARN 26144 --- [PizzaDrone] [           main] u.a.e.i.p.c.ValidateOrderControllerTest  : Skipping order due to missing 'valid' field: {orderNo=7DA6ABB6, orderDate=2025-01-18, orderStatus=INVALID, orderValidationCode=PRICE_FOR_PIZZA_INVALID, priceTotalInPence=2500, pizzasInOrder=[{name=R3: All Shrooms, priceInPence=900}, {name=R3: Super Cheese, priceInPence=1500}], creditCardInformation={creditCardNumber=4245928580253960, creditCardExpiry=10/25, cvv=243}}
2025-01-16T16:58:23.375Z  WARN 26144 --- [PizzaDrone] [           main] u.a.e.i.p.c.ValidateOrderControllerTest  : Skipping order due to missing 'valid' field: {orderNo=1A44D877, orderDate=2025-01-18, orderStatus=INVALID, orderValidationCode=EMPTY_ORDER, priceTotalInPence=100, pizzasInOrder=[], creditCardInformation={creditCardNumber=2221919651772113, creditCardExpiry=09/25, cvv=874}}
2025-01-16T16:58:23.375Z  WARN 26144 --- [PizzaDrone] [           main] u.a.e.i.p.c.ValidateOrderControllerTest  : Skipping order due to missing 'valid' field: {orderNo=50BB05F4, orderDate=2025-01-19, orderStatus=INVALID, orderValidationCode=CARD_NUMBER_INVALID, priceTotalInPence=2500, pizzasInOrder=[{name=R1: Margarita, priceInPence=1000}, {name=R1: Calzone, priceInPence=1400}], creditCardInformation={creditCardNumber=5872185, creditCardExpiry=03/25, cvv=898}}
2025-01-16T16:58:23.376Z  WARN 26144 --- [PizzaDrone] [           main] u.a.e.i.p.c.ValidateOrderControllerTest  : Skipping order due to missing 'valid' field: {orderNo=1E11DE72, orderDate=2025-01-19, orderStatus=INVALID, orderValidationCode=EXPIRY_DATE_INVALID, priceTotalInPence=2400, pizzasInOrder=[{name=R6: Sucuk delight, priceInPence=1400}, {name=R6: Dreams of Syria, priceInPence=900}], creditCardInformation={creditCardNumber=4493243847088632, creditCardExpiry=04/06, cvv=580}}
2025-01-16T16:58:23.376Z  WARN 26144 --- [PizzaDrone] [           main] u.a.e.i.p.c.ValidateOrderControllerTest  : Skipping order due to missing 'valid' field: {orderNo=17BF7B00, orderDate=2025-01-19, orderStatus=INVALID, orderValidationCode=CVV_INVALID, priceTotalInPence=2400, pizzasInOrder=[{name=R5: Pizza Dream, priceInPence=1400}, {name=R5: My kind of pizza, priceInPence=900}], creditCardInformation={creditCardNumber=5295046591335324, creditCardExpiry=08/25, cvv=461949}}
2025-01-16T16:58:23.376Z  WARN 26144 --- [PizzaDrone] [           main] u.a.e.i.p.c.ValidateOrderControllerTest  : Skipping order due to missing 'valid' field: {orderNo=034D0CAA, orderDate=2025-01-19, orderStatus=INVALID, orderValidationCode=TOTAL_INCORRECT, priceTotalInPence=2317, pizzasInOrder=[{name=R6: Sucuk delight, priceInPence=1400}, {name=R6: Dreams of Syria, priceInPence=900}], creditCardInformation={creditCardNumber=5156059943512282, creditCardExpiry=10/25, cvv=939}}
2025-01-16T16:58:23.376Z  WARN 26144 --- [PizzaDrone] [           main] u.a.e.i.p.c.ValidateOrderControllerTest  : Skipping order due to missing 'valid' field: {orderNo=46213373, orderDate=2025-01-19, orderStatus=INVALID, orderValidationCode=PIZZA_NOT_DEFINED, priceTotalInPence=498705280, pizzasInOrder=[{name=R5: Pizza Dream, priceInPence=1400}, {name=R5: My kind of pizza, priceInPence=900}, {name=Pizza-Surprise , priceInPence=498702880}], creditCardInformation={creditCardNumber=5127555230441883, creditCardExpiry=03/26, cvv=372}}
2025-01-16T16:58:23.376Z  WARN 26144 --- [PizzaDrone] [           main] u.a.e.i.p.c.ValidateOrderControllerTest  : Skipping order due to missing 'valid' field: {orderNo=14CFEA85, orderDate=2025-01-19, orderStatus=INVALID, orderValidationCode=MAX_PIZZA_COUNT_EXCEEDED, priceTotalInPence=8000, pizzasInOrder=[{name=R5: Pizza Dream, priceInPence=1400}, {name=R5: My kind of pizza, priceInPence=900}, {name=R5: Pizza Dream, priceInPence=1400}, {name=R5: Pizza Dream, priceInPence=1400}, {name=R5: Pizza Dream, priceInPence=1400}, {name=R5: Pizza Dream, priceInPence=1400}], creditCardInformation={creditCardNumber=5503228646390508, creditCardExpiry=06/25, cvv=099}}
2025-01-16T16:58:23.376Z  WARN 26144 --- [PizzaDrone] [           main] u.a.e.i.p.c.ValidateOrderControllerTest  : Skipping order due to missing 'valid' field: {orderNo=006BB4B4, orderDate=2025-01-19, orderStatus=INVALID, orderValidationCode=PIZZA_FROM_MULTIPLE_RESTAURANTS, priceTotalInPence=3900, pizzasInOrder=[{name=R1: Margarita, priceInPence=1000}, {name=R1: Calzone, priceInPence=1400}, {name=R3: Super Cheese, priceInPence=1400}], creditCardInformation={creditCardNumber=2720161600434208, creditCardExpiry=02/26, cvv=832}}
2025-01-16T16:58:23.376Z  WARN 26144 --- [PizzaDrone] [           main] u.a.e.i.p.c.ValidateOrderControllerTest  : Skipping order due to missing 'valid' field: {orderNo=7B925401, orderDate=2025-01-19, orderStatus=INVALID, orderValidationCode=RESTAURANT_CLOSED, priceTotalInPence=1500, pizzasInOrder=[{name=R2: Meat Lover, priceInPence=1400}], creditCardInformation={creditCardNumber=4522659507324824, creditCardExpiry=08/25, cvv=601}}
2025-01-16T16:58:23.376Z  WARN 26144 --- [PizzaDrone] [           main] u.a.e.i.p.c.ValidateOrderControllerTest  : Skipping order due to missing 'valid' field: {orderNo=68011FBB, orderDate=2025-01-19, orderStatus=INVALID, orderValidationCode=PRICE_FOR_PIZZA_INVALID, priceTotalInPence=2600, pizzasInOrder=[{name=R1: Calzone, priceInPence=1400}, {name=R1: Margarita, priceInPence=1100}], creditCardInformation={creditCardNumber=4003733886234215, creditCardExpiry=11/25, cvv=429}}
2025-01-16T16:58:23.376Z  WARN 26144 --- [PizzaDrone] [           main] u.a.e.i.p.c.ValidateOrderControllerTest  : Skipping order due to missing 'valid' field: {orderNo=6D210182, orderDate=2025-01-19, orderStatus=INVALID, orderValidationCode=EMPTY_ORDER, priceTotalInPence=100, pizzasInOrder=[], creditCardInformation={creditCardNumber=4664365458809858, creditCardExpiry=10/25, cvv=027}}
2025-01-16T16:58:23.376Z  WARN 26144 --- [PizzaDrone] [           main] u.a.e.i.p.c.ValidateOrderControllerTest  : Skipping order due to missing 'valid' field: {orderNo=6C47DAEC, orderDate=2025-01-20, orderStatus=INVALID, orderValidationCode=CARD_NUMBER_INVALID, priceTotalInPence=2400, pizzasInOrder=[{name=R6: Sucuk delight, priceInPence=1400}, {name=R6: Dreams of Syria, priceInPence=900}], creditCardInformation={creditCardNumber=38926608481, creditCardExpiry=02/26, cvv=887}}
2025-01-16T16:58:23.376Z  WARN 26144 --- [PizzaDrone] [           main] u.a.e.i.p.c.ValidateOrderControllerTest  : Skipping order due to missing 'valid' field: {orderNo=73E6BD63, orderDate=2025-01-20, orderStatus=INVALID, orderValidationCode=EXPIRY_DATE_INVALID, priceTotalInPence=2500, pizzasInOrder=[{name=R1: Margarita, priceInPence=1000}, {name=R1: Calzone, priceInPence=1400}], creditCardInformation={creditCardNumber=4281722765388484, creditCardExpiry=18/07, cvv=113}}
2025-01-16T16:58:23.376Z  WARN 26144 --- [PizzaDrone] [           main] u.a.e.i.p.c.ValidateOrderControllerTest  : Skipping order due to missing 'valid' field: {orderNo=07B96E83, orderDate=2025-01-20, orderStatus=INVALID, orderValidationCode=CVV_INVALID, priceTotalInPence=2600, pizzasInOrder=[{name=R2: Meat Lover, priceInPence=1400}, {name=R2: Vegan Delight, priceInPence=1100}], creditCardInformation={creditCardNumber=2720230533981187, creditCardExpiry=05/25, cvv=731085}}
2025-01-16T16:58:23.376Z  WARN 26144 --- [PizzaDrone] [           main] u.a.e.i.p.c.ValidateOrderControllerTest  : Skipping order due to missing 'valid' field: {orderNo=62FB01CB, orderDate=2025-01-20, orderStatus=INVALID, orderValidationCode=TOTAL_INCORRECT, priceTotalInPence=3210, pizzasInOrder=[{name=R5: Pizza Dream, priceInPence=1400}, {name=R5: My kind of pizza, priceInPence=900}], creditCardInformation={creditCardNumber=4346321185617474, creditCardExpiry=05/25, cvv=987}}
2025-01-16T16:58:23.376Z  WARN 26144 --- [PizzaDrone] [           main] u.a.e.i.p.c.ValidateOrderControllerTest  : Skipping order due to missing 'valid' field: {orderNo=7CA717BD, orderDate=2025-01-20, orderStatus=INVALID, orderValidationCode=PIZZA_NOT_DEFINED, priceTotalInPence=498705480, pizzasInOrder=[{name=R2: Meat Lover, priceInPence=1400}, {name=R2: Vegan Delight, priceInPence=1100}, {name=Pizza-Surprise , priceInPence=498702880}], creditCardInformation={creditCardNumber=4492467018669349, creditCardExpiry=09/25, cvv=620}}
2025-01-16T16:58:23.376Z  WARN 26144 --- [PizzaDrone] [           main] u.a.e.i.p.c.ValidateOrderControllerTest  : Skipping order due to missing 'valid' field: {orderNo=063F751E, orderDate=2025-01-20, orderStatus=INVALID, orderValidationCode=MAX_PIZZA_COUNT_EXCEEDED, priceTotalInPence=8200, pizzasInOrder=[{name=R2: Meat Lover, priceInPence=1400}, {name=R2: Vegan Delight, priceInPence=1100}, {name=R2: Meat Lover, priceInPence=1400}, {name=R2: Meat Lover, priceInPence=1400}, {name=R2: Meat Lover, priceInPence=1400}, {name=R2: Meat Lover, priceInPence=1400}], creditCardInformation={creditCardNumber=4600379373281090, creditCardExpiry=09/25, cvv=240}}
2025-01-16T16:58:23.376Z  WARN 26144 --- [PizzaDrone] [           main] u.a.e.i.p.c.ValidateOrderControllerTest  : Skipping order due to missing 'valid' field: {orderNo=0BD94D0C, orderDate=2025-01-20, orderStatus=INVALID, orderValidationCode=PIZZA_FROM_MULTIPLE_RESTAURANTS, priceTotalInPence=3400, pizzasInOrder=[{name=R6: Sucuk delight, priceInPence=1400}, {name=R6: Dreams of Syria, priceInPence=900}, {name=R1: Margarita, priceInPence=1000}], creditCardInformation={creditCardNumber=4319735019982619, creditCardExpiry=04/25, cvv=943}}
2025-01-16T16:58:23.376Z  WARN 26144 --- [PizzaDrone] [           main] u.a.e.i.p.c.ValidateOrderControllerTest  : Skipping order due to missing 'valid' field: {orderNo=5F01E605, orderDate=2025-01-20, orderStatus=INVALID, orderValidationCode=RESTAURANT_CLOSED, priceTotalInPence=1500, pizzasInOrder=[{name=R3: Super Cheese, priceInPence=1400}], creditCardInformation={creditCardNumber=5194381758105091, creditCardExpiry=02/25, cvv=823}}
2025-01-16T16:58:23.376Z  WARN 26144 --- [PizzaDrone] [           main] u.a.e.i.p.c.ValidateOrderControllerTest  : Skipping order due to missing 'valid' field: {orderNo=54B0DBF4, orderDate=2025-01-20, orderStatus=INVALID, orderValidationCode=PRICE_FOR_PIZZA_INVALID, priceTotalInPence=2500, pizzasInOrder=[{name=R6: Dreams of Syria, priceInPence=900}, {name=R6: Sucuk delight, priceInPence=1500}], creditCardInformation={creditCardNumber=5465296394729884, creditCardExpiry=08/25, cvv=208}}
2025-01-16T16:58:23.376Z  WARN 26144 --- [PizzaDrone] [           main] u.a.e.i.p.c.ValidateOrderControllerTest  : Skipping order due to missing 'valid' field: {orderNo=5E8C1981, orderDate=2025-01-20, orderStatus=INVALID, orderValidationCode=EMPTY_ORDER, priceTotalInPence=100, pizzasInOrder=[], creditCardInformation={creditCardNumber=5430771457067671, creditCardExpiry=07/25, cvv=394}}
2025-01-16T16:58:23.376Z  WARN 26144 --- [PizzaDrone] [           main] u.a.e.i.p.c.ValidateOrderControllerTest  : Skipping order due to missing 'valid' field: {orderNo=59C9BCD1, orderDate=2025-01-21, orderStatus=INVALID, orderValidationCode=CARD_NUMBER_INVALID, priceTotalInPence=2400, pizzasInOrder=[{name=R4: Proper Pizza, priceInPence=1400}, {name=R4: Pineapple & Ham & Cheese, priceInPence=900}], creditCardInformation={creditCardNumber=252660665747, creditCardExpiry=02/26, cvv=396}}
2025-01-16T16:58:23.376Z  WARN 26144 --- [PizzaDrone] [           main] u.a.e.i.p.c.ValidateOrderControllerTest  : Skipping order due to missing 'valid' field: {orderNo=63571F2B, orderDate=2025-01-21, orderStatus=INVALID, orderValidationCode=EXPIRY_DATE_INVALID, priceTotalInPence=2400, pizzasInOrder=[{name=R7: Hot, hotter, the hottest, priceInPence=1400}, {name=R7: All you ever wanted, priceInPence=900}], creditCardInformation={creditCardNumber=4991453028990194, creditCardExpiry=11/13, cvv=092}}
2025-01-16T16:58:23.376Z  WARN 26144 --- [PizzaDrone] [           main] u.a.e.i.p.c.ValidateOrderControllerTest  : Skipping order due to missing 'valid' field: {orderNo=2651C4F4, orderDate=2025-01-21, orderStatus=INVALID, orderValidationCode=CVV_INVALID, priceTotalInPence=2400, pizzasInOrder=[{name=R4: Proper Pizza, priceInPence=1400}, {name=R4: Pineapple & Ham & Cheese, priceInPence=900}], creditCardInformation={creditCardNumber=4460909540554505, creditCardExpiry=04/25, cvv=4031}}
2025-01-16T16:58:23.376Z  WARN 26144 --- [PizzaDrone] [           main] u.a.e.i.p.c.ValidateOrderControllerTest  : Skipping order due to missing 'valid' field: {orderNo=7FBBBD0E, orderDate=2025-01-21, orderStatus=INVALID, orderValidationCode=TOTAL_INCORRECT, priceTotalInPence=2511, pizzasInOrder=[{name=R1: Margarita, priceInPence=1000}, {name=R1: Calzone, priceInPence=1400}], creditCardInformation={creditCardNumber=4345658431349654, creditCardExpiry=09/25, cvv=107}}
2025-01-16T16:58:23.376Z  WARN 26144 --- [PizzaDrone] [           main] u.a.e.i.p.c.ValidateOrderControllerTest  : Skipping order due to missing 'valid' field: {orderNo=68D6DECA, orderDate=2025-01-21, orderStatus=INVALID, orderValidationCode=PIZZA_NOT_DEFINED, priceTotalInPence=498705280, pizzasInOrder=[{name=R7: Hot, hotter, the hottest, priceInPence=1400}, {name=R7: All you ever wanted, priceInPence=900}, {name=Pizza-Surprise , priceInPence=498702880}], creditCardInformation={creditCardNumber=4472820988367910, creditCardExpiry=10/25, cvv=406}}
2025-01-16T16:58:23.376Z  WARN 26144 --- [PizzaDrone] [           main] u.a.e.i.p.c.ValidateOrderControllerTest  : Skipping order due to missing 'valid' field: {orderNo=77B3F637, orderDate=2025-01-21, orderStatus=INVALID, orderValidationCode=MAX_PIZZA_COUNT_EXCEEDED, priceTotalInPence=8000, pizzasInOrder=[{name=R6: Sucuk delight, priceInPence=1400}, {name=R6: Dreams of Syria, priceInPence=900}, {name=R6: Sucuk delight, priceInPence=1400}, {name=R6: Sucuk delight, priceInPence=1400}, {name=R6: Sucuk delight, priceInPence=1400}, {name=R6: Sucuk delight, priceInPence=1400}], creditCardInformation={creditCardNumber=4330684323413090, creditCardExpiry=01/26, cvv=688}}
2025-01-16T16:58:23.376Z  WARN 26144 --- [PizzaDrone] [           main] u.a.e.i.p.c.ValidateOrderControllerTest  : Skipping order due to missing 'valid' field: {orderNo=0196226E, orderDate=2025-01-21, orderStatus=INVALID, orderValidationCode=PIZZA_FROM_MULTIPLE_RESTAURANTS, priceTotalInPence=3400, pizzasInOrder=[{name=R7: Hot, hotter, the hottest, priceInPence=1400}, {name=R7: All you ever wanted, priceInPence=900}, {name=R1: Margarita, priceInPence=1000}], creditCardInformation={creditCardNumber=5208030491329989, creditCardExpiry=05/25, cvv=183}}
2025-01-16T16:58:23.376Z  WARN 26144 --- [PizzaDrone] [           main] u.a.e.i.p.c.ValidateOrderControllerTest  : Skipping order due to missing 'valid' field: {orderNo=0CA88C32, orderDate=2025-01-21, orderStatus=INVALID, orderValidationCode=RESTAURANT_CLOSED, priceTotalInPence=1500, pizzasInOrder=[{name=R3: Super Cheese, priceInPence=1400}], creditCardInformation={creditCardNumber=2720965293502992, creditCardExpiry=01/26, cvv=763}}
2025-01-16T16:58:23.376Z  WARN 26144 --- [PizzaDrone] [           main] u.a.e.i.p.c.ValidateOrderControllerTest  : Skipping order due to missing 'valid' field: {orderNo=04D63B2B, orderDate=2025-01-21, orderStatus=INVALID, orderValidationCode=PRICE_FOR_PIZZA_INVALID, priceTotalInPence=2600, pizzasInOrder=[{name=R1: Calzone, priceInPence=1400}, {name=R1: Margarita, priceInPence=1100}], creditCardInformation={creditCardNumber=4806530679306328, creditCardExpiry=07/25, cvv=440}}
2025-01-16T16:58:23.376Z  WARN 26144 --- [PizzaDrone] [           main] u.a.e.i.p.c.ValidateOrderControllerTest  : Skipping order due to missing 'valid' field: {orderNo=2A29A661, orderDate=2025-01-21, orderStatus=INVALID, orderValidationCode=EMPTY_ORDER, priceTotalInPence=100, pizzasInOrder=[], creditCardInformation={creditCardNumber=5333018694488593, creditCardExpiry=02/25, cvv=232}}
2025-01-16T16:58:23.376Z  WARN 26144 --- [PizzaDrone] [           main] u.a.e.i.p.c.ValidateOrderControllerTest  : Skipping order due to missing 'valid' field: {orderNo=2BB8E5E6, orderDate=2025-01-22, orderStatus=INVALID, orderValidationCode=CARD_NUMBER_INVALID, priceTotalInPence=2400, pizzasInOrder=[{name=R3: Super Cheese, priceInPence=1400}, {name=R3: All Shrooms, priceInPence=900}], creditCardInformation={creditCardNumber=4434, creditCardExpiry=07/25, cvv=017}}
2025-01-16T16:58:23.376Z  WARN 26144 --- [PizzaDrone] [           main] u.a.e.i.p.c.ValidateOrderControllerTest  : Skipping order due to missing 'valid' field: {orderNo=5EF04976, orderDate=2025-01-22, orderStatus=INVALID, orderValidationCode=EXPIRY_DATE_INVALID, priceTotalInPence=2600, pizzasInOrder=[{name=R2: Meat Lover, priceInPence=1400}, {name=R2: Vegan Delight, priceInPence=1100}], creditCardInformation={creditCardNumber=5110954872035336, creditCardExpiry=14/02, cvv=245}}
2025-01-16T16:58:23.376Z  WARN 26144 --- [PizzaDrone] [           main] u.a.e.i.p.c.ValidateOrderControllerTest  : Skipping order due to missing 'valid' field: {orderNo=53CD1486, orderDate=2025-01-22, orderStatus=INVALID, orderValidationCode=CVV_INVALID, priceTotalInPence=2600, pizzasInOrder=[{name=R2: Meat Lover, priceInPence=1400}, {name=R2: Vegan Delight, priceInPence=1100}], creditCardInformation={creditCardNumber=4534136589350643, creditCardExpiry=11/25, cvv=5}}
2025-01-16T16:58:23.376Z  WARN 26144 --- [PizzaDrone] [           main] u.a.e.i.p.c.ValidateOrderControllerTest  : Skipping order due to missing 'valid' field: {orderNo=3E12B2D2, orderDate=2025-01-22, orderStatus=INVALID, orderValidationCode=TOTAL_INCORRECT, priceTotalInPence=2759, pizzasInOrder=[{name=R2: Meat Lover, priceInPence=1400}, {name=R2: Vegan Delight, priceInPence=1100}], creditCardInformation={creditCardNumber=4164653229496690, creditCardExpiry=05/25, cvv=543}}
2025-01-16T16:58:23.376Z  WARN 26144 --- [PizzaDrone] [           main] u.a.e.i.p.c.ValidateOrderControllerTest  : Skipping order due to missing 'valid' field: {orderNo=2E95BE82, orderDate=2025-01-22, orderStatus=INVALID, orderValidationCode=PIZZA_NOT_DEFINED, priceTotalInPence=498705280, pizzasInOrder=[{name=R6: Sucuk delight, priceInPence=1400}, {name=R6: Dreams of Syria, priceInPence=900}, {name=Pizza-Surprise , priceInPence=498702880}], creditCardInformation={creditCardNumber=4392088506065773, creditCardExpiry=02/26, cvv=467}}
2025-01-16T16:58:23.376Z  WARN 26144 --- [PizzaDrone] [           main] u.a.e.i.p.c.ValidateOrderControllerTest  : Skipping order due to missing 'valid' field: {orderNo=1AB0B448, orderDate=2025-01-22, orderStatus=INVALID, orderValidationCode=MAX_PIZZA_COUNT_EXCEEDED, priceTotalInPence=8200, pizzasInOrder=[{name=R2: Meat Lover, priceInPence=1400}, {name=R2: Vegan Delight, priceInPence=1100}, {name=R2: Meat Lover, priceInPence=1400}, {name=R2: Meat Lover, priceInPence=1400}, {name=R2: Meat Lover, priceInPence=1400}, {name=R2: Meat Lover, priceInPence=1400}], creditCardInformation={creditCardNumber=4654824113503480, creditCardExpiry=11/25, cvv=521}}
2025-01-16T16:58:23.376Z  WARN 26144 --- [PizzaDrone] [           main] u.a.e.i.p.c.ValidateOrderControllerTest  : Skipping order due to missing 'valid' field: {orderNo=4DA67CDE, orderDate=2025-01-22, orderStatus=INVALID, orderValidationCode=PIZZA_FROM_MULTIPLE_RESTAURANTS, priceTotalInPence=4000, pizzasInOrder=[{name=R2: Meat Lover, priceInPence=1400}, {name=R2: Vegan Delight, priceInPence=1100}, {name=R3: Super Cheese, priceInPence=1400}], creditCardInformation={creditCardNumber=4393066455712305, creditCardExpiry=02/25, cvv=582}}
2025-01-16T16:58:23.376Z  WARN 26144 --- [PizzaDrone] [           main] u.a.e.i.p.c.ValidateOrderControllerTest  : Skipping order due to missing 'valid' field: {orderNo=6CA53242, orderDate=2025-01-22, orderStatus=INVALID, orderValidationCode=RESTAURANT_CLOSED, priceTotalInPence=1100, pizzasInOrder=[{name=R1: Margarita, priceInPence=1000}], creditCardInformation={creditCardNumber=4811417139112616, creditCardExpiry=08/25, cvv=041}}
2025-01-16T16:58:23.376Z  WARN 26144 --- [PizzaDrone] [           main] u.a.e.i.p.c.ValidateOrderControllerTest  : Skipping order due to missing 'valid' field: {orderNo=537BA091, orderDate=2025-01-22, orderStatus=INVALID, orderValidationCode=PRICE_FOR_PIZZA_INVALID, priceTotalInPence=2500, pizzasInOrder=[{name=R3: All Shrooms, priceInPence=900}, {name=R3: Super Cheese, priceInPence=1500}], creditCardInformation={creditCardNumber=5280895814856194, creditCardExpiry=03/25, cvv=514}}
2025-01-16T16:58:23.376Z  WARN 26144 --- [PizzaDrone] [           main] u.a.e.i.p.c.ValidateOrderControllerTest  : Skipping order due to missing 'valid' field: {orderNo=256FD018, orderDate=2025-01-22, orderStatus=INVALID, orderValidationCode=EMPTY_ORDER, priceTotalInPence=100, pizzasInOrder=[], creditCardInformation={creditCardNumber=5217918245436911, creditCardExpiry=03/26, cvv=194}}
2025-01-16T16:58:23.376Z  WARN 26144 --- [PizzaDrone] [           main] u.a.e.i.p.c.ValidateOrderControllerTest  : Skipping order due to missing 'valid' field: {orderNo=7931C989, orderDate=2025-01-23, orderStatus=INVALID, orderValidationCode=CARD_NUMBER_INVALID, priceTotalInPence=2400, pizzasInOrder=[{name=R7: Hot, hotter, the hottest, priceInPence=1400}, {name=R7: All you ever wanted, priceInPence=900}], creditCardInformation={creditCardNumber=18330, creditCardExpiry=10/25, cvv=009}}
2025-01-16T16:58:23.376Z  WARN 26144 --- [PizzaDrone] [           main] u.a.e.i.p.c.ValidateOrderControllerTest  : Skipping order due to missing 'valid' field: {orderNo=6B3A260D, orderDate=2025-01-23, orderStatus=INVALID, orderValidationCode=EXPIRY_DATE_INVALID, priceTotalInPence=2400, pizzasInOrder=[{name=R5: Pizza Dream, priceInPence=1400}, {name=R5: My kind of pizza, priceInPence=900}], creditCardInformation={creditCardNumber=4873248349029000, creditCardExpiry=04/12, cvv=850}}
2025-01-16T16:58:23.376Z  WARN 26144 --- [PizzaDrone] [           main] u.a.e.i.p.c.ValidateOrderControllerTest  : Skipping order due to missing 'valid' field: {orderNo=36ED5CC0, orderDate=2025-01-23, orderStatus=INVALID, orderValidationCode=CVV_INVALID, priceTotalInPence=2600, pizzasInOrder=[{name=R2: Meat Lover, priceInPence=1400}, {name=R2: Vegan Delight, priceInPence=1100}], creditCardInformation={creditCardNumber=5517965382020369, creditCardExpiry=05/25, cvv=8784}}
2025-01-16T16:58:23.376Z  WARN 26144 --- [PizzaDrone] [           main] u.a.e.i.p.c.ValidateOrderControllerTest  : Skipping order due to missing 'valid' field: {orderNo=66429728, orderDate=2025-01-23, orderStatus=INVALID, orderValidationCode=TOTAL_INCORRECT, priceTotalInPence=2341, pizzasInOrder=[{name=R3: Super Cheese, priceInPence=1400}, {name=R3: All Shrooms, priceInPence=900}], creditCardInformation={creditCardNumber=2720856299889097, creditCardExpiry=01/26, cvv=622}}
2025-01-16T16:58:23.376Z  WARN 26144 --- [PizzaDrone] [           main] u.a.e.i.p.c.ValidateOrderControllerTest  : Skipping order due to missing 'valid' field: {orderNo=0C3AAD40, orderDate=2025-01-23, orderStatus=INVALID, orderValidationCode=PIZZA_NOT_DEFINED, priceTotalInPence=498705280, pizzasInOrder=[{name=R7: Hot, hotter, the hottest, priceInPence=1400}, {name=R7: All you ever wanted, priceInPence=900}, {name=Pizza-Surprise , priceInPence=498702880}], creditCardInformation={creditCardNumber=4123981603246377, creditCardExpiry=06/25, cvv=294}}
2025-01-16T16:58:23.377Z  WARN 26144 --- [PizzaDrone] [           main] u.a.e.i.p.c.ValidateOrderControllerTest  : Skipping order due to missing 'valid' field: {orderNo=17E2BB95, orderDate=2025-01-23, orderStatus=INVALID, orderValidationCode=MAX_PIZZA_COUNT_EXCEEDED, priceTotalInPence=8000, pizzasInOrder=[{name=R5: Pizza Dream, priceInPence=1400}, {name=R5: My kind of pizza, priceInPence=900}, {name=R5: Pizza Dream, priceInPence=1400}, {name=R5: Pizza Dream, priceInPence=1400}, {name=R5: Pizza Dream, priceInPence=1400}, {name=R5: Pizza Dream, priceInPence=1400}], creditCardInformation={creditCardNumber=4705145716537611, creditCardExpiry=10/25, cvv=783}}
2025-01-16T16:58:23.377Z  WARN 26144 --- [PizzaDrone] [           main] u.a.e.i.p.c.ValidateOrderControllerTest  : Skipping order due to missing 'valid' field: {orderNo=635ED389, orderDate=2025-01-23, orderStatus=INVALID, orderValidationCode=PIZZA_FROM_MULTIPLE_RESTAURANTS, priceTotalInPence=3800, pizzasInOrder=[{name=R7: Hot, hotter, the hottest, priceInPence=1400}, {name=R7: All you ever wanted, priceInPence=900}, {name=R2: Meat Lover, priceInPence=1400}], creditCardInformation={creditCardNumber=4631764413934555, creditCardExpiry=07/25, cvv=006}}
2025-01-16T16:58:23.377Z  WARN 26144 --- [PizzaDrone] [           main] u.a.e.i.p.c.ValidateOrderControllerTest  : Skipping order due to missing 'valid' field: {orderNo=63DDCDA3, orderDate=2025-01-23, orderStatus=INVALID, orderValidationCode=RESTAURANT_CLOSED, priceTotalInPence=1100, pizzasInOrder=[{name=R1: Margarita, priceInPence=1000}], creditCardInformation={creditCardNumber=5448995761475151, creditCardExpiry=10/25, cvv=615}}
2025-01-16T16:58:23.377Z  WARN 26144 --- [PizzaDrone] [           main] u.a.e.i.p.c.ValidateOrderControllerTest  : Skipping order due to missing 'valid' field: {orderNo=6D7CD38A, orderDate=2025-01-23, orderStatus=INVALID, orderValidationCode=PRICE_FOR_PIZZA_INVALID, priceTotalInPence=2500, pizzasInOrder=[{name=R5: My kind of pizza, priceInPence=900}, {name=R5: Pizza Dream, priceInPence=1500}], creditCardInformation={creditCardNumber=4922530150153883, creditCardExpiry=02/25, cvv=076}}
2025-01-16T16:58:23.377Z  WARN 26144 --- [PizzaDrone] [           main] u.a.e.i.p.c.ValidateOrderControllerTest  : Skipping order due to missing 'valid' field: {orderNo=1B185D98, orderDate=2025-01-23, orderStatus=INVALID, orderValidationCode=EMPTY_ORDER, priceTotalInPence=100, pizzasInOrder=[], creditCardInformation={creditCardNumber=5123523776111256, creditCardExpiry=03/25, cvv=560}}
2025-01-16T16:58:23.377Z  WARN 26144 --- [PizzaDrone] [           main] u.a.e.i.p.c.ValidateOrderControllerTest  : Skipping order due to missing 'valid' field: {orderNo=68CF874C, orderDate=2025-01-24, orderStatus=INVALID, orderValidationCode=CARD_NUMBER_INVALID, priceTotalInPence=2600, pizzasInOrder=[{name=R2: Meat Lover, priceInPence=1400}, {name=R2: Vegan Delight, priceInPence=1100}], creditCardInformation={creditCardNumber=7, creditCardExpiry=02/26, cvv=704}}
2025-01-16T16:58:23.377Z  WARN 26144 --- [PizzaDrone] [           main] u.a.e.i.p.c.ValidateOrderControllerTest  : Skipping order due to missing 'valid' field: {orderNo=0FE9FF1F, orderDate=2025-01-24, orderStatus=INVALID, orderValidationCode=EXPIRY_DATE_INVALID, priceTotalInPence=2600, pizzasInOrder=[{name=R2: Meat Lover, priceInPence=1400}, {name=R2: Vegan Delight, priceInPence=1100}], creditCardInformation={creditCardNumber=4799530731506849, creditCardExpiry=05/12, cvv=354}}
2025-01-16T16:58:23.377Z  WARN 26144 --- [PizzaDrone] [           main] u.a.e.i.p.c.ValidateOrderControllerTest  : Skipping order due to missing 'valid' field: {orderNo=21CFC719, orderDate=2025-01-24, orderStatus=INVALID, orderValidationCode=CVV_INVALID, priceTotalInPence=2500, pizzasInOrder=[{name=R1: Margarita, priceInPence=1000}, {name=R1: Calzone, priceInPence=1400}], creditCardInformation={creditCardNumber=5108485788860503, creditCardExpiry=07/25, cvv=363966}}
2025-01-16T16:58:23.377Z  WARN 26144 --- [PizzaDrone] [           main] u.a.e.i.p.c.ValidateOrderControllerTest  : Skipping order due to missing 'valid' field: {orderNo=5F10C665, orderDate=2025-01-24, orderStatus=INVALID, orderValidationCode=TOTAL_INCORRECT, priceTotalInPence=3045, pizzasInOrder=[{name=R1: Margarita, priceInPence=1000}, {name=R1: Calzone, priceInPence=1400}], creditCardInformation={creditCardNumber=4048289003217556, creditCardExpiry=05/25, cvv=360}}
2025-01-16T16:58:23.377Z  WARN 26144 --- [PizzaDrone] [           main] u.a.e.i.p.c.ValidateOrderControllerTest  : Skipping order due to missing 'valid' field: {orderNo=6B37907E, orderDate=2025-01-24, orderStatus=INVALID, orderValidationCode=PIZZA_NOT_DEFINED, priceTotalInPence=498705380, pizzasInOrder=[{name=R1: Margarita, priceInPence=1000}, {name=R1: Calzone, priceInPence=1400}, {name=Pizza-Surprise , priceInPence=498702880}], creditCardInformation={creditCardNumber=4212275614855033, creditCardExpiry=02/26, cvv=295}}
2025-01-16T16:58:23.377Z  WARN 26144 --- [PizzaDrone] [           main] u.a.e.i.p.c.ValidateOrderControllerTest  : Skipping order due to missing 'valid' field: {orderNo=0300D32F, orderDate=2025-01-24, orderStatus=INVALID, orderValidationCode=MAX_PIZZA_COUNT_EXCEEDED, priceTotalInPence=8000, pizzasInOrder=[{name=R7: Hot, hotter, the hottest, priceInPence=1400}, {name=R7: All you ever wanted, priceInPence=900}, {name=R7: Hot, hotter, the hottest, priceInPence=1400}, {name=R7: Hot, hotter, the hottest, priceInPence=1400}, {name=R7: Hot, hotter, the hottest, priceInPence=1400}, {name=R7: Hot, hotter, the hottest, priceInPence=1400}], creditCardInformation={creditCardNumber=4815472689885406, creditCardExpiry=06/25, cvv=374}}
2025-01-16T16:58:23.377Z  WARN 26144 --- [PizzaDrone] [           main] u.a.e.i.p.c.ValidateOrderControllerTest  : Skipping order due to missing 'valid' field: {orderNo=464278E3, orderDate=2025-01-24, orderStatus=INVALID, orderValidationCode=PIZZA_FROM_MULTIPLE_RESTAURANTS, priceTotalInPence=3400, pizzasInOrder=[{name=R7: Hot, hotter, the hottest, priceInPence=1400}, {name=R7: All you ever wanted, priceInPence=900}, {name=R1: Margarita, priceInPence=1000}], creditCardInformation={creditCardNumber=4047843398234351, creditCardExpiry=03/26, cvv=919}}
2025-01-16T16:58:23.377Z  WARN 26144 --- [PizzaDrone] [           main] u.a.e.i.p.c.ValidateOrderControllerTest  : Skipping order due to missing 'valid' field: {orderNo=5CD3B54C, orderDate=2025-01-24, orderStatus=INVALID, orderValidationCode=RESTAURANT_CLOSED, priceTotalInPence=1500, pizzasInOrder=[{name=R4: Proper Pizza, priceInPence=1400}], creditCardInformation={creditCardNumber=4021319257818626, creditCardExpiry=06/25, cvv=411}}
2025-01-16T16:58:23.377Z  WARN 26144 --- [PizzaDrone] [           main] u.a.e.i.p.c.ValidateOrderControllerTest  : Skipping order due to missing 'valid' field: {orderNo=7B32F81B, orderDate=2025-01-24, orderStatus=INVALID, orderValidationCode=PRICE_FOR_PIZZA_INVALID, priceTotalInPence=2600, pizzasInOrder=[{name=R1: Calzone, priceInPence=1400}, {name=R1: Margarita, priceInPence=1100}], creditCardInformation={creditCardNumber=2221070779075318, creditCardExpiry=01/26, cvv=396}}
2025-01-16T16:58:23.377Z  WARN 26144 --- [PizzaDrone] [           main] u.a.e.i.p.c.ValidateOrderControllerTest  : Skipping order due to missing 'valid' field: {orderNo=405EBA07, orderDate=2025-01-24, orderStatus=INVALID, orderValidationCode=EMPTY_ORDER, priceTotalInPence=100, pizzasInOrder=[], creditCardInformation={creditCardNumber=2720107142959723, creditCardExpiry=12/25, cvv=141}}
2025-01-16T16:58:23.377Z  WARN 26144 --- [PizzaDrone] [           main] u.a.e.i.p.c.ValidateOrderControllerTest  : Skipping order due to missing 'valid' field: {orderNo=71256259, orderDate=2025-01-25, orderStatus=INVALID, orderValidationCode=CARD_NUMBER_INVALID, priceTotalInPence=2400, pizzasInOrder=[{name=R3: Super Cheese, priceInPence=1400}, {name=R3: All Shrooms, priceInPence=900}], creditCardInformation={creditCardNumber=5635005, creditCardExpiry=11/25, cvv=688}}
2025-01-16T16:58:23.377Z  WARN 26144 --- [PizzaDrone] [           main] u.a.e.i.p.c.ValidateOrderControllerTest  : Skipping order due to missing 'valid' field: {orderNo=55F14527, orderDate=2025-01-25, orderStatus=INVALID, orderValidationCode=EXPIRY_DATE_INVALID, priceTotalInPence=2400, pizzasInOrder=[{name=R5: Pizza Dream, priceInPence=1400}, {name=R5: My kind of pizza, priceInPence=900}], creditCardInformation={creditCardNumber=5189052610297536, creditCardExpiry=04/06, cvv=783}}
2025-01-16T16:58:23.377Z  WARN 26144 --- [PizzaDrone] [           main] u.a.e.i.p.c.ValidateOrderControllerTest  : Skipping order due to missing 'valid' field: {orderNo=0AFF26AF, orderDate=2025-01-25, orderStatus=INVALID, orderValidationCode=CVV_INVALID, priceTotalInPence=2400, pizzasInOrder=[{name=R4: Proper Pizza, priceInPence=1400}, {name=R4: Pineapple & Ham & Cheese, priceInPence=900}], creditCardInformation={creditCardNumber=5320430819145336, creditCardExpiry=06/25, cvv=5267}}
2025-01-16T16:58:23.377Z  WARN 26144 --- [PizzaDrone] [           main] u.a.e.i.p.c.ValidateOrderControllerTest  : Skipping order due to missing 'valid' field: {orderNo=470C5C0B, orderDate=2025-01-25, orderStatus=INVALID, orderValidationCode=TOTAL_INCORRECT, priceTotalInPence=3200, pizzasInOrder=[{name=R5: Pizza Dream, priceInPence=1400}, {name=R5: My kind of pizza, priceInPence=900}], creditCardInformation={creditCardNumber=5398877791336464, creditCardExpiry=06/25, cvv=591}}
2025-01-16T16:58:23.377Z  WARN 26144 --- [PizzaDrone] [           main] u.a.e.i.p.c.ValidateOrderControllerTest  : Skipping order due to missing 'valid' field: {orderNo=734CCBD1, orderDate=2025-01-25, orderStatus=INVALID, orderValidationCode=PIZZA_NOT_DEFINED, priceTotalInPence=498705280, pizzasInOrder=[{name=R3: Super Cheese, priceInPence=1400}, {name=R3: All Shrooms, priceInPence=900}, {name=Pizza-Surprise , priceInPence=498702880}], creditCardInformation={creditCardNumber=4214455597666940, creditCardExpiry=10/25, cvv=391}}
2025-01-16T16:58:23.377Z  WARN 26144 --- [PizzaDrone] [           main] u.a.e.i.p.c.ValidateOrderControllerTest  : Skipping order due to missing 'valid' field: {orderNo=298DAB0F, orderDate=2025-01-25, orderStatus=INVALID, orderValidationCode=MAX_PIZZA_COUNT_EXCEEDED, priceTotalInPence=8000, pizzasInOrder=[{name=R4: Proper Pizza, priceInPence=1400}, {name=R4: Pineapple & Ham & Cheese, priceInPence=900}, {name=R4: Proper Pizza, priceInPence=1400}, {name=R4: Proper Pizza, priceInPence=1400}, {name=R4: Proper Pizza, priceInPence=1400}, {name=R4: Proper Pizza, priceInPence=1400}], creditCardInformation={creditCardNumber=4602305106936005, creditCardExpiry=02/25, cvv=051}}
2025-01-16T16:58:23.377Z  WARN 26144 --- [PizzaDrone] [           main] u.a.e.i.p.c.ValidateOrderControllerTest  : Skipping order due to missing 'valid' field: {orderNo=15AD6572, orderDate=2025-01-25, orderStatus=INVALID, orderValidationCode=PIZZA_FROM_MULTIPLE_RESTAURANTS, priceTotalInPence=3400, pizzasInOrder=[{name=R4: Proper Pizza, priceInPence=1400}, {name=R4: Pineapple & Ham & Cheese, priceInPence=900}, {name=R1: Margarita, priceInPence=1000}], creditCardInformation={creditCardNumber=2221880463460331, creditCardExpiry=05/25, cvv=410}}
2025-01-16T16:58:23.377Z  WARN 26144 --- [PizzaDrone] [           main] u.a.e.i.p.c.ValidateOrderControllerTest  : Skipping order due to missing 'valid' field: {orderNo=5B551A16, orderDate=2025-01-25, orderStatus=INVALID, orderValidationCode=RESTAURANT_CLOSED, priceTotalInPence=1500, pizzasInOrder=[{name=R2: Meat Lover, priceInPence=1400}], creditCardInformation={creditCardNumber=5198251008810517, creditCardExpiry=01/26, cvv=151}}
2025-01-16T16:58:23.377Z  WARN 26144 --- [PizzaDrone] [           main] u.a.e.i.p.c.ValidateOrderControllerTest  : Skipping order due to missing 'valid' field: {orderNo=3BC92CAB, orderDate=2025-01-25, orderStatus=INVALID, orderValidationCode=PRICE_FOR_PIZZA_INVALID, priceTotalInPence=2500, pizzasInOrder=[{name=R4: Pineapple & Ham & Cheese, priceInPence=900}, {name=R4: Proper Pizza, priceInPence=1500}], creditCardInformation={creditCardNumber=5297541580499386, creditCardExpiry=10/25, cvv=594}}
2025-01-16T16:58:23.377Z  WARN 26144 --- [PizzaDrone] [           main] u.a.e.i.p.c.ValidateOrderControllerTest  : Skipping order due to missing 'valid' field: {orderNo=7C813D76, orderDate=2025-01-25, orderStatus=INVALID, orderValidationCode=EMPTY_ORDER, priceTotalInPence=100, pizzasInOrder=[], creditCardInformation={creditCardNumber=5580859007256627, creditCardExpiry=03/26, cvv=183}}
2025-01-16T16:58:23.377Z  WARN 26144 --- [PizzaDrone] [           main] u.a.e.i.p.c.ValidateOrderControllerTest  : Skipping order due to missing 'valid' field: {orderNo=4F148003, orderDate=2025-01-26, orderStatus=INVALID, orderValidationCode=CARD_NUMBER_INVALID, priceTotalInPence=2500, pizzasInOrder=[{name=R1: Margarita, priceInPence=1000}, {name=R1: Calzone, priceInPence=1400}], creditCardInformation={creditCardNumber=902927, creditCardExpiry=08/25, cvv=217}}
2025-01-16T16:58:23.377Z  WARN 26144 --- [PizzaDrone] [           main] u.a.e.i.p.c.ValidateOrderControllerTest  : Skipping order due to missing 'valid' field: {orderNo=027D3F4F, orderDate=2025-01-26, orderStatus=INVALID, orderValidationCode=EXPIRY_DATE_INVALID, priceTotalInPence=2400, pizzasInOrder=[{name=R4: Proper Pizza, priceInPence=1400}, {name=R4: Pineapple & Ham & Cheese, priceInPence=900}], creditCardInformation={creditCardNumber=5483608189195980, creditCardExpiry=16/11, cvv=696}}
2025-01-16T16:58:23.377Z  WARN 26144 --- [PizzaDrone] [           main] u.a.e.i.p.c.ValidateOrderControllerTest  : Skipping order due to missing 'valid' field: {orderNo=444355D9, orderDate=2025-01-26, orderStatus=INVALID, orderValidationCode=CVV_INVALID, priceTotalInPence=2400, pizzasInOrder=[{name=R4: Proper Pizza, priceInPence=1400}, {name=R4: Pineapple & Ham & Cheese, priceInPence=900}], creditCardInformation={creditCardNumber=5263804499577886, creditCardExpiry=06/25, cvv=18}}
2025-01-16T16:58:23.377Z  WARN 26144 --- [PizzaDrone] [           main] u.a.e.i.p.c.ValidateOrderControllerTest  : Skipping order due to missing 'valid' field: {orderNo=4C6D4E25, orderDate=2025-01-26, orderStatus=INVALID, orderValidationCode=TOTAL_INCORRECT, priceTotalInPence=2559, pizzasInOrder=[{name=R5: Pizza Dream, priceInPence=1400}, {name=R5: My kind of pizza, priceInPence=900}], creditCardInformation={creditCardNumber=5309386889837704, creditCardExpiry=02/25, cvv=950}}
2025-01-16T16:58:23.377Z  WARN 26144 --- [PizzaDrone] [           main] u.a.e.i.p.c.ValidateOrderControllerTest  : Skipping order due to missing 'valid' field: {orderNo=33E36537, orderDate=2025-01-26, orderStatus=INVALID, orderValidationCode=PIZZA_NOT_DEFINED, priceTotalInPence=498705280, pizzasInOrder=[{name=R3: Super Cheese, priceInPence=1400}, {name=R3: All Shrooms, priceInPence=900}, {name=Pizza-Surprise , priceInPence=498702880}], creditCardInformation={creditCardNumber=4409168354419164, creditCardExpiry=11/25, cvv=204}}
2025-01-16T16:58:23.377Z  WARN 26144 --- [PizzaDrone] [           main] u.a.e.i.p.c.ValidateOrderControllerTest  : Skipping order due to missing 'valid' field: {orderNo=2F704260, orderDate=2025-01-26, orderStatus=INVALID, orderValidationCode=MAX_PIZZA_COUNT_EXCEEDED, priceTotalInPence=8000, pizzasInOrder=[{name=R3: Super Cheese, priceInPence=1400}, {name=R3: All Shrooms, priceInPence=900}, {name=R3: Super Cheese, priceInPence=1400}, {name=R3: Super Cheese, priceInPence=1400}, {name=R3: Super Cheese, priceInPence=1400}, {name=R3: Super Cheese, priceInPence=1400}], creditCardInformation={creditCardNumber=4214637632262633, creditCardExpiry=01/26, cvv=685}}
2025-01-16T16:58:23.377Z  WARN 26144 --- [PizzaDrone] [           main] u.a.e.i.p.c.ValidateOrderControllerTest  : Skipping order due to missing 'valid' field: {orderNo=761F4F01, orderDate=2025-01-26, orderStatus=INVALID, orderValidationCode=PIZZA_FROM_MULTIPLE_RESTAURANTS, priceTotalInPence=3900, pizzasInOrder=[{name=R1: Margarita, priceInPence=1000}, {name=R1: Calzone, priceInPence=1400}, {name=R3: Super Cheese, priceInPence=1400}], creditCardInformation={creditCardNumber=4976998786072436, creditCardExpiry=02/26, cvv=767}}
2025-01-16T16:58:23.377Z  WARN 26144 --- [PizzaDrone] [           main] u.a.e.i.p.c.ValidateOrderControllerTest  : Skipping order due to missing 'valid' field: {orderNo=73B82498, orderDate=2025-01-26, orderStatus=INVALID, orderValidationCode=RESTAURANT_CLOSED, priceTotalInPence=1500, pizzasInOrder=[{name=R2: Meat Lover, priceInPence=1400}], creditCardInformation={creditCardNumber=4548828377684043, creditCardExpiry=04/25, cvv=061}}
2025-01-16T16:58:23.377Z  WARN 26144 --- [PizzaDrone] [           main] u.a.e.i.p.c.ValidateOrderControllerTest  : Skipping order due to missing 'valid' field: {orderNo=11041A87, orderDate=2025-01-26, orderStatus=INVALID, orderValidationCode=PRICE_FOR_PIZZA_INVALID, priceTotalInPence=2500, pizzasInOrder=[{name=R4: Pineapple & Ham & Cheese, priceInPence=900}, {name=R4: Proper Pizza, priceInPence=1500}], creditCardInformation={creditCardNumber=5217739094601722, creditCardExpiry=12/25, cvv=283}}
2025-01-16T16:58:23.377Z  WARN 26144 --- [PizzaDrone] [           main] u.a.e.i.p.c.ValidateOrderControllerTest  : Skipping order due to missing 'valid' field: {orderNo=4671F35C, orderDate=2025-01-26, orderStatus=INVALID, orderValidationCode=EMPTY_ORDER, priceTotalInPence=100, pizzasInOrder=[], creditCardInformation={creditCardNumber=2221375089118116, creditCardExpiry=04/25, cvv=617}}
2025-01-16T16:58:23.377Z  WARN 26144 --- [PizzaDrone] [           main] u.a.e.i.p.c.ValidateOrderControllerTest  : Skipping order due to missing 'valid' field: {orderNo=72B042C9, orderDate=2025-01-27, orderStatus=INVALID, orderValidationCode=CARD_NUMBER_INVALID, priceTotalInPence=2500, pizzasInOrder=[{name=R1: Margarita, priceInPence=1000}, {name=R1: Calzone, priceInPence=1400}], creditCardInformation={creditCardNumber=552209911849391, creditCardExpiry=09/25, cvv=906}}
2025-01-16T16:58:23.377Z  WARN 26144 --- [PizzaDrone] [           main] u.a.e.i.p.c.ValidateOrderControllerTest  : Skipping order due to missing 'valid' field: {orderNo=1CEDAD2B, orderDate=2025-01-27, orderStatus=INVALID, orderValidationCode=EXPIRY_DATE_INVALID, priceTotalInPence=2500, pizzasInOrder=[{name=R1: Margarita, priceInPence=1000}, {name=R1: Calzone, priceInPence=1400}], creditCardInformation={creditCardNumber=4275347056136638, creditCardExpiry=12/15, cvv=275}}
2025-01-16T16:58:23.377Z  WARN 26144 --- [PizzaDrone] [           main] u.a.e.i.p.c.ValidateOrderControllerTest  : Skipping order due to missing 'valid' field: {orderNo=54825708, orderDate=2025-01-27, orderStatus=INVALID, orderValidationCode=CVV_INVALID, priceTotalInPence=2400, pizzasInOrder=[{name=R6: Sucuk delight, priceInPence=1400}, {name=R6: Dreams of Syria, priceInPence=900}], creditCardInformation={creditCardNumber=5468249192828694, creditCardExpiry=08/25, cvv=9213848}}
2025-01-16T16:58:23.377Z  WARN 26144 --- [PizzaDrone] [           main] u.a.e.i.p.c.ValidateOrderControllerTest  : Skipping order due to missing 'valid' field: {orderNo=2A4036DB, orderDate=2025-01-27, orderStatus=INVALID, orderValidationCode=TOTAL_INCORRECT, priceTotalInPence=3323, pizzasInOrder=[{name=R5: Pizza Dream, priceInPence=1400}, {name=R5: My kind of pizza, priceInPence=900}], creditCardInformation={creditCardNumber=5388070080869922, creditCardExpiry=06/25, cvv=708}}
2025-01-16T16:58:23.377Z  WARN 26144 --- [PizzaDrone] [           main] u.a.e.i.p.c.ValidateOrderControllerTest  : Skipping order due to missing 'valid' field: {orderNo=14555AAB, orderDate=2025-01-27, orderStatus=INVALID, orderValidationCode=PIZZA_NOT_DEFINED, priceTotalInPence=498705380, pizzasInOrder=[{name=R1: Margarita, priceInPence=1000}, {name=R1: Calzone, priceInPence=1400}, {name=Pizza-Surprise , priceInPence=498702880}], creditCardInformation={creditCardNumber=5527155989023440, creditCardExpiry=03/26, cvv=562}}
2025-01-16T16:58:23.377Z  WARN 26144 --- [PizzaDrone] [           main] u.a.e.i.p.c.ValidateOrderControllerTest  : Skipping order due to missing 'valid' field: {orderNo=2CD85739, orderDate=2025-01-27, orderStatus=INVALID, orderValidationCode=MAX_PIZZA_COUNT_EXCEEDED, priceTotalInPence=8000, pizzasInOrder=[{name=R5: Pizza Dream, priceInPence=1400}, {name=R5: My kind of pizza, priceInPence=900}, {name=R5: Pizza Dream, priceInPence=1400}, {name=R5: Pizza Dream, priceInPence=1400}, {name=R5: Pizza Dream, priceInPence=1400}, {name=R5: Pizza Dream, priceInPence=1400}], creditCardInformation={creditCardNumber=4584713126237183, creditCardExpiry=02/25, cvv=261}}
2025-01-16T16:58:23.377Z  WARN 26144 --- [PizzaDrone] [           main] u.a.e.i.p.c.ValidateOrderControllerTest  : Skipping order due to missing 'valid' field: {orderNo=51D73740, orderDate=2025-01-27, orderStatus=INVALID, orderValidationCode=PIZZA_FROM_MULTIPLE_RESTAURANTS, priceTotalInPence=3400, pizzasInOrder=[{name=R6: Sucuk delight, priceInPence=1400}, {name=R6: Dreams of Syria, priceInPence=900}, {name=R1: Margarita, priceInPence=1000}], creditCardInformation={creditCardNumber=2221118147794282, creditCardExpiry=02/25, cvv=771}}
2025-01-16T16:58:23.377Z  WARN 26144 --- [PizzaDrone] [           main] u.a.e.i.p.c.ValidateOrderControllerTest  : Skipping order due to missing 'valid' field: {orderNo=42CB6E25, orderDate=2025-01-27, orderStatus=INVALID, orderValidationCode=RESTAURANT_CLOSED, priceTotalInPence=1500, pizzasInOrder=[{name=R3: Super Cheese, priceInPence=1400}], creditCardInformation={creditCardNumber=5274589218285161, creditCardExpiry=02/26, cvv=550}}
2025-01-16T16:58:23.378Z  WARN 26144 --- [PizzaDrone] [           main] u.a.e.i.p.c.ValidateOrderControllerTest  : Skipping order due to missing 'valid' field: {orderNo=665629EC, orderDate=2025-01-27, orderStatus=INVALID, orderValidationCode=PRICE_FOR_PIZZA_INVALID, priceTotalInPence=2500, pizzasInOrder=[{name=R6: Dreams of Syria, priceInPence=900}, {name=R6: Sucuk delight, priceInPence=1500}], creditCardInformation={creditCardNumber=5537605767385245, creditCardExpiry=09/25, cvv=828}}
2025-01-16T16:58:23.378Z  WARN 26144 --- [PizzaDrone] [           main] u.a.e.i.p.c.ValidateOrderControllerTest  : Skipping order due to missing 'valid' field: {orderNo=2A8E6408, orderDate=2025-01-27, orderStatus=INVALID, orderValidationCode=EMPTY_ORDER, priceTotalInPence=100, pizzasInOrder=[], creditCardInformation={creditCardNumber=4229695127311714, creditCardExpiry=09/25, cvv=177}}
2025-01-16T16:58:23.380Z  WARN 26144 --- [PizzaDrone] [           main] u.a.e.i.p.c.ValidateOrderControllerTest  : Skipping order due to missing 'valid' field: {orderNo=3EDAF073, orderDate=2025-01-28, orderStatus=INVALID, orderValidationCode=CARD_NUMBER_INVALID, priceTotalInPence=2400, pizzasInOrder=[{name=R6: Sucuk delight, priceInPence=1400}, {name=R6: Dreams of Syria, priceInPence=900}], creditCardInformation={creditCardNumber=9638793021265, creditCardExpiry=05/25, cvv=303}}
2025-01-16T16:58:23.380Z  WARN 26144 --- [PizzaDrone] [           main] u.a.e.i.p.c.ValidateOrderControllerTest  : Skipping order due to missing 'valid' field: {orderNo=31FB4C68, orderDate=2025-01-28, orderStatus=INVALID, orderValidationCode=EXPIRY_DATE_INVALID, priceTotalInPence=2600, pizzasInOrder=[{name=R2: Meat Lover, priceInPence=1400}, {name=R2: Vegan Delight, priceInPence=1100}], creditCardInformation={creditCardNumber=4984603827191688, creditCardExpiry=09/09, cvv=807}}
2025-01-16T16:58:23.381Z  WARN 26144 --- [PizzaDrone] [           main] u.a.e.i.p.c.ValidateOrderControllerTest  : Skipping order due to missing 'valid' field: {orderNo=0A44CA35, orderDate=2025-01-28, orderStatus=INVALID, orderValidationCode=CVV_INVALID, priceTotalInPence=2500, pizzasInOrder=[{name=R1: Margarita, priceInPence=1000}, {name=R1: Calzone, priceInPence=1400}], creditCardInformation={creditCardNumber=5358846245907350, creditCardExpiry=11/25, cvv=8495286}}
2025-01-16T16:58:23.381Z  WARN 26144 --- [PizzaDrone] [           main] u.a.e.i.p.c.ValidateOrderControllerTest  : Skipping order due to missing 'valid' field: {orderNo=50181FAB, orderDate=2025-01-28, orderStatus=INVALID, orderValidationCode=TOTAL_INCORRECT, priceTotalInPence=2681, pizzasInOrder=[{name=R7: Hot, hotter, the hottest, priceInPence=1400}, {name=R7: All you ever wanted, priceInPence=900}], creditCardInformation={creditCardNumber=4083934954168169, creditCardExpiry=03/26, cvv=203}}
2025-01-16T16:58:23.381Z  WARN 26144 --- [PizzaDrone] [           main] u.a.e.i.p.c.ValidateOrderControllerTest  : Skipping order due to missing 'valid' field: {orderNo=101480B8, orderDate=2025-01-28, orderStatus=INVALID, orderValidationCode=PIZZA_NOT_DEFINED, priceTotalInPence=498705280, pizzasInOrder=[{name=R7: Hot, hotter, the hottest, priceInPence=1400}, {name=R7: All you ever wanted, priceInPence=900}, {name=Pizza-Surprise , priceInPence=498702880}], creditCardInformation={creditCardNumber=4048893195912179, creditCardExpiry=10/25, cvv=845}}
2025-01-16T16:58:23.381Z  WARN 26144 --- [PizzaDrone] [           main] u.a.e.i.p.c.ValidateOrderControllerTest  : Skipping order due to missing 'valid' field: {orderNo=24332F21, orderDate=2025-01-28, orderStatus=INVALID, orderValidationCode=MAX_PIZZA_COUNT_EXCEEDED, priceTotalInPence=8000, pizzasInOrder=[{name=R7: Hot, hotter, the hottest, priceInPence=1400}, {name=R7: All you ever wanted, priceInPence=900}, {name=R7: Hot, hotter, the hottest, priceInPence=1400}, {name=R7: Hot, hotter, the hottest, priceInPence=1400}, {name=R7: Hot, hotter, the hottest, priceInPence=1400}, {name=R7: Hot, hotter, the hottest, priceInPence=1400}], creditCardInformation={creditCardNumber=4356645879198400, creditCardExpiry=04/25, cvv=399}}
2025-01-16T16:58:23.381Z  WARN 26144 --- [PizzaDrone] [           main] u.a.e.i.p.c.ValidateOrderControllerTest  : Skipping order due to missing 'valid' field: {orderNo=02211067, orderDate=2025-01-28, orderStatus=INVALID, orderValidationCode=PIZZA_FROM_MULTIPLE_RESTAURANTS, priceTotalInPence=3400, pizzasInOrder=[{name=R6: Sucuk delight, priceInPence=1400}, {name=R6: Dreams of Syria, priceInPence=900}, {name=R1: Margarita, priceInPence=1000}], creditCardInformation={creditCardNumber=4306732158308586, creditCardExpiry=01/26, cvv=793}}
2025-01-16T16:58:23.381Z  WARN 26144 --- [PizzaDrone] [           main] u.a.e.i.p.c.ValidateOrderControllerTest  : Skipping order due to missing 'valid' field: {orderNo=446C397D, orderDate=2025-01-28, orderStatus=INVALID, orderValidationCode=RESTAURANT_CLOSED, priceTotalInPence=1500, pizzasInOrder=[{name=R3: Super Cheese, priceInPence=1400}], creditCardInformation={creditCardNumber=4733417824002952, creditCardExpiry=09/25, cvv=067}}
2025-01-16T16:58:23.381Z  WARN 26144 --- [PizzaDrone] [           main] u.a.e.i.p.c.ValidateOrderControllerTest  : Skipping order due to missing 'valid' field: {orderNo=47AD900A, orderDate=2025-01-28, orderStatus=INVALID, orderValidationCode=PRICE_FOR_PIZZA_INVALID, priceTotalInPence=2500, pizzasInOrder=[{name=R4: Pineapple & Ham & Cheese, priceInPence=900}, {name=R4: Proper Pizza, priceInPence=1500}], creditCardInformation={creditCardNumber=5406287946476779, creditCardExpiry=10/25, cvv=871}}
2025-01-16T16:58:23.381Z  WARN 26144 --- [PizzaDrone] [           main] u.a.e.i.p.c.ValidateOrderControllerTest  : Skipping order due to missing 'valid' field: {orderNo=334E023D, orderDate=2025-01-28, orderStatus=INVALID, orderValidationCode=EMPTY_ORDER, priceTotalInPence=100, pizzasInOrder=[], creditCardInformation={creditCardNumber=4855009996138235, creditCardExpiry=04/25, cvv=775}}
2025-01-16T16:58:23.381Z  WARN 26144 --- [PizzaDrone] [           main] u.a.e.i.p.c.ValidateOrderControllerTest  : Skipping order due to missing 'valid' field: {orderNo=4777DA00, orderDate=2025-01-29, orderStatus=INVALID, orderValidationCode=CARD_NUMBER_INVALID, priceTotalInPence=2400, pizzasInOrder=[{name=R3: Super Cheese, priceInPence=1400}, {name=R3: All Shrooms, priceInPence=900}], creditCardInformation={creditCardNumber=1767, creditCardExpiry=03/25, cvv=802}}
2025-01-16T16:58:23.381Z  WARN 26144 --- [PizzaDrone] [           main] u.a.e.i.p.c.ValidateOrderControllerTest  : Skipping order due to missing 'valid' field: {orderNo=624BB59E, orderDate=2025-01-29, orderStatus=INVALID, orderValidationCode=EXPIRY_DATE_INVALID, priceTotalInPence=2400, pizzasInOrder=[{name=R4: Proper Pizza, priceInPence=1400}, {name=R4: Pineapple & Ham & Cheese, priceInPence=900}], creditCardInformation={creditCardNumber=4018467084485237, creditCardExpiry=03/05, cvv=840}}
2025-01-16T16:58:23.381Z  WARN 26144 --- [PizzaDrone] [           main] u.a.e.i.p.c.ValidateOrderControllerTest  : Skipping order due to missing 'valid' field: {orderNo=4F99EC66, orderDate=2025-01-29, orderStatus=INVALID, orderValidationCode=CVV_INVALID, priceTotalInPence=2400, pizzasInOrder=[{name=R6: Sucuk delight, priceInPence=1400}, {name=R6: Dreams of Syria, priceInPence=900}], creditCardInformation={creditCardNumber=4958222434415257, creditCardExpiry=06/25, cvv=8}}
2025-01-16T16:58:23.382Z  WARN 26144 --- [PizzaDrone] [           main] u.a.e.i.p.c.ValidateOrderControllerTest  : Skipping order due to missing 'valid' field: {orderNo=59E55239, orderDate=2025-01-29, orderStatus=INVALID, orderValidationCode=TOTAL_INCORRECT, priceTotalInPence=3518, pizzasInOrder=[{name=R2: Meat Lover, priceInPence=1400}, {name=R2: Vegan Delight, priceInPence=1100}], creditCardInformation={creditCardNumber=4913325698409033, creditCardExpiry=03/25, cvv=501}}
2025-01-16T16:58:23.382Z  WARN 26144 --- [PizzaDrone] [           main] u.a.e.i.p.c.ValidateOrderControllerTest  : Skipping order due to missing 'valid' field: {orderNo=78535C8A, orderDate=2025-01-29, orderStatus=INVALID, orderValidationCode=PIZZA_NOT_DEFINED, priceTotalInPence=498705280, pizzasInOrder=[{name=R3: Super Cheese, priceInPence=1400}, {name=R3: All Shrooms, priceInPence=900}, {name=Pizza-Surprise , priceInPence=498702880}], creditCardInformation={creditCardNumber=4668566131195302, creditCardExpiry=01/26, cvv=172}}
2025-01-16T16:58:23.382Z  WARN 26144 --- [PizzaDrone] [           main] u.a.e.i.p.c.ValidateOrderControllerTest  : Skipping order due to missing 'valid' field: {orderNo=0A5F1A53, orderDate=2025-01-29, orderStatus=INVALID, orderValidationCode=MAX_PIZZA_COUNT_EXCEEDED, priceTotalInPence=8000, pizzasInOrder=[{name=R4: Proper Pizza, priceInPence=1400}, {name=R4: Pineapple & Ham & Cheese, priceInPence=900}, {name=R4: Proper Pizza, priceInPence=1400}, {name=R4: Proper Pizza, priceInPence=1400}, {name=R4: Proper Pizza, priceInPence=1400}, {name=R4: Proper Pizza, priceInPence=1400}], creditCardInformation={creditCardNumber=4154116730802378, creditCardExpiry=08/25, cvv=158}}
2025-01-16T16:58:23.382Z  WARN 26144 --- [PizzaDrone] [           main] u.a.e.i.p.c.ValidateOrderControllerTest  : Skipping order due to missing 'valid' field: {orderNo=538A1993, orderDate=2025-01-29, orderStatus=INVALID, orderValidationCode=PIZZA_FROM_MULTIPLE_RESTAURANTS, priceTotalInPence=3800, pizzasInOrder=[{name=R3: Super Cheese, priceInPence=1400}, {name=R3: All Shrooms, priceInPence=900}, {name=R2: Meat Lover, priceInPence=1400}], creditCardInformation={creditCardNumber=5483158088972345, creditCardExpiry=01/26, cvv=251}}
2025-01-16T16:58:23.382Z  WARN 26144 --- [PizzaDrone] [           main] u.a.e.i.p.c.ValidateOrderControllerTest  : Skipping order due to missing 'valid' field: {orderNo=2A32B81B, orderDate=2025-01-29, orderStatus=INVALID, orderValidationCode=RESTAURANT_CLOSED, priceTotalInPence=1100, pizzasInOrder=[{name=R1: Margarita, priceInPence=1000}], creditCardInformation={creditCardNumber=4994993147723635, creditCardExpiry=11/25, cvv=101}}
2025-01-16T16:58:23.382Z  WARN 26144 --- [PizzaDrone] [           main] u.a.e.i.p.c.ValidateOrderControllerTest  : Skipping order due to missing 'valid' field: {orderNo=2F5BCB7A, orderDate=2025-01-29, orderStatus=INVALID, orderValidationCode=PRICE_FOR_PIZZA_INVALID, priceTotalInPence=2500, pizzasInOrder=[{name=R6: Dreams of Syria, priceInPence=900}, {name=R6: Sucuk delight, priceInPence=1500}], creditCardInformation={creditCardNumber=4251309110158808, creditCardExpiry=02/25, cvv=772}}
2025-01-16T16:58:23.382Z  WARN 26144 --- [PizzaDrone] [           main] u.a.e.i.p.c.ValidateOrderControllerTest  : Skipping order due to missing 'valid' field: {orderNo=25C25191, orderDate=2025-01-29, orderStatus=INVALID, orderValidationCode=EMPTY_ORDER, priceTotalInPence=100, pizzasInOrder=[], creditCardInformation={creditCardNumber=5385221796731079, creditCardExpiry=02/26, cvv=403}}
2025-01-16T16:58:23.382Z  WARN 26144 --- [PizzaDrone] [           main] u.a.e.i.p.c.ValidateOrderControllerTest  : Skipping order due to missing 'valid' field: {orderNo=75A69280, orderDate=2025-01-30, orderStatus=INVALID, orderValidationCode=CARD_NUMBER_INVALID, priceTotalInPence=2400, pizzasInOrder=[{name=R3: Super Cheese, priceInPence=1400}, {name=R3: All Shrooms, priceInPence=900}], creditCardInformation={creditCardNumber=8856008116614, creditCardExpiry=04/25, cvv=628}}
2025-01-16T16:58:23.382Z  WARN 26144 --- [PizzaDrone] [           main] u.a.e.i.p.c.ValidateOrderControllerTest  : Skipping order due to missing 'valid' field: {orderNo=66B05C67, orderDate=2025-01-30, orderStatus=INVALID, orderValidationCode=EXPIRY_DATE_INVALID, priceTotalInPence=2600, pizzasInOrder=[{name=R2: Meat Lover, priceInPence=1400}, {name=R2: Vegan Delight, priceInPence=1100}], creditCardInformation={creditCardNumber=4955042614724846, creditCardExpiry=04/04, cvv=682}}
2025-01-16T16:58:23.382Z  WARN 26144 --- [PizzaDrone] [           main] u.a.e.i.p.c.ValidateOrderControllerTest  : Skipping order due to missing 'valid' field: {orderNo=03092208, orderDate=2025-01-30, orderStatus=INVALID, orderValidationCode=CVV_INVALID, priceTotalInPence=2600, pizzasInOrder=[{name=R2: Meat Lover, priceInPence=1400}, {name=R2: Vegan Delight, priceInPence=1100}], creditCardInformation={creditCardNumber=4264046251588048, creditCardExpiry=04/25, cvv=20}}
2025-01-16T16:58:23.382Z  WARN 26144 --- [PizzaDrone] [           main] u.a.e.i.p.c.ValidateOrderControllerTest  : Skipping order due to missing 'valid' field: {orderNo=6E7407A6, orderDate=2025-01-30, orderStatus=INVALID, orderValidationCode=TOTAL_INCORRECT, priceTotalInPence=2702, pizzasInOrder=[{name=R7: Hot, hotter, the hottest, priceInPence=1400}, {name=R7: All you ever wanted, priceInPence=900}], creditCardInformation={creditCardNumber=4648647193651047, creditCardExpiry=11/25, cvv=980}}
2025-01-16T16:58:23.382Z  WARN 26144 --- [PizzaDrone] [           main] u.a.e.i.p.c.ValidateOrderControllerTest  : Skipping order due to missing 'valid' field: {orderNo=663AFCA7, orderDate=2025-01-30, orderStatus=INVALID, orderValidationCode=PIZZA_NOT_DEFINED, priceTotalInPence=498705480, pizzasInOrder=[{name=R2: Meat Lover, priceInPence=1400}, {name=R2: Vegan Delight, priceInPence=1100}, {name=Pizza-Surprise , priceInPence=498702880}], creditCardInformation={creditCardNumber=4971314695472714, creditCardExpiry=10/25, cvv=862}}
2025-01-16T16:58:23.382Z  WARN 26144 --- [PizzaDrone] [           main] u.a.e.i.p.c.ValidateOrderControllerTest  : Skipping order due to missing 'valid' field: {orderNo=0E67553C, orderDate=2025-01-30, orderStatus=INVALID, orderValidationCode=MAX_PIZZA_COUNT_EXCEEDED, priceTotalInPence=8200, pizzasInOrder=[{name=R2: Meat Lover, priceInPence=1400}, {name=R2: Vegan Delight, priceInPence=1100}, {name=R2: Meat Lover, priceInPence=1400}, {name=R2: Meat Lover, priceInPence=1400}, {name=R2: Meat Lover, priceInPence=1400}, {name=R2: Meat Lover, priceInPence=1400}], creditCardInformation={creditCardNumber=5445669783106820, creditCardExpiry=10/25, cvv=309}}
2025-01-16T16:58:23.382Z  WARN 26144 --- [PizzaDrone] [           main] u.a.e.i.p.c.ValidateOrderControllerTest  : Skipping order due to missing 'valid' field: {orderNo=06BA005E, orderDate=2025-01-30, orderStatus=INVALID, orderValidationCode=PIZZA_FROM_MULTIPLE_RESTAURANTS, priceTotalInPence=3800, pizzasInOrder=[{name=R7: Hot, hotter, the hottest, priceInPence=1400}, {name=R7: All you ever wanted, priceInPence=900}, {name=R2: Meat Lover, priceInPence=1400}], creditCardInformation={creditCardNumber=2720075660643930, creditCardExpiry=03/26, cvv=652}}
2025-01-16T16:58:23.382Z  WARN 26144 --- [PizzaDrone] [           main] u.a.e.i.p.c.ValidateOrderControllerTest  : Skipping order due to missing 'valid' field: {orderNo=0F6607F4, orderDate=2025-01-30, orderStatus=INVALID, orderValidationCode=RESTAURANT_CLOSED, priceTotalInPence=1100, pizzasInOrder=[{name=R1: Margarita, priceInPence=1000}], creditCardInformation={creditCardNumber=5157619070642381, creditCardExpiry=05/25, cvv=244}}
2025-01-16T16:58:23.382Z  WARN 26144 --- [PizzaDrone] [           main] u.a.e.i.p.c.ValidateOrderControllerTest  : Skipping order due to missing 'valid' field: {orderNo=0AEB0A25, orderDate=2025-01-30, orderStatus=INVALID, orderValidationCode=PRICE_FOR_PIZZA_INVALID, priceTotalInPence=2500, pizzasInOrder=[{name=R7: All you ever wanted, priceInPence=900}, {name=R7: Hot, hotter, the hottest, priceInPence=1500}], creditCardInformation={creditCardNumber=5217096041110871, creditCardExpiry=01/26, cvv=826}}
2025-01-16T16:58:23.382Z  WARN 26144 --- [PizzaDrone] [           main] u.a.e.i.p.c.ValidateOrderControllerTest  : Skipping order due to missing 'valid' field: {orderNo=05E59560, orderDate=2025-01-30, orderStatus=INVALID, orderValidationCode=EMPTY_ORDER, priceTotalInPence=100, pizzasInOrder=[], creditCardInformation={creditCardNumber=4002310204940376, creditCardExpiry=08/25, cvv=473}}
2025-01-16T16:58:23.382Z  WARN 26144 --- [PizzaDrone] [           main] u.a.e.i.p.c.ValidateOrderControllerTest  : Skipping order due to missing 'valid' field: {orderNo=5E8C6BD4, orderDate=2025-01-31, orderStatus=INVALID, orderValidationCode=CARD_NUMBER_INVALID, priceTotalInPence=2400, pizzasInOrder=[{name=R7: Hot, hotter, the hottest, priceInPence=1400}, {name=R7: All you ever wanted, priceInPence=900}], creditCardInformation={creditCardNumber=9766116, creditCardExpiry=09/25, cvv=642}}
2025-01-16T16:58:23.382Z  WARN 26144 --- [PizzaDrone] [           main] u.a.e.i.p.c.ValidateOrderControllerTest  : Skipping order due to missing 'valid' field: {orderNo=53280280, orderDate=2025-01-31, orderStatus=INVALID, orderValidationCode=EXPIRY_DATE_INVALID, priceTotalInPence=2600, pizzasInOrder=[{name=R2: Meat Lover, priceInPence=1400}, {name=R2: Vegan Delight, priceInPence=1100}], creditCardInformation={creditCardNumber=5512452628348206, creditCardExpiry=06/05, cvv=299}}
2025-01-16T16:58:23.382Z  WARN 26144 --- [PizzaDrone] [           main] u.a.e.i.p.c.ValidateOrderControllerTest  : Skipping order due to missing 'valid' field: {orderNo=68008C5E, orderDate=2025-01-31, orderStatus=INVALID, orderValidationCode=CVV_INVALID, priceTotalInPence=2400, pizzasInOrder=[{name=R7: Hot, hotter, the hottest, priceInPence=1400}, {name=R7: All you ever wanted, priceInPence=900}], creditCardInformation={creditCardNumber=4793721131837308, creditCardExpiry=06/25, cvv=63}}
2025-01-16T16:58:23.382Z  WARN 26144 --- [PizzaDrone] [           main] u.a.e.i.p.c.ValidateOrderControllerTest  : Skipping order due to missing 'valid' field: {orderNo=3324A73A, orderDate=2025-01-31, orderStatus=INVALID, orderValidationCode=TOTAL_INCORRECT, priceTotalInPence=2305, pizzasInOrder=[{name=R7: Hot, hotter, the hottest, priceInPence=1400}, {name=R7: All you ever wanted, priceInPence=900}], creditCardInformation={creditCardNumber=2720197120064281, creditCardExpiry=03/26, cvv=311}}
2025-01-16T16:58:23.382Z  WARN 26144 --- [PizzaDrone] [           main] u.a.e.i.p.c.ValidateOrderControllerTest  : Skipping order due to missing 'valid' field: {orderNo=3A5ACB3F, orderDate=2025-01-31, orderStatus=INVALID, orderValidationCode=PIZZA_NOT_DEFINED, priceTotalInPence=498705280, pizzasInOrder=[{name=R7: Hot, hotter, the hottest, priceInPence=1400}, {name=R7: All you ever wanted, priceInPence=900}, {name=Pizza-Surprise , priceInPence=498702880}], creditCardInformation={creditCardNumber=2221977999338583, creditCardExpiry=08/25, cvv=561}}
2025-01-16T16:58:23.382Z  WARN 26144 --- [PizzaDrone] [           main] u.a.e.i.p.c.ValidateOrderControllerTest  : Skipping order due to missing 'valid' field: {orderNo=7CABFB3D, orderDate=2025-01-31, orderStatus=INVALID, orderValidationCode=MAX_PIZZA_COUNT_EXCEEDED, priceTotalInPence=8000, pizzasInOrder=[{name=R7: Hot, hotter, the hottest, priceInPence=1400}, {name=R7: All you ever wanted, priceInPence=900}, {name=R7: Hot, hotter, the hottest, priceInPence=1400}, {name=R7: Hot, hotter, the hottest, priceInPence=1400}, {name=R7: Hot, hotter, the hottest, priceInPence=1400}, {name=R7: Hot, hotter, the hottest, priceInPence=1400}], creditCardInformation={creditCardNumber=4391221656089738, creditCardExpiry=07/25, cvv=081}}
[...]
2025-01-16T16:58:23.400Z  WARN 26144 --- [PizzaDrone] [           main] u.a.e.i.p.c.ValidateOrderControllerTest  : Skipping order due to missing 'valid' field: {orderNo=7D4A6C06, orderDate=2025-02-10, orderStatus=VALID, orderValidationCode=NO_ERROR, priceTotalInPence=2500, pizzasInOrder=[{name=R1: Margarita, priceInPence=1000}, {name=R1: Calzone, priceInPence=1400}], creditCardInformation={creditCardNumber=4035840325267102, creditCardExpiry=08/25, cvv=140}}
2025-01-16T16:58:23.400Z  WARN 26144 --- [PizzaDrone] [           main] u.a.e.i.p.c.ValidateOrderControllerTest  : Skipping order due to missing 'valid' field: {orderNo=6E27BD7D, orderDate=2025-02-10, orderStatus=VALID, orderValidationCode=NO_ERROR, priceTotalInPence=2600, pizzasInOrder=[{name=R2: Meat Lover, priceInPence=1400}, {name=R2: Vegan Delight, priceInPence=1100}], creditCardInformation={creditCardNumber=2221240356085267, creditCardExpiry=03/26, cvv=738}}
2025-01-16T16:58:23.400Z  WARN 26144 --- [PizzaDrone] [           main] u.a.e.i.p.c.ValidateOrderControllerTest  : Skipping order due to missing 'valid' field: {orderNo=60752134, orderDate=2025-02-11, orderStatus=VALID, orderValidationCode=NO_ERROR, priceTotalInPence=2500, pizzasInOrder=[{name=R1: Margarita, priceInPence=1000}, {name=R1: Calzone, priceInPence=1400}], creditCardInformation={creditCardNumber=5143004835065128, creditCardExpiry=02/26, cvv=306}}
2025-01-16T16:58:23.400Z  WARN 26144 --- [PizzaDrone] [           main] u.a.e.i.p.c.ValidateOrderControllerTest  : Skipping order due to missing 'valid' field: {orderNo=31F8DC70, orderDate=2025-02-11, orderStatus=VALID, orderValidationCode=NO_ERROR, priceTotalInPence=2600, pizzasInOrder=[{name=R2: Meat Lover, priceInPence=1400}, {name=R2: Vegan Delight, priceInPence=1100}], creditCardInformation={creditCardNumber=4204626626264483, creditCardExpiry=08/25, cvv=622}}
2025-01-16T16:58:23.400Z  WARN 26144 --- [PizzaDrone] [           main] u.a.e.i.p.c.ValidateOrderControllerTest  : Skipping order due to missing 'valid' field: {orderNo=2C2DA78E, orderDate=2025-02-11, orderStatus=VALID, orderValidationCode=NO_ERROR, priceTotalInPence=2400, pizzasInOrder=[{name=R4: Proper Pizza, priceInPence=1400}, {name=R4: Pineapple & Ham & Cheese, priceInPence=900}], creditCardInformation={creditCardNumber=4584985113167736, creditCardExpiry=09/25, cvv=128}}
2025-01-16T16:58:23.400Z  WARN 26144 --- [PizzaDrone] [           main] u.a.e.i.p.c.ValidateOrderControllerTest  : Skipping order due to missing 'valid' field: {orderNo=774C9B13, orderDate=2025-02-11, orderStatus=VALID, orderValidationCode=NO_ERROR, priceTotalInPence=2400, pizzasInOrder=[{name=R6: Sucuk delight, priceInPence=1400}, {name=R6: Dreams of Syria, priceInPence=900}], creditCardInformation={creditCardNumber=4364537322120786, creditCardExpiry=06/25, cvv=926}}
2025-01-16T16:58:23.400Z  WARN 26144 --- [PizzaDrone] [           main] u.a.e.i.p.c.ValidateOrderControllerTest  : Skipping order due to missing 'valid' field: {orderNo=1FB6F2F9, orderDate=2025-02-11, orderStatus=VALID, orderValidationCode=NO_ERROR, priceTotalInPence=2400, pizzasInOrder=[{name=R7: Hot, hotter, the hottest, priceInPence=1400}, {name=R7: All you ever wanted, priceInPence=900}], creditCardInformation={creditCardNumber=5335602032941252, creditCardExpiry=03/25, cvv=516}}
2025-01-16T16:58:23.400Z  WARN 26144 --- [PizzaDrone] [           main] u.a.e.i.p.c.ValidateOrderControllerTest  : Skipping order due to missing 'valid' field: {orderNo=3B883793, orderDate=2025-02-11, orderStatus=VALID, orderValidationCode=NO_ERROR, priceTotalInPence=2500, pizzasInOrder=[{name=R1: Margarita, priceInPence=1000}, {name=R1: Calzone, priceInPence=1400}], creditCardInformation={creditCardNumber=4202229701653704, creditCardExpiry=09/25, cvv=409}}
2025-01-16T16:58:23.400Z  WARN 26144 --- [PizzaDrone] [           main] u.a.e.i.p.c.ValidateOrderControllerTest  : Skipping order due to missing 'valid' field: {orderNo=3E0F5ACE, orderDate=2025-02-11, orderStatus=VALID, orderValidationCode=NO_ERROR, priceTotalInPence=2600, pizzasInOrder=[{name=R2: Meat Lover, priceInPence=1400}, {name=R2: Vegan Delight, priceInPence=1100}], creditCardInformation={creditCardNumber=4777709102738019, creditCardExpiry=04/26, cvv=339}}
2025-01-16T16:58:23.400Z  WARN 26144 --- [PizzaDrone] [           main] u.a.e.i.p.c.ValidateOrderControllerTest  : Skipping order due to missing 'valid' field: {orderNo=31EF2B4E, orderDate=2025-02-11, orderStatus=VALID, orderValidationCode=NO_ERROR, priceTotalInPence=2400, pizzasInOrder=[{name=R4: Proper Pizza, priceInPence=1400}, {name=R4: Pineapple & Ham & Cheese, priceInPence=900}], creditCardInformation={creditCardNumber=5492963960374430, creditCardExpiry=07/25, cvv=058}}
2025-01-16T16:58:23.400Z  WARN 26144 --- [PizzaDrone] [           main] u.a.e.i.p.c.ValidateOrderControllerTest  : Skipping order due to missing 'valid' field: {orderNo=414AF3C9, orderDate=2025-02-11, orderStatus=VALID, orderValidationCode=NO_ERROR, priceTotalInPence=2400, pizzasInOrder=[{name=R6: Sucuk delight, priceInPence=1400}, {name=R6: Dreams of Syria, priceInPence=900}], creditCardInformation={creditCardNumber=5370261341664182, creditCardExpiry=06/25, cvv=591}}
2025-01-16T16:58:23.400Z  WARN 26144 --- [PizzaDrone] [           main] u.a.e.i.p.c.ValidateOrderControllerTest  : Skipping order due to missing 'valid' field: {orderNo=70994239, orderDate=2025-02-11, orderStatus=VALID, orderValidationCode=NO_ERROR, priceTotalInPence=2400, pizzasInOrder=[{name=R7: Hot, hotter, the hottest, priceInPence=1400}, {name=R7: All you ever wanted, priceInPence=900}], creditCardInformation={creditCardNumber=5246141806993478, creditCardExpiry=11/25, cvv=704}}
2025-01-16T16:58:23.400Z  WARN 26144 --- [PizzaDrone] [           main] u.a.e.i.p.c.ValidateOrderControllerTest  : Skipping order due to missing 'valid' field: {orderNo=1F5698B2, orderDate=2025-02-12, orderStatus=VALID, orderValidationCode=NO_ERROR, priceTotalInPence=2600, pizzasInOrder=[{name=R2: Meat Lover, priceInPence=1400}, {name=R2: Vegan Delight, priceInPence=1100}], creditCardInformation={creditCardNumber=4906037631981213, creditCardExpiry=08/25, cvv=992}}
2025-01-16T16:58:23.400Z  WARN 26144 --- [PizzaDrone] [           main] u.a.e.i.p.c.ValidateOrderControllerTest  : Skipping order due to missing 'valid' field: {orderNo=4CE4CB25, orderDate=2025-02-12, orderStatus=VALID, orderValidationCode=NO_ERROR, priceTotalInPence=2400, pizzasInOrder=[{name=R3: Super Cheese, priceInPence=1400}, {name=R3: All Shrooms, priceInPence=900}], creditCardInformation={creditCardNumber=4310620108167380, creditCardExpiry=07/25, cvv=520}}
2025-01-16T16:58:23.400Z  WARN 26144 --- [PizzaDrone] [           main] u.a.e.i.p.c.ValidateOrderControllerTest  : Skipping order due to missing 'valid' field: {orderNo=2ED47D92, orderDate=2025-02-12, orderStatus=VALID, orderValidationCode=NO_ERROR, priceTotalInPence=2400, pizzasInOrder=[{name=R4: Proper Pizza, priceInPence=1400}, {name=R4: Pineapple & Ham & Cheese, priceInPence=900}], creditCardInformation={creditCardNumber=4027244663189269, creditCardExpiry=02/26, cvv=580}}
2025-01-16T16:58:23.400Z  WARN 26144 --- [PizzaDrone] [           main] u.a.e.i.p.c.ValidateOrderControllerTest  : Skipping order due to missing 'valid' field: {orderNo=247423E3, orderDate=2025-02-12, orderStatus=VALID, orderValidationCode=NO_ERROR, priceTotalInPence=2400, pizzasInOrder=[{name=R6: Sucuk delight, priceInPence=1400}, {name=R6: Dreams of Syria, priceInPence=900}], creditCardInformation={creditCardNumber=4932888886658965, creditCardExpiry=03/26, cvv=752}}
2025-01-16T16:58:23.400Z  WARN 26144 --- [PizzaDrone] [           main] u.a.e.i.p.c.ValidateOrderControllerTest  : Skipping order due to missing 'valid' field: {orderNo=153021D4, orderDate=2025-02-12, orderStatus=VALID, orderValidationCode=NO_ERROR, priceTotalInPence=2600, pizzasInOrder=[{name=R2: Meat Lover, priceInPence=1400}, {name=R2: Vegan Delight, priceInPence=1100}], creditCardInformation={creditCardNumber=5496761945750906, creditCardExpiry=08/25, cvv=374}}
2025-01-16T16:58:23.400Z  WARN 26144 --- [PizzaDrone] [           main] u.a.e.i.p.c.ValidateOrderControllerTest  : Skipping order due to missing 'valid' field: {orderNo=58EA9637, orderDate=2025-02-12, orderStatus=VALID, orderValidationCode=NO_ERROR, priceTotalInPence=2400, pizzasInOrder=[{name=R3: Super Cheese, priceInPence=1400}, {name=R3: All Shrooms, priceInPence=900}], creditCardInformation={creditCardNumber=4529300074466606, creditCardExpiry=02/26, cvv=295}}
2025-01-16T16:58:23.400Z  WARN 26144 --- [PizzaDrone] [           main] u.a.e.i.p.c.ValidateOrderControllerTest  : Skipping order due to missing 'valid' field: {orderNo=56027A05, orderDate=2025-02-12, orderStatus=VALID, orderValidationCode=NO_ERROR, priceTotalInPence=2400, pizzasInOrder=[{name=R4: Proper Pizza, priceInPence=1400}, {name=R4: Pineapple & Ham & Cheese, priceInPence=900}], creditCardInformation={creditCardNumber=5277236960348048, creditCardExpiry=08/25, cvv=381}}
2025-01-16T16:58:23.400Z  WARN 26144 --- [PizzaDrone] [           main] u.a.e.i.p.c.ValidateOrderControllerTest  : Skipping order due to missing 'valid' field: {orderNo=198C78EB, orderDate=2025-02-12, orderStatus=VALID, orderValidationCode=NO_ERROR, priceTotalInPence=2400, pizzasInOrder=[{name=R6: Sucuk delight, priceInPence=1400}, {name=R6: Dreams of Syria, priceInPence=900}], creditCardInformation={creditCardNumber=2221990839676252, creditCardExpiry=05/25, cvv=891}}
2025-01-16T16:58:23.400Z  WARN 26144 --- [PizzaDrone] [           main] u.a.e.i.p.c.ValidateOrderControllerTest  : Skipping order due to missing 'valid' field: {orderNo=75357DBF, orderDate=2025-02-12, orderStatus=VALID, orderValidationCode=NO_ERROR, priceTotalInPence=2600, pizzasInOrder=[{name=R2: Meat Lover, priceInPence=1400}, {name=R2: Vegan Delight, priceInPence=1100}], creditCardInformation={creditCardNumber=4686501992652743, creditCardExpiry=07/25, cvv=860}}
2025-01-16T16:58:23.400Z  WARN 26144 --- [PizzaDrone] [           main] u.a.e.i.p.c.ValidateOrderControllerTest  : Skipping order due to missing 'valid' field: {orderNo=0787FF43, orderDate=2025-02-12, orderStatus=VALID, orderValidationCode=NO_ERROR, priceTotalInPence=2400, pizzasInOrder=[{name=R3: Super Cheese, priceInPence=1400}, {name=R3: All Shrooms, priceInPence=900}], creditCardInformation={creditCardNumber=4885454286082707, creditCardExpiry=11/25, cvv=684}}
2025-01-16T16:58:23.400Z  WARN 26144 --- [PizzaDrone] [           main] u.a.e.i.p.c.ValidateOrderControllerTest  : Skipping order due to missing 'valid' field: {orderNo=53341656, orderDate=2025-02-13, orderStatus=VALID, orderValidationCode=NO_ERROR, priceTotalInPence=2600, pizzasInOrder=[{name=R2: Meat Lover, priceInPence=1400}, {name=R2: Vegan Delight, priceInPence=1100}], creditCardInformation={creditCardNumber=5142052915453699, creditCardExpiry=07/25, cvv=744}}
2025-01-16T16:58:23.401Z  WARN 26144 --- [PizzaDrone] [           main] u.a.e.i.p.c.ValidateOrderControllerTest  : Skipping order due to missing 'valid' field: {orderNo=07BEDA12, orderDate=2025-02-13, orderStatus=VALID, orderValidationCode=NO_ERROR, priceTotalInPence=2400, pizzasInOrder=[{name=R3: Super Cheese, priceInPence=1400}, {name=R3: All Shrooms, priceInPence=900}], creditCardInformation={creditCardNumber=4944120327134034, creditCardExpiry=01/26, cvv=158}}
2025-01-16T16:58:23.401Z  WARN 26144 --- [PizzaDrone] [           main] u.a.e.i.p.c.ValidateOrderControllerTest  : Skipping order due to missing 'valid' field: {orderNo=6452EBEB, orderDate=2025-02-13, orderStatus=VALID, orderValidationCode=NO_ERROR, priceTotalInPence=2400, pizzasInOrder=[{name=R5: Pizza Dream, priceInPence=1400}, {name=R5: My kind of pizza, priceInPence=900}], creditCardInformation={creditCardNumber=4981014613372263, creditCardExpiry=04/26, cvv=251}}
2025-01-16T16:58:23.401Z  WARN 26144 --- [PizzaDrone] [           main] u.a.e.i.p.c.ValidateOrderControllerTest  : Skipping order due to missing 'valid' field: {orderNo=10B799F5, orderDate=2025-02-13, orderStatus=VALID, orderValidationCode=NO_ERROR, priceTotalInPence=2400, pizzasInOrder=[{name=R7: Hot, hotter, the hottest, priceInPence=1400}, {name=R7: All you ever wanted, priceInPence=900}], creditCardInformation={creditCardNumber=2720439046430059, creditCardExpiry=10/25, cvv=839}}
2025-01-16T16:58:23.401Z  WARN 26144 --- [PizzaDrone] [           main] u.a.e.i.p.c.ValidateOrderControllerTest  : Skipping order due to missing 'valid' field: {orderNo=27D6364B, orderDate=2025-02-13, orderStatus=VALID, orderValidationCode=NO_ERROR, priceTotalInPence=2600, pizzasInOrder=[{name=R2: Meat Lover, priceInPence=1400}, {name=R2: Vegan Delight, priceInPence=1100}], creditCardInformation={creditCardNumber=5203196173852419, creditCardExpiry=02/26, cvv=037}}
2025-01-16T16:58:23.401Z  WARN 26144 --- [PizzaDrone] [           main] u.a.e.i.p.c.ValidateOrderControllerTest  : Skipping order due to missing 'valid' field: {orderNo=1B9C8D0A, orderDate=2025-02-13, orderStatus=VALID, orderValidationCode=NO_ERROR, priceTotalInPence=2400, pizzasInOrder=[{name=R3: Super Cheese, priceInPence=1400}, {name=R3: All Shrooms, priceInPence=900}], creditCardInformation={creditCardNumber=2221627631226601, creditCardExpiry=01/26, cvv=303}}
2025-01-16T16:58:23.401Z  WARN 26144 --- [PizzaDrone] [           main] u.a.e.i.p.c.ValidateOrderControllerTest  : Skipping order due to missing 'valid' field: {orderNo=01049DDF, orderDate=2025-02-13, orderStatus=VALID, orderValidationCode=NO_ERROR, priceTotalInPence=2400, pizzasInOrder=[{name=R5: Pizza Dream, priceInPence=1400}, {name=R5: My kind of pizza, priceInPence=900}], creditCardInformation={creditCardNumber=5447670941227472, creditCardExpiry=11/25, cvv=960}}
2025-01-16T16:58:23.401Z  WARN 26144 --- [PizzaDrone] [           main] u.a.e.i.p.c.ValidateOrderControllerTest  : Skipping order due to missing 'valid' field: {orderNo=3755130A, orderDate=2025-02-13, orderStatus=VALID, orderValidationCode=NO_ERROR, priceTotalInPence=2400, pizzasInOrder=[{name=R7: Hot, hotter, the hottest, priceInPence=1400}, {name=R7: All you ever wanted, priceInPence=900}], creditCardInformation={creditCardNumber=2221795399697527, creditCardExpiry=06/25, cvv=110}}
2025-01-16T16:58:23.401Z  WARN 26144 --- [PizzaDrone] [           main] u.a.e.i.p.c.ValidateOrderControllerTest  : Skipping order due to missing 'valid' field: {orderNo=1EF62C9B, orderDate=2025-02-13, orderStatus=VALID, orderValidationCode=NO_ERROR, priceTotalInPence=2600, pizzasInOrder=[{name=R2: Meat Lover, priceInPence=1400}, {name=R2: Vegan Delight, priceInPence=1100}], creditCardInformation={creditCardNumber=4729731690179322, creditCardExpiry=05/25, cvv=505}}
2025-01-16T16:58:23.401Z  WARN 26144 --- [PizzaDrone] [           main] u.a.e.i.p.c.ValidateOrderControllerTest  : Skipping order due to missing 'valid' field: {orderNo=222D96CD, orderDate=2025-02-13, orderStatus=VALID, orderValidationCode=NO_ERROR, priceTotalInPence=2400, pizzasInOrder=[{name=R3: Super Cheese, priceInPence=1400}, {name=R3: All Shrooms, priceInPence=900}], creditCardInformation={creditCardNumber=4289798281664592, creditCardExpiry=02/26, cvv=111}}
2025-01-16T16:58:23.401Z  WARN 26144 --- [PizzaDrone] [           main] u.a.e.i.p.c.ValidateOrderControllerTest  : Skipping order due to missing 'valid' field: {orderNo=52C86806, orderDate=2025-02-14, orderStatus=VALID, orderValidationCode=NO_ERROR, priceTotalInPence=2500, pizzasInOrder=[{name=R1: Margarita, priceInPence=1000}, {name=R1: Calzone, priceInPence=1400}], creditCardInformation={creditCardNumber=5480192100610230, creditCardExpiry=04/25, cvv=636}}
2025-01-16T16:58:23.401Z  WARN 26144 --- [PizzaDrone] [           main] u.a.e.i.p.c.ValidateOrderControllerTest  : Skipping order due to missing 'valid' field: {orderNo=19B4BDED, orderDate=2025-02-14, orderStatus=VALID, orderValidationCode=NO_ERROR, priceTotalInPence=2600, pizzasInOrder=[{name=R2: Meat Lover, priceInPence=1400}, {name=R2: Vegan Delight, priceInPence=1100}], creditCardInformation={creditCardNumber=4946290514866645, creditCardExpiry=12/25, cvv=568}}
2025-01-16T16:58:23.401Z  WARN 26144 --- [PizzaDrone] [           main] u.a.e.i.p.c.ValidateOrderControllerTest  : Skipping order due to missing 'valid' field: {orderNo=60C500AF, orderDate=2025-02-14, orderStatus=VALID, orderValidationCode=NO_ERROR, priceTotalInPence=2400, pizzasInOrder=[{name=R3: Super Cheese, priceInPence=1400}, {name=R3: All Shrooms, priceInPence=900}], creditCardInformation={creditCardNumber=5247893262619612, creditCardExpiry=03/25, cvv=600}}
2025-01-16T16:58:23.401Z  WARN 26144 --- [PizzaDrone] [           main] u.a.e.i.p.c.ValidateOrderControllerTest  : Skipping order due to missing 'valid' field: {orderNo=106922A8, orderDate=2025-02-14, orderStatus=VALID, orderValidationCode=NO_ERROR, priceTotalInPence=2400, pizzasInOrder=[{name=R7: Hot, hotter, the hottest, priceInPence=1400}, {name=R7: All you ever wanted, priceInPence=900}], creditCardInformation={creditCardNumber=2221334687297103, creditCardExpiry=02/26, cvv=003}}
2025-01-16T16:58:23.401Z  WARN 26144 --- [PizzaDrone] [           main] u.a.e.i.p.c.ValidateOrderControllerTest  : Skipping order due to missing 'valid' field: {orderNo=09F1C778, orderDate=2025-02-14, orderStatus=VALID, orderValidationCode=NO_ERROR, priceTotalInPence=2500, pizzasInOrder=[{name=R1: Margarita, priceInPence=1000}, {name=R1: Calzone, priceInPence=1400}], creditCardInformation={creditCardNumber=2720066349400321, creditCardExpiry=03/25, cvv=604}}
2025-01-16T16:58:23.401Z  WARN 26144 --- [PizzaDrone] [           main] u.a.e.i.p.c.ValidateOrderControllerTest  : Skipping order due to missing 'valid' field: {orderNo=0153F928, orderDate=2025-02-14, orderStatus=VALID, orderValidationCode=NO_ERROR, priceTotalInPence=2600, pizzasInOrder=[{name=R2: Meat Lover, priceInPence=1400}, {name=R2: Vegan Delight, priceInPence=1100}], creditCardInformation={creditCardNumber=5335405466487770, creditCardExpiry=04/25, cvv=736}}
2025-01-16T16:58:23.401Z  WARN 26144 --- [PizzaDrone] [           main] u.a.e.i.p.c.ValidateOrderControllerTest  : Skipping order due to missing 'valid' field: {orderNo=2414BDAB, orderDate=2025-02-14, orderStatus=VALID, orderValidationCode=NO_ERROR, priceTotalInPence=2400, pizzasInOrder=[{name=R3: Super Cheese, priceInPence=1400}, {name=R3: All Shrooms, priceInPence=900}], creditCardInformation={creditCardNumber=5198435232034321, creditCardExpiry=01/26, cvv=342}}
2025-01-16T16:58:23.401Z  WARN 26144 --- [PizzaDrone] [           main] u.a.e.i.p.c.ValidateOrderControllerTest  : Skipping order due to missing 'valid' field: {orderNo=50F62347, orderDate=2025-02-14, orderStatus=VALID, orderValidationCode=NO_ERROR, priceTotalInPence=2400, pizzasInOrder=[{name=R7: Hot, hotter, the hottest, priceInPence=1400}, {name=R7: All you ever wanted, priceInPence=900}], creditCardInformation={creditCardNumber=5516090689943626, creditCardExpiry=03/25, cvv=594}}
2025-01-16T16:58:23.401Z  WARN 26144 --- [PizzaDrone] [           main] u.a.e.i.p.c.ValidateOrderControllerTest  : Skipping order due to missing 'valid' field: {orderNo=4F96D11B, orderDate=2025-02-14, orderStatus=VALID, orderValidationCode=NO_ERROR, priceTotalInPence=2500, pizzasInOrder=[{name=R1: Margarita, priceInPence=1000}, {name=R1: Calzone, priceInPence=1400}], creditCardInformation={creditCardNumber=5333492834226132, creditCardExpiry=03/26, cvv=675}}
2025-01-16T16:58:23.401Z  WARN 26144 --- [PizzaDrone] [           main] u.a.e.i.p.c.ValidateOrderControllerTest  : Skipping order due to missing 'valid' field: {orderNo=0E2497DB, orderDate=2025-02-14, orderStatus=VALID, orderValidationCode=NO_ERROR, priceTotalInPence=2600, pizzasInOrder=[{name=R2: Meat Lover, priceInPence=1400}, {name=R2: Vegan Delight, priceInPence=1100}], creditCardInformation={creditCardNumber=4084287391355231, creditCardExpiry=06/25, cvv=058}}
]]></system-out>
  </testcase>
</testsuite>