<?xml version="1.0" encoding="UTF-8"?>
<testsuite xmlns:xsi="http://www.w3.org/2001/XMLSchema-instance" xsi:noNamespaceSchemaLocation="https://maven.apache.org/surefire/maven-surefire-plugin/xsd/surefire-test-report-3.0.xsd" version="3.0" name="uk.ac.ed.inf.pizzadrone.controllerUnitTest.NextPositionControllerTest" time="0.114" tests="2" errors="0" skipped="0" failures="0">
  <properties>
[...]
</properties>
  <testcase name="testNextPosition_ValidRequest" classname="uk.ac.ed.inf.pizzadrone.controllerUnitTest.NextPositionControllerTest" time="0.07">
    <system-out><![CDATA[2025-01-16T16:58:23.013Z  INFO 26144 --- [PizzaDrone] [           main] t.c.s.AnnotationConfigContextLoaderUtils : Could not detect default configuration classes for test class [uk.ac.ed.inf.pizzadrone.controllerUnitTest.NextPositionControllerTest]: NextPositionControllerTest does not declare any static, non-private, non-final, nested classes annotated with @Configuration.
2025-01-16T16:58:23.031Z  INFO 26144 --- [PizzaDrone] [           main] .b.t.c.SpringBootTestContextBootstrapper : Found @SpringBootConfiguration uk.ac.ed.inf.pizzadrone.PizzaDroneApplication for test class uk.ac.ed.inf.pizzadrone.controllerUnitTest.NextPositionControllerTest
]]></system-out>
  </testcase>
  <testcase name="testNextPosition_InvalidRequest" classname="uk.ac.ed.inf.pizzadrone.controllerUnitTest.NextPositionControllerTest" time="0.009"/>
</testsuite>